number,value,datetime_start,datetime_complete,duration,params_algo.apex.apex_lookahead_weight,params_algo.apex.apex_switch_hysteresis_factor,params_algo.apex.apex_switch_threshold_rad,params_algo.apex.lookahead_sensitivity,params_algo.apex.max_lookahead_m,params_algo.apex.max_opposite_dist_error_m,params_algo.apex.median_window,params_algo.apex.min_forward_m,params_algo.apex.min_lookahead_m,params_algo.apex.min_points,params_algo.apex.min_range_jump_m,params_algo.apex.side_lookahead_center_deg,params_algo.apex.side_lookahead_fov_deg,params_algo.apex.wall_clearance_m,user_attrs_apex_stability_product,user_attrs_avg_speed_ms,user_attrs_completed_laps,user_attrs_crashed,user_attrs_error,user_attrs_heading_rms_rad,user_attrs_lap_time_s,user_attrs_lateral_rms_m,user_attrs_max_speed_ms,user_attrs_off_track_count,user_attrs_progress_m,user_attrs_progress_ratio,user_attrs_score,user_attrs_seeded_baseline,user_attrs_status,user_attrs_steering_rate_rms,user_attrs_throttle_rate_rms,user_attrs_ticks,user_attrs_unavailable_fraction,system_attrs_fixed_params,state
34,1631.3504287323274,2026-07-01 13:00:47.502206,2026-07-01 13:00:47.869390,0 days 00:00:00.367184,0.2594524765384182,9.80861388239074,0.6714843472648768,4.6121973283256885,4.283664088906649,0.12491128004702653,4,0.1829257241427923,0.1340793986471927,128,0.1793747845684373,103.59079493299657,53.16955998986617,0.3415500949354924,6.586330690390355,0.3030841648578644,0,True,,0.7987697720527649,0.0,0.1900383085012436,0.9808586239814758,1,0.3382638394832611,0.003501768223941326,1631.3504287323274,,crashed,5.125437259674072,17.912153244018555,248,0.0,,COMPLETE
35,1499.0374770261851,2026-07-01 13:00:47.882079,2026-07-01 13:00:50.020375,0 days 00:00:02.138296,0.856547858372522,4.81162986584436,0.31173772906080194,5.998989312115334,4.683874093028994,0.08982513435359565,5,0.11666657255912508,0.4863137813904791,14,0.12214890481127011,115.14853820805106,54.44789653489966,0.33999522956307177,1.4999665674594518,0.9913355708122253,0,True,,0.42334505915641785,0.0,0.15965747833251953,1.9087024927139282,1,11.145672798156738,0.11538201570510864,1499.0374770261851,,crashed,36.617271423339844,24.835580825805664,1353,0.0,,COMPLETE
36,1479.8596966109,2026-07-01 13:00:50.035152,2026-07-01 13:00:52.747186,0 days 00:00:02.712034,0.8593435679780962,1.0156937415292666,0.4817896621913246,6.062531313542438,5.1726769417987075,0.06996759652020265,5,0.08609867004211018,0.43801849281726396,6,0.12185133469312681,131.23425870380612,91.79352233314776,0.2843601868522235,0.4893507446212279,0.8087404370307922,0,True,,0.5255181193351746,0.0,0.21437649428844452,1.903498649597168,1,13.46794605255127,0.13942261040210724,1479.8596966109,,crashed,55.596649169921875,27.643226623535156,1738,0.0,,COMPLETE
37,1500.3877991283036,2026-07-01 13:00:52.762529,2026-07-01 13:00:54.276982,0 days 00:00:01.514453,0.84590769252419,1.0227540269614488,0.5459508760373522,5.911866102760221,5.380109174160174,0.06479953287361191,5,0.09305170951120473,0.4056881038557817,4,0.0722731815407557,134.6547830801149,61.76940146600577,0.293611840174035,0.5583734569903327,1.144708275794983,0,True,,0.38112175464630127,0.0,0.14279617369174957,1.8922098875045776,1,10.173584938049316,0.10531879216432571,1500.3877991283036,,crashed,17.358898162841797,22.972305297851562,873,0.0,,COMPLETE
38,1637.63811729159,2026-07-01 13:00:54.287826,2026-07-01 13:00:54.542169,0 days 00:00:00.254343,0.8338346987501966,1.8575970191335347,0.8183056071076548,6.207005651171866,1.3002385644985628,0.06354749688128958,5,0.08134753699177133,0.42915757528692744,5,0.07294183077095918,134.24114303335298,92.40953981056647,0.29497904011628234,1.520082056503437,0.22537557780742645,0,True,,0.528939425945282,0.0,0.1971563845872879,0.3782084882259369,1,0.10565185546875,0.001093727070838213,1637.63811729159,,crashed,36.16828536987305,21.1782283782959,146,0.0,,COMPLETE
39,1536.0535659398386,2026-07-01 13:00:54.554449,2026-07-01 13:00:55.370666,0 days 00:00:00.816217,0.8703489874905246,1.0906088629850785,0.5402289394564885,5.569507851193896,4.866284675204152,0.022232103823320304,6,0.07467734668296797,0.7934060284022798,14,0.12556985000014173,128.89992947033696,68.53556789119519,0.39992772721137576,0.5891784694122758,1.317842960357666,0,True,,0.26455947756767273,0.0,0.08477738499641418,1.9203389883041382,1,6.38917875289917,0.06614193320274353,1536.0535659398386,,crashed,10.315560340881348,23.841215133666992,506,0.0,,COMPLETE
40,1509.068247812558,2026-07-01 13:00:55.380647,2026-07-01 13:00:56.890546,0 days 00:00:01.509899,0.6875915061064245,2.2491103552717417,1.0003554976252564,6.738089421987068,5.312710701523761,0.06237551484644175,5,0.25705923330811736,0.35968713423684007,17,0.0640871830378487,113.7616048286246,45.18848116702386,0.2941760461843223,2.2499099086619805,1.0150226354599,0,True,,0.41065216064453125,0.0,0.1449173241853714,1.894245982170105,1,9.374484062194824,0.09704635292291641,1509.068247812558,,crashed,17.494291305541992,22.451257705688477,896,0.0,,COMPLETE
41,1524.6041712882277,2026-07-01 13:00:56.900852,2026-07-01 13:00:59.916428,0 days 00:00:03.015576,0.9453969675913396,1.5441276007773534,0.6673824411839052,6.806433618773588,5.174467294300108,0.06444825130676239,5,0.2467574675127729,0.3489972699693833,18,0.08464350483658126,113.99780029782643,46.59731356238403,0.3069595688562218,1.0305236477062367,0.6168834567070007,0,True,,0.4559636116027832,0.0,0.17918841540813446,1.8489160537719727,1,9.650965690612793,0.09990853071212769,1524.6041712882277,,crashed,46.64996337890625,22.757408142089844,2038,0.0,,COMPLETE
42,1553.7203276327994,2026-07-01 13:00:59.927379,2026-07-01 13:01:04.191963,0 days 00:00:04.264584,0.9488551233196852,1.5541796454444268,1.1143746221854778,7.0726750715479145,5.474642590513179,0.058057868430769766,5,0.22240735626502672,0.4727061742293321,19,0.06747328438690965,113.10045935651728,46.57130411519834,0.2929258919005831,1.731938355200493,0.44401100277900696,0,True,,0.5481518507003784,0.0,0.18687193095684052,1.1331502199172974,1,7.442636966705322,0.07704752683639526,1553.7203276327994,,crashed,45.36787414550781,19.948049545288086,3203,0.0,,COMPLETE
43,1624.333282503634,2026-07-01 13:01:04.205149,2026-07-01 13:01:04.453133,0 days 00:00:00.247984,0.7990063695008184,2.288776850548256,1.0147735183000077,8.425004052581981,7.489578438698141,0.07189085210913575,7,0.26548780229042773,1.225259269745557,12,0.10145260738876287,111.52637534180103,35.75297574338022,0.2661087800513225,2.322590137234465,0.42080774903297424,0,True,,0.33982905745506287,0.0,0.18621037900447845,0.8693655729293823,1,0.44793763756752014,0.004637131467461586,1624.333282503634,,crashed,0.1945255994796753,23.61468505859375,144,0.0,,COMPLETE
44,1637.8793260240416,2026-07-01 13:01:04.465089,2026-07-01 13:01:04.685710,0 days 00:00:00.220621,0.9957605155609673,1.401579824425031,0.6664375321197283,6.54730904658643,3.686582751064763,0.04249847056505463,4,0.1530179769676469,0.7269117191340266,21,0.042652941619915105,127.02112361043483,61.34819455314175,0.4392133098053877,0.9340653992586199,0.23536725342273712,0,True,,0.5765196681022644,0.0,0.1848735809326172,0.35108470916748047,1,0.034038543701171875,0.00035237314295955,1637.8793260240416,,crashed,9.708283424377441,16.62721824645996,112,0.0,,COMPLETE
45,1612.5189685110254,2026-07-01 13:01:04.695125,2026-07-01 13:01:04.941697,0 days 00:00:00.246572,0.9147525593054907,2.78841795616976,0.9290938102559987,5.323805300787164,5.569578095419118,0.10212299893422591,7,0.06046218436411714,0.2836403951735374,9,0.09779150019474846,119.94702377593254,46.157337873422094,0.16336708585599574,2.5907018634840067,0.5479226112365723,0,True,,0.3123812973499298,0.0,0.17908580601215363,1.59365975856781,1,0.9820671081542969,0.010166536085307598,1612.5189685110254,,crashed,1.704046607017517,19.569704055786133,187,0.0,,COMPLETE
46,1517.947707104153,2026-07-01 13:01:04.952972,2026-07-01 13:01:06.084353,0 days 00:00:01.131381,0.6944383278423585,1.9826405228111712,0.461969351230742,3.7124962701983897,7.068440990506659,0.034764814556019756,5,0.2986723113523173,0.6549406776817999,23,0.05670998074652849,115.72595712615133,31.458839870696508,0.1976647428080315,0.9159191560468559,1.1872323751449585,0,True,,0.28992828726768494,0.0,0.12615813314914703,1.8296926021575928,1,8.282820701599121,0.08574525266885757,1517.947707104153,,crashed,19.687406539916992,22.45145606994629,675,0.0,,COMPLETE
47,1622.3452718812348,2026-07-01 13:01:06.095375,2026-07-01 13:01:06.301802,0 days 00:00:00.206427,0.6938359078312889,2.2571834921705323,0.45116934621841326,3.9096061597630563,6.946573268794156,1.9856501856184485,6,0.28456369435584716,0.6707396686811141,24,0.2358495132556777,129.14507043445798,31.996750625246598,0.1954169783345369,1.018372000457574,0.443289190530777,0,True,,0.3262094557285309,0.0,0.18612581491470337,0.9416413307189941,1,0.5318253636360168,0.005505552515387535,1622.3452718812348,,crashed,0.4428839683532715,26.406028747558594,152,0.0,,COMPLETE
48,1636.9115344538939,2026-07-01 13:01:06.311273,2026-07-01 13:01:06.585706,0 days 00:00:00.274433,0.7842733365194157,3.6636069463851957,0.19071529131086917,3.84885189306022,9.446629324264414,0.03368349902249916,4,0.32947954604018526,0.8772586511544425,13,0.03567374480496355,100.06441802568601,29.101768455411715,0.24607553045890082,0.6987058660283765,0.223985955119133,0,True,,0.5719810128211975,0.0,0.22373151779174805,0.3704824447631836,1,0.1826763153076172,0.0018910981016233563,1636.9115344538939,,crashed,21.676376342773438,22.0727481842041,177,0.0,,COMPLETE
49,1620.4714995445458,2026-07-01 13:01:06.598236,2026-07-01 13:01:06.921419,0 days 00:00:00.323183,0.8480473908567916,1.0069978567364728,3.133569150921783,5.092698098044386,3.7184288930229275,0.021769631005469983,2,0.4126784170316922,1.3003804007199897,31,0.062435430857175685,116.64398515671814,40.8423318868529,0.3165029355683593,3.1554974189137646,0.4069352149963379,0,True,,0.47884342074394226,0.0,0.20580102503299713,1.2299071550369263,1,0.8911311030387878,0.009225149638950825,1620.4714995445458,,crashed,3.539330244064331,21.263010025024414,326,0.0,,COMPLETE
50,1578.7844132350303,2026-07-01 13:01:06.931394,2026-07-01 13:01:07.985020,0 days 00:00:01.053626,0.6459783277018589,2.649928271193143,1.2051809563836207,6.085778351499885,7.009580865449422,0.041073989762462945,8,0.5657681362798428,1.7816350712015225,10,0.052680633485283644,126.50987726902868,53.85427445817347,0.20305180290149072,3.1936430882245466,0.6123901009559631,0,True,,0.37466827034950256,0.0,0.18869930505752563,1.8600984811782837,1,4.041275978088379,0.04183601960539818,1578.7844132350303,,crashed,12.140278816223145,17.534875869750977,816,0.0,,COMPLETE
51,1516.9143846163508,2026-07-01 13:01:07.994213,2026-07-01 13:01:10.142387,0 days 00:00:02.148174,0.9347953394769368,1.8080696935436114,0.6181471279952313,6.492158917877534,5.50361013315932,0.05017560143151343,5,0.2371645995954339,0.38591253788698165,18,0.082817560500569,114.11726148052624,51.335023634325566,0.382964768863978,1.1176530882792013,0.8960709571838379,0,True,,0.2851979434490204,0.0,0.18171660602092743,1.9027100801467896,1,9.1671781539917,0.09490028023719788,1516.9143846163508,,crashed,35.56992721557617,23.585058212280273,1356,0.0,,COMPLETE
52,1609.0832179555293,2026-07-01 13:01:10.152465,2026-07-01 13:01:10.414457,0 days 00:00:00.261992,0.5614221273344883,2.130959502254562,0.6109118405077485,7.034040773701788,5.839221518631479,0.1087280993096687,5,0.3058061180616828,0.6356927035399265,22,0.1344039083058667,123.29384217812928,59.35729342313579,0.4012170622736494,1.3018283915698101,0.6050727963447571,0,True,,0.2571702301502228,0.0,0.16931454837322235,1.6367216110229492,1,1.0364717245101929,0.010729741305112839,1609.0832179555293,,crashed,8.155233383178711,17.47310447692871,216,0.0,,COMPLETE
53,1637.9921673837114,2026-07-01 13:01:10.425725,2026-07-01 13:01:10.650234,0 days 00:00:00.224509,0.76131618471751,1.9832223864204441,0.40905664277410736,4.332763391345825,3.388511705832789,0.05150036468462948,6,0.00930915101196085,0.11745889073142124,16,0.06015004505620553,115.88174073515003,50.56287442378614,0.3824469608441908,0.8112502912636003,0.23305360972881317,0,True,,0.5842256546020508,0.0,0.18390317261219025,0.35004329681396484,1,0.034313201904296875,0.0003552164416760206,1637.9921673837114,,crashed,21.494104385375977,18.764171600341797,113,0.0,,COMPLETE
54,1637.8996881328173,2026-07-01 13:01:10.660109,2026-07-01 13:01:10.875760,0 days 00:00:00.215651,0.835215659825605,2.937686181994846,0.8816874881447639,3.229115348106787,2.0902899871124214,0.027847796499645232,4,0.2091094232200568,0.5471856600056083,25,0.0408859422326854,100.17551230980958,74.20523929202909,0.53688987276067,2.5901211507606177,0.23452222347259521,0,True,,0.5764793753623962,0.0,0.1851106733083725,0.3494102656841278,1,0.03615379333496094,0.00037427060306072235,1637.8996881328173,,crashed,15.370743751525879,17.282129287719727,113,0.0,,COMPLETE
55,1535.9702897084326,2026-07-01 13:01:10.886810,2026-07-01 13:01:11.655741,0 days 00:00:00.768931,0.6886131366186329,3.546301976787388,0.19642673531377985,8.344855328139081,9.87508671893227,0.08576928412875377,5,0.09622444283247432,1.0780927325874838,4,0.1161831327641292,109.08424140706386,42.461666737057215,0.25915566227254355,0.6965885197371505,1.4033308029174805,0,True,,0.1166786476969719,0.0,0.07774405926465988,1.8923499584197998,1,6.396953582763672,0.0662224143743515,1535.9702897084326,,crashed,4.605472087860107,21.172622680664062,460,0.0,,COMPLETE
56,1603.5806572861832,2026-07-01 13:01:11.665181,2026-07-01 13:01:11.963747,0 days 00:00:00.298566,0.8883588138975486,1.714937880188041,0.4411355432560917,7.327510550029866,7.929802590268978,0.0493384941521092,7,0.15347631595546907,0.3850964636065498,29,0.23052678093692117,130.29588025267867,62.92100234453917,0.3293388680979854,0.7565200534272019,0.6482512950897217,0,True,,0.31363484263420105,0.0,0.15902772545814514,1.5786919593811035,1,1.3638731241226196,0.014119061641395092,1603.5806572861832,,crashed,7.32782506942749,20.792177200317383,240,0.0,,COMPLETE
57,1625.9271931534074,2026-07-01 13:01:11.974758,2026-07-01 13:01:12.197759,0 days 00:00:00.223001,0.6039759811668391,1.422300868920645,1.3977344000952672,6.470237514477674,6.0037383108098386,0.037155866094431715,4,0.2337442200554568,0.7957373202709968,8,0.08299394370511347,123.92272993689883,27.337109176986957,0.4675778611756133,1.9879988517757747,0.41655370593070984,0,True,,0.48824843764305115,0.0,0.1663740873336792,1.1313854455947876,1,0.31418418884277344,0.0032524915877729654,1625.9271931534074,,crashed,9.509353637695312,14.654820442199707,125,0.0,,COMPLETE
58,1637.6248541710027,2026-07-01 13:01:12.208605,2026-07-01 13:01:12.431613,0 days 00:00:00.223008,0.7530706289030067,2.4841047777917984,0.7438148632521182,5.07296659616485,7.038491100648912,0.018233378090714,6,0.17831274471078234,2.1182036523036354,15,0.029043925440447548,117.52773627219538,56.44208814246002,0.12097466405049029,1.84771405559714,0.23850828409194946,0,True,,0.5574857592582703,0.0,0.18606816232204437,0.35108470916748047,1,0.043453216552734375,0.0004498355556279421,1637.6248541710027,,crashed,21.744794845581055,20.01076316833496,114,0.0,,COMPLETE
59,1534.9760125673113,2026-07-01 13:01:12.440988,2026-07-01 13:01:13.324120,0 days 00:00:00.883132,0.9512308853760166,1.3010996684097833,0.018852949403199537,2.7007069619058113,4.527476007686217,0.029899288028043158,8,0.04654083572967821,0.576909170296353,31,0.15222110167230155,110.40462161694524,33.840564346245074,0.22743353220094653,0.02452956621704934,1.2994084358215332,0,True,,0.2345789670944214,0.0,0.08158884197473526,1.9164999723434448,1,6.499940395355225,0.06728855520486832,1534.9760125673113,,crashed,6.131849765777588,23.038816452026367,516,0.0,,COMPLETE
60,1560.2023654266793,2026-07-01 13:01:13.334595,2026-07-01 13:01:14.216579,0 days 00:00:00.881984,0.8033713823707085,1.8721263913446389,0.9870562188116152,5.812487410779232,8.003553731437913,0.1647125866600125,6,0.3922427252224448,1.5143570660689,20,0.0719864748867271,122.18970660647079,39.45568858697449,0.17944335492305952,1.8478939969780734,0.8139247894287109,0,True,,0.5032942891120911,0.0,0.1349094808101654,1.8993769884109497,1,5.182061672210693,0.05364563688635826,1560.2023654266793,,crashed,11.546158790588379,19.03056526184082,546,0.0,,COMPLETE
61,1536.3291397627893,2026-07-01 13:01:14.230605,2026-07-01 13:01:15.032098,0 days 00:00:00.801493,0.9298860656890691,2.3954990439888415,0.5883686717899876,6.710893664539493,5.15627963048772,0.06700084132029283,5,0.25526733989975414,0.2832345959074229,18,0.08939007047744428,114.22600123741607,48.210756483175,0.28899126641759815,1.4094365907859,1.293206810951233,0,True,,0.1521383672952652,0.0,0.09796321392059326,1.907554030418396,1,6.359958648681641,0.06583943963050842,1536.3291397627893,,crashed,15.22337818145752,21.44256019592285,512,0.0,,COMPLETE
62,1519.8227159997139,2026-07-01 13:01:15.041259,2026-07-01 13:01:20.882864,0 days 00:00:05.841605,0.9686162938375283,1.4325890449936165,0.716118884032457,8.124260759308388,5.85311686265654,0.05880510389233906,5,0.31307093635879246,0.29322804788779994,11,0.056908096818319154,131.22417503954648,51.257852744621715,0.3130504125544534,1.025904068177952,0.32565370202064514,0,True,,0.44099846482276917,0.0,0.14369730651378632,1.0599900484085083,1,11.733120918273926,0.12146338820457458,1519.8227159997139,,crashed,19.414037704467773,39.717742919921875,3566,0.0,,COMPLETE
63,1638.0075291797511,2026-07-01 13:01:20.891909,2026-07-01 13:01:21.158995,0 days 00:00:00.267086,0.9897743897684366,1.6121218559905148,0.34158139649979913,7.9715005964197685,6.214359457178061,0.08096537047038424,4,0.29456371238990225,0.8638416143553413,8,0.058513642560772856,130.37154454209886,68.1698188383766,0.4150196255624217,0.5506708348970881,0.21500514447689056,0,True,,0.6211693286895752,0.0,0.2216496467590332,0.35424500703811646,1,0.12007840722799301,0.001243073376826942,1638.0075291797511,,crashed,8.933874130249023,21.567949295043945,183,0.0,,COMPLETE
64,1623.3546629081818,2026-07-01 13:01:21.170189,2026-07-01 13:01:21.517175,0 days 00:00:00.346986,0.8949334206267233,1.0228192279492847,0.69315342476059,8.552812771422628,2.097453104607798,0.05621367761038057,3,0.3218074057295886,0.6192502373977689,12,0.04743793928883373,131.74156787633143,50.95373102124875,0.3766158349537839,0.7089706507640293,0.3747572898864746,0,True,,0.37375080585479736,0.0,0.24124105274677277,1.0567011833190918,1,0.7675850987434387,0.007946179248392582,1623.3546629081818,,crashed,18.941585540771484,20.098037719726562,293,0.0,,COMPLETE
65,1550.747526292232,2026-07-01 13:01:21.528071,2026-07-01 13:01:24.009047,0 days 00:00:02.480976,0.8690044349045887,2.9541611853796956,0.46030561886285726,8.938570320525542,4.020537665523184,0.11218622343212672,5,0.12787263299432045,0.29908193481287726,24,0.11245919519513833,118.64682315844769,58.3638495081076,0.26585732858343564,1.3598169926568329,0.5094408988952637,0,True,,0.34774982929229736,0.0,0.12481781840324402,0.8729673624038696,1,7.413442134857178,0.07674529403448105,1550.747526292232,,crashed,36.1120719909668,31.095748901367188,1653,0.0,,COMPLETE
66,1637.942028475938,2026-07-01 13:01:24.019724,2026-07-01 13:01:24.256872,0 days 00:00:00.237148,0.7209706592101104,1.3205182161672955,0.8597284688543222,7.454987077537002,6.56059676108543,0.09535383161107262,5,0.19802419064386767,1.0336137242788097,7,0.02391238665636795,125.92622756915787,109.27045178563868,0.458340952517973,1.1352871040797499,0.22915005683898926,0,True,,0.5874027609825134,0.0,0.19634287059307098,0.35108470916748047,1,0.05802726745605469,0.0006007087067700922,1637.942028475938,,crashed,20.358896255493164,19.703828811645508,128,0.0,,COMPLETE
67,1636.199365735072,2026-07-01 13:01:24.266594,2026-07-01 13:01:24.542840,0 days 00:00:00.276246,0.821532802618381,2.140474639334369,1.093400201427093,6.159620690333972,5.725081397491613,0.04735268717850473,6,0.35249978762450224,0.1635194516444692,16,0.03713950796455057,120.93951022412816,10.392211304628724,0.49590591914632043,2.3403954017977835,0.25146743655204773,0,True,,0.5198039412498474,0.0,0.19577312469482422,0.5439198613166809,1,0.1186930313706398,0.0012287317076697946,1636.199365735072,,crashed,10.427506446838379,18.254179000854492,147,0.0,,COMPLETE
68,1637.5682888765439,2026-07-01 13:01:24.555749,2026-07-01 13:01:24.761909,0 days 00:00:00.206160,0.6725870548675766,6.764787197871263,0.2209578231222108,9.477832296302795,8.458763426592814,0.038737447399991645,2,0.15404619145996234,0.4261727303811327,28,0.05414549084058066,102.48964975210387,43.91541890040656,0.2182123919351111,1.4947326531266345,0.24134062230587006,0,True,,0.5698662400245667,0.0,0.18572847545146942,0.42510277032852173,1,0.035233814269304276,0.0003647468111012131,1637.5682888765439,,crashed,18.6650390625,22.163665771484375,110,0.0,,COMPLETE
69,1422.5412701001242,2026-07-01 13:01:24.773473,2026-07-01 13:01:29.144314,0 days 00:00:04.370841,0.7736288987637698,3.5680004816809925,0.09304450015246668,5.67526695037457,3.1067097224366256,0.07239546012759279,7,0.47813504873268386,0.7314804895025525,11,0.07676374966782916,94.71158581937992,65.32067305999774,0.3217742785708024,0.3319828213617683,0.8014645576477051,0,True,,0.46794161200523376,0.0,0.20536929368972778,1.854163408279419,1,20.302730560302734,0.21017752587795258,1422.5412701001242,,crashed,45.30850601196289,27.42986488342285,2911,0.0,,COMPLETE
70,1077.8129340486987,2026-07-01 13:01:29.155756,2026-07-01 13:01:40.189770,0 days 00:00:11.034014,0.7315059650113822,4.684313352871708,0.12512223444099257,4.066874347544135,2.9795401379532853,0.07585709255995557,7,0.5271728675836624,0.7073345330550143,21,0.07321098418127722,95.78726622915156,74.72072265321401,0.3654368085368002,0.5861117535330859,0.9940503239631653,2,True,,0.5699835419654846,0.0,0.16181828081607819,1.9258480072021484,1,83.70602416992188,0.8665398955345154,1077.8129340486987,,crashed,37.56371307373047,28.818252563476562,8225,0.0,,COMPLETE
