number,value,datetime_start,datetime_complete,duration,params_algo.apex.apex_lookahead_weight,params_algo.apex.apex_switch_hysteresis_factor,params_algo.apex.apex_switch_threshold_rad,params_algo.apex.lookahead_sensitivity,params_algo.apex.max_lookahead_m,params_algo.apex.max_opposite_dist_error_m,params_algo.apex.median_window,params_algo.apex.min_forward_m,params_algo.apex.min_lookahead_m,params_algo.apex.min_points,params_algo.apex.min_range_jump_m,params_algo.apex.side_lookahead_center_deg,params_algo.apex.side_lookahead_fov_deg,params_algo.apex.wall_clearance_m,user_attrs_apex_stability_product,user_attrs_avg_speed_ms,user_attrs_completed_laps,user_attrs_crashed,user_attrs_error,user_attrs_heading_rms_rad,user_attrs_lap_time_s,user_attrs_lateral_rms_m,user_attrs_max_speed_ms,user_attrs_off_track_count,user_attrs_progress_m,user_attrs_progress_ratio,user_attrs_score,user_attrs_seeded_baseline,user_attrs_status,user_attrs_steering_rate_rms,user_attrs_throttle_rate_rms,user_attrs_ticks,user_attrs_unavailable_fraction,system_attrs_fixed_params,state
367,1434.4890329426726,2026-07-01 13:30:53.369299,2026-07-01 13:30:55.829342,0 days 00:00:02.460043,0.7945237126381652,5.071006298951265,0.12456985995050467,5.469061036271639,4.336103036801846,0.01999263449267427,11,0.5445862239366378,1.4420098543434627,54,0.1097433648989736,69.23709636716949,108.07021671869289,0.6536321588073613,0.631694544468486,1.1693581342697144,0,True,,0.36902570724487305,0.0,0.15560927987098694,1.9231154918670654,1,18.9609375,0.19628705084323883,1434.4890329426726,,crashed,19.956796646118164,23.273902893066406,1533,0.0,,COMPLETE
368,1004.9196303512111,2026-07-01 13:30:55.841920,2026-07-01 13:31:09.386161,0 days 00:00:13.544241,0.8681534615968656,8.275719446449846,0.052011727101675086,4.6580919682176285,3.440250845892395,0.015638599223503583,9,0.4666718797492292,1.1424534234441468,39,0.15098903086797646,76.78743035290913,112.82141697719103,0.5709140784578506,0.430434461418775,0.927651584148407,2,False,,0.6171481609344482,0.0,0.17752127349376678,1.8853598833084106,0,91.6756362915039,0.9490427374839783,1004.9196303512111,,incomplete,25.705183029174805,26.34467887878418,9000,0.0,,COMPLETE
369,1031.2370687416824,2026-07-01 13:31:09.398477,2026-07-01 13:31:24.721942,0 days 00:00:15.323465,0.9254718222370671,3.968995948334103,0.19778794460450494,5.099103958311867,2.5940767828704887,0.032911113002489646,9,0.4920299479639992,1.3242135444756598,43,0.17505512715032592,74.5118174522526,78.92364121063298,0.6298768440793465,0.78501955076461,0.7919631600379944,2,False,,0.5582322478294373,0.0,0.15898707509040833,1.5253016948699951,0,76.91351318359375,0.7962225079536438,1031.2370687416824,,incomplete,21.078102111816406,25.91666603088379,9000,0.0,,COMPLETE
370,1518.0718343643491,2026-07-01 13:31:24.735108,2026-07-01 13:31:26.155807,0 days 00:00:01.420699,0.8244213873953279,4.881311674376307,0.12822509973529903,3.791828985400656,4.032516005677397,0.310915437760799,10,0.4263924183130956,1.231999906822621,46,0.13029880706635077,70.59084513443095,116.0613151741273,0.6944023497811291,0.6259066762859814,1.1836271286010742,0,True,,0.2865120470523834,0.0,0.1253710240125656,1.8870446681976318,1,8.269647598266602,0.08560887724161148,1518.0718343643491,,crashed,13.6651611328125,21.407541275024414,667,0.0,,COMPLETE
371,1511.2028003626285,2026-07-01 13:31:26.170436,2026-07-01 13:31:27.635593,0 days 00:00:01.465157,0.7832174764655394,4.114582007908027,0.057946804535716524,4.401872137518651,13.214401101858872,0.024520097205049638,9,0.32689568096308486,1.5910080419945536,41,0.1442684335783978,56.5096611306722,106.22668653615368,0.12986888724233958,0.23842687935842244,1.2216233015060425,0,True,,0.30267471075057983,0.0,0.1430145502090454,1.914070963859558,1,8.996757507324219,0.09313604980707169,1511.2028003626285,,crashed,11.71402645111084,23.1518611907959,679,0.0,,COMPLETE
372,1521.7603463838398,2026-07-01 13:31:27.648959,2026-07-01 13:31:29.204587,0 days 00:00:01.555628,0.8930852560818289,4.65684159474064,0.001669582364646821,3.1567858206348753,3.0580505861609653,1.0372489409413979,8,0.3921540760809829,1.3934442938924014,44,0.1650735882013152,52.79542142215271,109.27838701557957,0.6024017876288885,0.00777498060153275,1.0401543378829956,0,True,,0.2940464913845062,0.0,0.15791653096675873,1.8387782573699951,1,7.880850315093994,0.08158398419618607,1521.7603463838398,,crashed,25.875579833984375,27.61041259765625,722,0.0,,COMPLETE
373,11.809952276641608,2026-07-01 13:31:29.218098,2026-07-01 13:31:41.759136,0 days 00:00:12.541038,0.8486505819391983,5.216840762040088,0.0027317591364480753,5.637455038392899,3.7183800200445245,0.030809698120406404,9,0.45123515122412233,1.4878943444567692,58,0.11434326658112053,91.7402524097962,103.33490694683356,0.6700079649394795,0.014251152415097751,1.1808677911758423,3,False,,0.5909716486930847,73.86000061035156,0.19741129875183105,1.9188921451568604,0,96.6097640991211,1.0,11.809952276641608,,finished,23.447402954101562,27.4521427154541,7374,0.0,,COMPLETE
374,1525.4666287499801,2026-07-01 13:31:41.773172,2026-07-01 13:31:42.985748,0 days 00:00:01.212576,0.8483802838729451,5.312910817936052,0.003517869532206242,5.950919471845994,4.47945611641376,0.03157008758920532,10,0.4704203619629866,1.705755483933042,31,0.10084141961775195,91.91587618438365,102.6327637954834,0.6699646908977785,0.018690127093746182,1.2894233465194702,0,True,,0.23064017295837402,0.0,0.10044758766889572,1.908818006515503,1,7.490167617797852,0.07753956317901611,1525.4666287499801,,crashed,14.608708381652832,25.82657814025879,542,0.0,,COMPLETE
375,516.627964493255,2026-07-01 13:31:42.999517,2026-07-01 13:31:53.025587,0 days 00:00:10.026070,0.8764776483837029,5.184766456618531,0.0020293997033693505,5.69919386551301,3.764236092434677,1.9416037942976785,9,0.4498795277303248,1.5227474830774335,60,0.11614448717087732,91.73559207853926,104.980027282189,0.583422720226311,0.010521963509101005,1.195902943611145,0,True,,0.47112271189689636,76.61000061035156,0.1636800616979599,1.8888070583343506,1,66.89942169189453,0.6925131678581238,516.627964493255,,crashed,23.943443298339844,27.171030044555664,5289,0.0,,COMPLETE
376,1525.4666287499801,2026-07-01 13:31:53.043359,2026-07-01 13:31:54.347380,0 days 00:00:01.304021,0.8669780805065325,9.47705925924005,0.07321675130313884,5.463646357122141,15.107115498322308,0.02942671704103997,9,0.44294122538035857,1.846201323661412,58,0.11042305434848021,90.90724566827761,103.59572389272421,0.5518964265276545,0.693879490868888,1.2906798124313354,0,True,,0.2312282770872116,0.0,0.10330826789140701,1.921401023864746,1,7.490167617797852,0.07753956317901611,1525.4666287499801,,crashed,13.23544979095459,23.544076919555664,539,0.0,,COMPLETE
377,1521.5360577140436,2026-07-01 13:31:54.362516,2026-07-01 13:31:55.849819,0 days 00:00:01.487303,0.9143167660370654,5.073589453191582,0.09046006676922944,7.194460171854094,10.979742066739373,0.03629579485781154,8,0.4186833218890665,1.487598962615106,37,0.13103720800872345,90.1262671086194,101.16359775754387,0.6963013717634643,0.4589572406953688,1.2379430532455444,0,True,,0.26560887694358826,0.0,0.11416210979223251,1.9282023906707764,1,7.904660701751709,0.0818304643034935,1521.5360577140436,,crashed,16.562524795532227,22.56382942199707,610,0.0,,COMPLETE
378,1000000000.0,2026-07-01 13:31:55.865061,2026-07-01 13:31:56.046334,0 days 00:00:00.181273,0.8519505118537837,4.93351820616255,0.000634366911575094,5.928747468969266,4.0359798030195995,0.021754569737232533,9,0.5051574798980079,4.0717857975616845,69,0.12289335434086997,88.65969685608108,105.81210159661349,0.609468333541635,0.0031296607076428348,0.0,0,False,algo.apex.min_lookahead_m (4.071786) must be <= algo.apex.max_lookahead_m (4.0359797),0.0,0.0,0.0,0.0,0,0.0,0.0,1000000000.0,,invalid,0.0,0.0,0,0.0,,COMPLETE
379,1525.072698402131,2026-07-01 13:31:56.063974,2026-07-01 13:31:57.367517,0 days 00:00:01.303543,0.8336707729618624,5.443025075581587,0.12370663299557287,5.239548721783803,3.63025164202138,0.025024157685465852,11,0.45355676529091293,1.6167044876956718,67,0.10522319230273623,75.90233555724764,107.86407653760848,0.5649712152732861,0.6733383054106716,1.3037376403808594,0,True,,0.24299943447113037,0.0,0.11050476878881454,1.9270559549331665,1,7.53143310546875,0.07796675711870193,1525.072698402131,,crashed,16.60307502746582,24.20526885986328,539,0.0,,COMPLETE
380,1352.2587449307332,2026-07-01 13:31:57.383815,2026-07-01 13:32:06.262624,0 days 00:00:08.878809,0.888917986195023,5.23573507442135,0.06516480665993929,5.662234259491463,3.455011272615065,0.03798249456268218,7,0.4831032332573592,1.258186155210108,64,0.18730801798219332,94.02805785580371,110.74659165883226,0.5900283531097147,0.3411856638473301,0.6543701887130737,0,True,,0.6488966941833496,0.0,0.2123018503189087,1.4084653854370117,1,33.11629104614258,0.3428258001804352,1352.2587449307332,,crashed,15.3732328414917,27.090293884277344,4152,0.0,,COMPLETE
381,8.811141234354494,2026-07-01 13:32:06.278784,2026-07-01 13:32:22.768469,0 days 00:00:16.489685,0.9063798812793018,5.037406171643973,0.06597365813965837,4.9022203218281595,2.2104717941011445,0.02875847725558186,13,0.4285323789497858,1.4560153999646681,39,0.134899752056376,93.58015742604003,80.17553253312786,0.6317400302602665,0.3323361126786447,1.0290660858154297,3,False,,0.5845889449119568,86.33999633789062,0.1787891834974289,1.693962574005127,0,96.6055679321289,1.0,8.811141234354494,,finished,17.483945846557617,23.95914649963379,8524,0.0,,COMPLETE
382,1630.4622968683605,2026-07-01 13:32:22.788416,2026-07-01 13:32:23.101277,0 days 00:00:00.312861,0.9267579882526308,5.010229793761605,2.752496799306734,4.833489624634367,2.008500466599808,0.028654206026908255,14,0.4290875223498107,1.4489389022541714,41,0.11834554757449162,93.20416355900225,77.35891520824433,0.6733626458967445,13.790641471120054,0.3100365698337555,0,True,,0.4857528507709503,0.0,0.213844895362854,0.9511461853981018,1,0.39068856835365295,0.0040444787591695786,1630.4622968683605,,crashed,2.5067484378814697,17.1767520904541,197,0.0,,COMPLETE
383,515.4126735128763,2026-07-01 13:32:23.118187,2026-07-01 13:32:32.136149,0 days 00:00:09.017962,0.9071846608374478,4.905578884970939,0.0705546110170729,4.727303004325409,4.1712098173109675,0.024134516502187,13,0.4053535724484669,1.3101146172106246,46,0.1311360118297151,93.31596369338746,107.19577077885428,0.6511485540276533,0.34611121004269085,1.1518152952194214,0,True,,0.48403215408325195,79.36000061035156,0.17300741374492645,1.9249812364578247,1,66.9011001586914,0.6925131678581238,515.4126735128763,,crashed,20.14093017578125,24.65021324157715,5475,0.0,,COMPLETE
384,1028.0608470388067,2026-07-01 13:32:32.149244,2026-07-01 13:32:45.988114,0 days 00:00:13.838870,0.8732852709583302,5.11720436878476,0.12189656138985654,5.064080075746224,2.9056357844942804,0.013722621546826535,15,0.41167472064706184,1.080815359397323,39,0.13683317195472416,94.7176145080711,103.56555376173513,0.6339604968533947,0.6237696164840136,0.8099679946899414,2,False,,0.5509905815124512,0.0,0.14306284487247467,1.3281216621398926,0,78.00008392333984,0.807470977306366,1028.0608470388067,,incomplete,25.589929580688477,27.364229202270508,9000,0.0,,COMPLETE
385,832.4340320273194,2026-07-01 13:32:46.001526,2026-07-01 13:32:54.120339,0 days 00:00:08.118813,0.9513329007807411,4.742000766685944,0.0002171375724137549,4.561824856949497,3.7841951553810014,0.027226391851062452,11,0.43741676950296704,1.1764440337144717,44,0.09258423534686329,91.60109015006759,79.60395251022264,0.6618105773284332,0.0010296665348623504,1.1103636026382446,1,True,,0.572174608707428,78.51000213623047,0.1722116470336914,1.946023941040039,1,62.3838005065918,0.6457844376564026,832.4340320273194,,crashed,24.92181396484375,27.53367042541504,5151,0.0,,COMPLETE
386,1518.0195219846125,2026-07-01 13:32:54.133583,2026-07-01 13:32:55.946598,0 days 00:00:01.813015,0.8925790231626537,3.098720009642363,0.056926931093483686,5.006417476556976,3.304541521149244,0.031041431390440702,12,0.39068279081288937,1.413250700001018,42,0.16100367037311392,71.89679875983295,110.851756410143,0.6286074880400463,0.1764006204669099,0.9174302220344543,0,True,,0.28584423661231995,0.0,0.1212206706404686,1.3505899906158447,1,8.710697174072266,0.09017470479011536,1518.0195219846125,,crashed,14.212966918945312,26.444534301757812,903,0.0,,COMPLETE
387,383.3930072713678,2026-07-01 13:32:55.958957,2026-07-01 13:33:07.575242,0 days 00:00:11.616285,0.8515918756500633,5.203612737698268,0.12996692016506733,9.978095572733691,4.486900059523139,0.5834560440311156,11,0.4245231914221934,1.5289377015887002,48,0.11453302037923074,73.49363352248116,108.20757706388046,0.6142542619320117,0.6762975212503584,1.104154109954834,2,True,,0.5873191952705383,80.13999938964844,0.2053937464952469,1.8866106271743774,1,88.51055908203125,0.9162580370903015,383.3930072713678,,crashed,19.928987503051758,22.847579956054688,7313,0.0,,COMPLETE
388,383.9435755128149,2026-07-01 13:33:07.588425,2026-07-01 13:33:19.788670,0 days 00:00:12.200245,0.8241996336772045,5.253287146243832,0.14765428170315661,10.30381337027869,4.686421021968653,0.8141988641202214,11,0.4622448611931835,1.4797767366420105,50,0.09971157071560903,68.61409456588676,89.9825017091864,0.6894744624979982,0.7756703401590586,1.1211967468261719,2,True,,0.5772227644920349,78.5199966430664,0.19416029751300812,1.9340721368789673,1,88.51956176757812,0.9162582755088806,383.9435755128149,,crashed,22.092737197875977,23.63695526123047,7222,0.0,,COMPLETE
389,1347.8699029307645,2026-07-01 13:33:19.801860,2026-07-01 13:33:24.885489,0 days 00:00:05.083629,0.8476013388703358,5.256159278854272,0.15060356310268036,10.488701453412629,5.313442506458538,0.8392456611422434,11,0.4547015351748235,1.5469021769244304,56,0.08600530567968558,67.31411879655239,98.93641406823086,0.6884155837636416,0.7915963156306683,1.0641764402389526,0,True,,0.5614376664161682,0.0,0.2051226943731308,1.8977149724960327,1,30.868051528930664,0.31955164670944214,1347.8699029307645,,crashed,25.74009132385254,24.79304313659668,2708,0.0,,COMPLETE
390,1531.0676979697046,2026-07-01 13:33:24.903348,2026-07-01 13:33:25.931933,0 days 00:00:01.028585,0.007074077561121883,5.5176226345166555,0.17796846642833825,4.72017651224482,4.990790929997779,0.8746000063045682,11,0.465048796733727,1.556685482706778,50,0.09645072287947068,78.09503971107839,96.40041707259503,0.698299718345287,0.9819628385952166,1.3282103538513184,0,True,,0.20202772319316864,0.0,0.09063500165939331,1.8950916528701782,1,6.908470630645752,0.07151773571968079,1531.0676979697046,,crashed,10.178585052490234,19.686967849731445,515,0.0,,COMPLETE
391,1261.7333956714701,2026-07-01 13:33:25.945033,2026-07-01 13:33:32.409001,0 days 00:00:06.463968,0.8147408516985988,5.262073794914711,0.22556914924625693,11.204185544009828,4.799385068661602,0.9760783172145054,11,0.442113929114158,1.6376710514352475,51,0.08434751703874051,74.78173063568855,82.24590881216677,0.674087262267033,1.186961509189934,1.2050894498825073,0,True,,0.463097482919693,0.0,0.16553045809268951,1.910353183746338,1,50.8350830078125,0.5262539982795715,1261.7333956714701,,crashed,16.834341049194336,22.524612426757812,3979,0.0,,COMPLETE
392,845.9897984466169,2026-07-01 13:33:32.421159,2026-07-01 13:33:39.962806,0 days 00:00:07.541647,0.902969072019806,5.513651570252432,0.1292129104894783,10.541293824901429,4.878308587309758,0.6570568311532063,11,0.5210365702534788,1.4745234706005157,53,0.10022621494336,92.48008340469616,90.04706456124958,0.6563493757581275,0.712434966817199,1.1158218383789062,1,True,,0.5576331615447998,80.36000061035156,0.18051832914352417,1.9064040184020996,1,59.70708084106445,0.6180505156517029,845.9897984466169,,crashed,20.091535568237305,24.070938110351562,4928,0.0,,COMPLETE
393,1622.608875161407,2026-07-01 13:33:39.975636,2026-07-01 13:33:40.708650,0 days 00:00:00.733014,0.8608578397175746,5.098379919800836,3.0660536970278245,10.062153014147894,4.655003282661023,0.7561445338314008,11,0.4327060537459192,1.5299235796623591,34,0.11036717949804756,72.50590070688253,95.41447426482569,0.6862304198640944,15.631906601957777,0.4194851219654083,0,True,,1.480237364768982,0.0,0.1951359659433365,1.01528000831604,1,0.6218598484992981,0.006437605246901512,1622.608875161407,,crashed,5.683264255523682,23.834091186523438,629,0.0,,COMPLETE
394,1460.6621399485896,2026-07-01 13:33:40.720440,2026-07-01 13:33:43.118321,0 days 00:00:02.397881,0.9395684402178806,4.997028422119418,0.08602154047345026,9.237203948404748,4.5892923567475785,1.172721684412609,12,0.46589277620299213,1.7516149531791756,48,0.11025939430489501,70.27354980576084,90.51636740051097,0.6385085100390068,0.4298520826603268,1.1034150123596191,0,True,,0.5053688883781433,0.0,0.18218465149402618,1.894283652305603,1,14.556534767150879,0.15069188177585602,1460.6621399485896,,crashed,25.344655990600586,24.20229148864746,1205,0.0,,COMPLETE
395,429.4191502700628,2026-07-01 13:33:43.133849,2026-07-01 13:33:52.844202,0 days 00:00:09.710353,0.07982923149664706,5.410800971495893,0.16000382084978687,9.903462152419188,4.319369363088754,0.5884087342970686,11,0.49304577551740686,1.4485168042339578,48,0.07903461615257285,94.74237526764439,93.02889132147224,0.6656596576377586,0.8657488292970815,1.109958291053772,1,True,,0.5696616768836975,80.38999938964844,0.18137818574905396,1.8980369567871094,1,78.0297622680664,0.8077254891395569,429.4191502700628,,crashed,23.57801628112793,23.560104370117188,6474,0.0,,COMPLETE
396,1398.0973856588068,2026-07-01 13:33:52.857220,2026-07-01 13:33:56.046904,0 days 00:00:03.189684,0.8179634946753201,4.866186102833271,0.06966863629063773,14.548904460302538,6.09593339869887,0.7777098093293082,11,0.4263157939259024,1.578306576074904,51,0.09802772512487502,65.98222255460352,101.58732397005653,0.6203841345453618,0.339020549720847,1.1266027688980103,0,True,,0.5255434513092041,0.0,0.18409223854541779,1.8950783014297485,1,23.00122833251953,0.23811285197734833,1398.0973856588068,,crashed,22.49620819091797,25.16605567932129,1833,0.0,,COMPLETE
397,1000000000.0,2026-07-01 13:33:56.058761,2026-07-01 13:33:56.216330,0 days 00:00:00.157569,0.8396363902134242,5.2299087808491915,0.1234960874571803,10.962226405122383,1.6048215803813854,0.018216842718169656,11,0.5340308834273436,2.9421805207925207,56,0.11554197414545689,90.19121029699212,87.04539790616903,0.641891329106901,0.645873272192827,0.0,0,False,algo.apex.min_lookahead_m (2.9421806) must be <= algo.apex.max_lookahead_m (1.6048216),0.0,0.0,0.0,0.0,0,0.0,0.0,1000000000.0,,invalid,0.0,0.0,0,0.0,,COMPLETE
398,1588.5120030533114,2026-07-01 13:33:56.228493,2026-07-01 13:33:56.799011,0 days 00:00:00.570518,0.8858050956353359,5.35267430392218,0.21688924362778625,10.175623432462109,2.1994194718535107,1.2929508839023456,10,0.5565649335052972,1.3770262043400083,58,0.01267313658124418,73.45139406729065,105.34485811252476,0.7075998478754395,1.1609374811635689,0.7417693138122559,0,True,,0.2893051207065582,0.0,0.14840002357959747,1.8268299102783203,1,2.3869621753692627,0.024710262194275856,1588.5120030533114,,crashed,26.256139755249023,18.422794342041016,375,0.0,,COMPLETE
399,1525.4666287499801,2026-07-01 13:33:56.812567,2026-07-01 13:33:57.782682,0 days 00:00:00.970115,0.6157814060040585,4.984042629931629,0.060021332556738825,4.314108888480859,4.387266938066566,0.02082039513619287,10,0.4512511041708608,1.495539259754262,38,0.12187886242031418,77.00884641263069,76.45552030900001,0.6141046438225598,0.2991488801680895,1.316739559173584,0,True,,0.22793452441692352,0.0,0.09667855501174927,1.9297019243240356,1,7.490167617797852,0.07753956317901611,1525.4666287499801,,crashed,12.365199089050293,24.9990234375,527,0.0,,COMPLETE
400,1575.3747378733751,2026-07-01 13:33:57.794783,2026-07-01 13:34:02.946399,0 days 00:00:05.151616,0.8543296569414385,5.284912695983592,0.05569925905875393,4.497042561409064,2.663016371481615,1.0352116098183817,12,0.4991165546081167,1.6514037478615549,94,1.7880671102116072,71.15002950763247,98.34014201603307,0.21229861539243905,0.29436572135648775,0.2108154147863388,0,True,,0.1283854991197586,0.0,0.04903325065970421,0.49806955456733704,1,6.402620792388916,0.06628108769655228,1575.3747378733751,,crashed,20.107154846191406,23.22913932800293,3215,0.0,,COMPLETE
401,403.3457066905532,2026-07-01 13:34:02.958232,2026-07-01 13:34:13.869417,0 days 00:00:10.911185,0.9182051342572758,4.788408510046559,0.15760430000004597,9.722835733955783,3.886887701311927,0.7040903199584848,11,0.4692660347183637,1.3335849151258186,53,0.1034056783061182,68.34170552342556,79.53269791153579,0.04523212674110172,0.754673771340151,1.057724952697754,1,True,,0.5687997341156006,84.12000274658203,0.17952024936676025,1.8052928447723389,1,82.98151397705078,0.858954131603241,403.3457066905532,,crashed,22.178659439086914,23.03864860534668,7335,0.0,,COMPLETE
402,1472.102073886944,2026-07-01 13:34:13.881328,2026-07-01 13:34:17.323163,0 days 00:00:03.441835,0.7920201040688906,5.02126691852981,0.06056768938555478,13.254781833558816,3.66086565777551,0.02321877018043765,10,0.5715327417157182,1.4503632533243118,61,0.1998369280591693,75.89845094460792,83.04594317421954,0.652856732709048,0.3041265350434753,0.766901969909668,0,True,,0.49940428137779236,0.0,0.18346409499645233,1.4143991470336914,1,14.580988883972168,0.1509450227022171,1472.102073886944,,crashed,36.37527084350586,28.31148338317871,1776,0.0,,COMPLETE
403,1525.072698402131,2026-07-01 13:34:17.335329,2026-07-01 13:34:18.584165,0 days 00:00:01.248836,0.8340225007355332,5.499682569913836,0.13170001292692304,12.010611033352694,5.1552854581154754,0.01861910755732511,10,0.4074416279873913,1.6027531124367085,48,0.16477375142557987,74.66490679498189,103.46610222497898,0.684029910266815,0.7243082655516255,1.1063313484191895,0,True,,0.2776382863521576,0.0,0.13587810099124908,1.8538422584533691,1,7.53143310546875,0.07796675711870193,1525.072698402131,,crashed,22.499059677124023,25.5660343170166,646,0.0,,COMPLETE
