number,value,datetime_start,datetime_complete,duration,params_algo.apex.apex_lookahead_weight,params_algo.apex.apex_switch_hysteresis_factor,params_algo.apex.apex_switch_threshold_rad,params_algo.apex.lookahead_sensitivity,params_algo.apex.max_lookahead_m,params_algo.apex.max_opposite_dist_error_m,params_algo.apex.median_window,params_algo.apex.min_forward_m,params_algo.apex.min_lookahead_m,params_algo.apex.min_points,params_algo.apex.min_range_jump_m,params_algo.apex.side_lookahead_center_deg,params_algo.apex.side_lookahead_fov_deg,params_algo.apex.wall_clearance_m,user_attrs_apex_stability_product,user_attrs_avg_speed_ms,user_attrs_completed_laps,user_attrs_crashed,user_attrs_error,user_attrs_heading_rms_rad,user_attrs_lap_time_s,user_attrs_lateral_rms_m,user_attrs_max_speed_ms,user_attrs_off_track_count,user_attrs_progress_m,user_attrs_progress_ratio,user_attrs_score,user_attrs_seeded_baseline,user_attrs_status,user_attrs_steering_rate_rms,user_attrs_throttle_rate_rms,user_attrs_ticks,user_attrs_unavailable_fraction,system_attrs_fixed_params,state
404,1479.5066603471912,2026-07-01 13:34:18.597194,2026-07-01 13:34:22.780758,0 days 00:00:04.183564,0.879521243440139,5.151128025357468,5.1911340090830035e-05,10.741253068706156,2.73996051158188,0.016206430601079562,12,0.4303066526500257,1.292446208431416,35,0.1455829892624421,88.87742547789244,106.82619955978743,0.6250024062255646,0.0002674019587757373,0.7981963157653809,0,True,,1.3538988828659058,0.0,0.15404418110847473,1.5041582584381104,1,13.566866874694824,0.14044664800167084,1479.5066603471912,,crashed,27.089582443237305,29.28985595703125,2015,0.0,,COMPLETE
405,757.299734837099,2026-07-01 13:34:22.793439,2026-07-01 13:34:33.802980,0 days 00:00:11.009541,0.8152855024709662,4.697163937353118,0.20982569793793437,8.669591198815313,1.9792018557879267,0.026384827748283518,11,0.5116966848242954,1.4161266753003479,40,0.11645968061649327,58.81348855097109,76.11854859507353,0.5927151314073692,0.9855857014840139,1.0651332139968872,2,True,,0.5636118054389954,85.0199966430664,0.1676066517829895,1.7556942701339722,1,80.34994506835938,0.8317675590515137,757.299734837099,,crashed,18.086488723754883,21.122589111328125,7014,0.0,,COMPLETE
406,1345.2341807996233,2026-07-01 13:34:33.815382,2026-07-01 13:34:38.421888,0 days 00:00:04.606506,0.7740083519478967,4.846188562419648,0.10801327511178441,9.417333359954311,4.088525902979518,0.9333995163970924,11,0.4801053310984752,1.7529204185782896,63,0.17699558161737633,65.3156830732089,21.816727879888802,0.6350406247188396,0.5234526984362164,1.0475900173187256,0,True,,0.47555455565452576,0.0,0.17365662753582,1.731502890586853,1,30.676528930664062,0.31756895780563354,1345.2341807996233,,crashed,17.61482048034668,21.838760375976562,2712,0.0,,COMPLETE
407,1513.9017633527699,2026-07-01 13:34:38.435625,2026-07-01 13:34:40.061751,0 days 00:00:01.626126,0.9727777238183312,4.574700106233939,0.0529571716099553,4.959438099168874,3.5698814763793223,0.02293309862335668,8,0.4432744179926329,1.193650050157449,51,0.13087587116019056,79.42850513337802,107.21293434701168,0.4948225586651507,0.24226317858991145,1.0152826309204102,0,True,,0.28393712639808655,0.0,0.11889242380857468,1.824338436126709,1,8.709567070007324,0.09016299992799759,1513.9017633527699,,crashed,15.87317180633545,24.4527587890625,820,0.0,,COMPLETE
408,1519.1878755616601,2026-07-01 13:34:40.074717,2026-07-01 13:34:41.604155,0 days 00:00:01.529438,0.8549540729324601,5.165382000634162,0.1769540236227124,5.19004622757736,2.9878504729529856,0.019260806381148493,10,0.4032681936260291,1.5209527501074762,46,0.15320543279791757,68.85255546498561,109.27135695856887,0.6683127028964019,0.9140351285605509,1.031789779663086,0,True,,0.28174281120300293,0.0,0.12576329708099365,1.5395994186401367,1,8.151168823242188,0.08438237756490707,1519.1878755616601,,crashed,20.722963333129883,21.435791015625,750,0.0,,COMPLETE
409,1508.8174523440678,2026-07-01 13:34:41.618352,2026-07-01 13:34:43.428562,0 days 00:00:01.810210,0.9077926017574017,4.766027607394995,0.0027759465760507918,4.822545236351582,4.45225019198822,0.021101745925396664,12,0.4541495154629803,1.3637664143124006,44,0.08853885399482744,72.09482591139113,94.11594959366884,0.2808157770279125,0.013230238018111684,1.1144567728042603,0,True,,0.37554821372032166,0.0,0.14691048860549927,1.9077465534210205,1,9.337080955505371,0.09665914624929428,1508.8174523440678,,crashed,27.45104217529297,24.71015167236328,807,0.0,,COMPLETE
410,1481.054957675328,2026-07-01 13:34:43.443766,2026-07-01 13:34:45.646670,0 days 00:00:02.202904,0.5914125926494959,3.817312955044543,0.10495618223082501,11.419916422346578,2.5095884954859558,0.7900974262749594,6,0.5382580067459022,1.6629901969804814,40,0.07020826225244618,54.88089652333132,105.3571141790554,0.6103352804216424,0.40065059414174414,1.16118586063385,0,True,,0.43102359771728516,0.0,0.1470627337694168,1.9029419422149658,1,12.328624725341797,0.1276281476020813,1481.054957675328,,crashed,20.991682052612305,24.276952743530273,1010,0.0,,COMPLETE
411,1095.4025237107844,2026-07-01 13:34:45.660400,2026-07-01 13:34:58.156335,0 days 00:00:12.495935,0.2970679798777044,5.541711823364016,0.23413205620605057,10.290605565772445,3.3713291643960077,0.027558221801152586,9,0.3858381892372101,1.1149463521822303,37,0.10306289867243695,70.46087446220659,101.28066933536448,0.5842760666409256,1.297492384105599,0.9599964022636414,1,True,,0.5913569927215576,0.0,0.20512543618679047,1.9172335863113403,1,72.46585845947266,0.7501797080039978,1095.4025237107844,,crashed,28.267059326171875,23.107309341430664,7201,0.0,,COMPLETE
412,1485.2928027155033,2026-07-01 13:34:58.172160,2026-07-01 13:35:01.766437,0 days 00:00:03.594277,0.8853564038993262,5.352057587790589,0.0019459970905267095,13.89045793793522,3.8857813219959607,0.01694183758589732,9,0.48074139950838635,0.9883925178042873,55,0.1188829488655274,67.393043627068,79.91689266434352,0.5437505645407724,0.010415088494171885,0.7749082446098328,0,True,,0.5469548106193542,0.0,0.12397060543298721,1.358842372894287,1,13.049029350280762,0.13508589565753937,1485.2928027155033,,crashed,28.235443115234375,31.10912322998047,1625,0.0,,COMPLETE
413,9.165350709483784,2026-07-01 13:35:01.780141,2026-07-01 13:35:15.237606,0 days 00:00:13.457465,0.8282070372695635,4.557174710322739,0.06356606478132117,4.284870237384546,2.9968123569565766,0.02510655361446977,9,0.4180420252430059,1.4936729764760521,49,0.13760804494612192,93.28126629943996,108.53758746824836,0.6490793856816617,0.28968166285617375,1.0601083040237427,3,False,,0.5904979705810547,82.0199966430664,0.1966460943222046,1.760331630706787,0,96.60162353515625,1.0,9.165350709483784,,finished,19.351293563842773,22.87605094909668,8203,0.0,,COMPLETE
414,1191.4722576978893,2026-07-01 13:35:15.250848,2026-07-01 13:35:25.271180,0 days 00:00:10.020332,0.8118581407322513,3.3456467643819208,0.13578420361205984,12.428595049133218,2.2908715600140157,0.02403887756385493,9,0.4338448542724652,1.5324444662559784,49,0.13430123210808267,93.0501230938644,108.41585227574366,0.6808950189378593,0.4542859814688639,1.032314419746399,0,True,,0.5911430716514587,0.0,0.1932615041732788,1.7721120119094849,1,68.5250473022461,0.7093837261199951,1191.4722576978893,,crashed,17.841049194335938,21.213882446289062,5990,0.0,,COMPLETE
415,917.5816408756672,2026-07-01 13:35:25.284969,2026-07-01 13:35:32.692810,0 days 00:00:07.407841,0.8304165904446715,5.016689728733659,0.2830963171191053,7.683543412741974,2.862624073239394,0.021882105364539294,11,0.4196400807544027,1.2940278529728029,53,0.11514636805250583,94.3442343608567,106.09384457425732,0.6542438293962044,1.4202063863337424,1.0018271207809448,0,True,,0.5746649503707886,88.45999908447266,0.18183501064777374,1.767257571220398,1,49.156768798828125,0.5088472366333008,917.5816408756672,,crashed,21.118206024169922,22.400054931640625,4542,0.0,,COMPLETE
416,1517.5393639090787,2026-07-01 13:35:32.705904,2026-07-01 13:35:34.084558,0 days 00:00:01.378654,0.843490709387939,4.588193878482506,0.09625858285846473,4.293595528851015,3.054679114308726,0.5483499943429383,10,0.41766615138819935,1.6169522747931848,30,0.14200062112158354,92.25460063566969,102.65885772812211,0.6477550436728312,0.4416530406226089,1.1591423749923706,0,True,,0.274675577878952,0.0,0.13165219128131866,1.7854682207107544,1,8.325892448425293,0.08619114011526108,1517.5393639090787,,crashed,21.377782821655273,24.380340576171875,687,0.0,,COMPLETE
417,1514.0440211107773,2026-07-01 13:35:34.097257,2026-07-01 13:35:35.466888,0 days 00:00:01.369631,0.7976055274279975,4.866272503632993,0.1802995757006613,4.13434704131429,1.7938096641109658,0.025332687406622978,9,0.4585512788212834,1.413582807389587,33,0.10937710470331502,90.73421680157657,108.4369577635432,0.692838569624623,0.8773868676488233,1.163253664970398,0,True,,0.2852763235569,0.0,0.11743908375501633,1.8785111904144287,1,8.696517944335938,0.09002792835235596,1514.0440211107773,,crashed,10.26076602935791,21.346412658691406,691,0.0,,COMPLETE
418,1514.9676454301461,2026-07-01 13:35:35.479423,2026-07-01 13:35:37.168095,0 days 00:00:01.688672,0.7710238874437827,5.1161241862382285,0.06294364742451784,8.023883102407776,2.4253882935623157,0.015132348458502256,8,0.40618538612890354,1.1942311257671687,41,0.12571396029007678,97.39575531992115,85.12598222121046,0.6696904734638747,0.3220275169586273,0.9827003479003906,0,True,,0.29291316866874695,0.0,0.14416728913784027,1.5518674850463867,1,8.688231468200684,0.08994213491678238,1514.9676454301461,,crashed,27.845291137695312,25.186437606811523,854,0.0,,COMPLETE
419,511.1236297048181,2026-07-01 13:35:37.180538,2026-07-01 13:35:47.650870,0 days 00:00:10.470332,0.8179373000247111,4.632956940727732,0.14233540109382603,4.451696633252437,3.221717600161943,1.0887758173607136,9,0.5163914725468717,1.4951513864341182,50,0.1514709624035245,93.86268006944921,104.16636846936005,0.708043225113073,0.659433784408907,1.0395121574401855,0,True,,0.48657622933387756,88.4800033569336,0.171614408493042,1.8935025930404663,1,67.314208984375,0.6968240141868591,511.1236297048181,,crashed,18.795793533325195,22.274744033813477,6148,0.0,,COMPLETE
420,1511.3479225336412,2026-07-01 13:35:47.665863,2026-07-01 13:35:49.386462,0 days 00:00:01.720599,0.7481025800233359,4.816638539513187,0.06067178400470577,12.898696057186148,2.708018311952402,0.019484821966456806,10,0.44186510690433445,1.3183016440126207,36,0.12812594623660806,90.12140342262649,99.32758217431052,0.6228041652887406,0.29223405309808553,1.0814117193222046,0,True,,0.31126150488853455,0.0,0.12956063449382782,1.664666771888733,1,8.98134708404541,0.09297653287649155,1511.3479225336412,,crashed,19.909868240356445,26.178298950195312,777,0.0,,COMPLETE
421,1520.000040579868,2026-07-01 13:35:49.400525,2026-07-01 13:35:50.694389,0 days 00:00:01.293864,0.8694238953348331,4.479102327342754,0.24423982038766265,4.518319958130965,5.563531718922843,0.021159329812390427,9,0.42797950836345533,1.7244448730331678,45,0.09652822064493927,95.12658008188971,75.34063466591049,0.6433402582214902,1.0939751479281559,1.2794623374938965,0,True,,0.27253457903862,0.0,0.11993228644132614,1.923633098602295,1,8.068242073059082,0.08352389186620712,1520.000040579868,,crashed,12.086871147155762,23.483858108520508,590,0.0,,COMPLETE
422,1476.2090986892852,2026-07-01 13:35:50.709580,2026-07-01 13:35:54.516197,0 days 00:00:03.806617,0.8344683762489541,5.243876987576942,0.11011048307488269,11.690193205760135,3.473215959959845,0.018588169176845706,8,0.4900956108744955,1.2564621997995151,42,0.15223650226847554,73.81630033073041,10.751887475425036,0.6313470874031624,0.5774058282873578,0.7969629168510437,0,True,,0.8100566864013672,0.0,0.1894330233335495,1.4611401557922363,1,13.94518756866455,0.14436310529708862,1476.2090986892852,,crashed,25.67677879333496,24.815122604370117,1718,0.0,,COMPLETE
423,428.49324177529024,2026-07-01 13:35:54.532508,2026-07-01 13:36:06.438640,0 days 00:00:11.906132,0.7896607411549013,4.9888064369259695,0.188231718299585,4.181645314086466,2.917837487152407,0.02581121528482926,9,0.46554140533319877,1.5547135664648155,39,0.1398485671615787,77.92345255967798,77.35173406666634,0.6648798959093598,0.9390516078866054,1.0357047319412231,1,True,,0.5750135183334351,85.6500015258789,0.192281112074852,1.8689824342727661,1,78.0407485961914,0.8078043460845947,428.49324177529024,,crashed,20.354326248168945,21.823034286499023,6921,0.0,,COMPLETE
424,1019.3685510813233,2026-07-01 13:36:06.453011,2026-07-01 13:36:11.349863,0 days 00:00:04.896852,0.8581593045788858,5.411078214274314,1.9817968593377477e-05,4.625054390429164,2.187428161256113,0.8617429002045826,11,0.3902518146859828,1.4193728267668937,43,0.10696242658129596,87.06400649810695,96.65485291772197,0.5616305208021908,0.00010723657810679743,1.2089506387710571,0,True,,0.3622816801071167,77.38999938964844,0.1390102058649063,1.7837632894515991,1,37.365596771240234,0.38677725195884705,1019.3685510813233,,crashed,19.338228225708008,28.4669189453125,2965,0.0,,COMPLETE
425,1514.7329579292611,2026-07-01 13:36:11.362231,2026-07-01 13:36:12.735655,0 days 00:00:01.373424,0.8114889592819787,5.642589285643796,0.05709061771199481,5.135023406924871,3.2463487386262675,0.017378865131496567,10,0.5448879066295271,1.8914346791620744,56,0.12218094976513529,92.0545109608798,108.6996160684233,0.6123618931641454,0.32213890781248783,1.2052448987960815,0,True,,0.2860407531261444,0.0,0.14676743745803833,1.9356132745742798,1,8.621354103088379,0.08924981951713562,1514.7329579292611,,crashed,16.58318328857422,24.53749656677246,679,0.0,,COMPLETE
426,1571.076433498881,2026-07-01 13:36:12.748827,2026-07-01 13:36:17.299062,0 days 00:00:04.550235,0.8425402860646007,4.725175746118232,0.10873895892635156,0.5211141543680409,4.10995264386034,0.0307046834249904,9,0.5693388845014389,1.0740745761842174,113,0.1838952128889742,95.94066302752911,106.4087098870123,0.5845193384753473,0.513810691376943,0.2459781914949417,0,True,,0.22272174060344696,0.0,0.08556977659463882,1.2191975116729736,1,6.665797710418701,0.06900554150342941,1571.076433498881,,crashed,5.114077091217041,13.942034721374512,2849,0.0,,COMPLETE
427,1525.4666287499801,2026-07-01 13:36:17.311067,2026-07-01 13:36:18.304649,0 days 00:00:00.993582,0.86356982668545,4.509906713769911,0.17073715421220906,0.01954384957394506,2.6628433338869337,0.02262408862397583,9,0.4187490760701981,1.3459024246511344,47,0.13746099212613105,74.82612115535088,79.92324605878517,0.6456825392987494,0.7700086380716102,1.318480134010315,0,True,,0.21722614765167236,0.0,0.11139597743749619,1.9201551675796509,1,7.490167617797852,0.07753956317901611,1525.4666287499801,,crashed,11.148789405822754,22.48426055908203,526,0.0,,COMPLETE
428,1630.6950781792584,2026-07-01 13:36:18.319191,2026-07-01 13:36:18.593151,0 days 00:00:00.273960,0.7597920129864396,4.864416153600112,1.4808965593069052,4.892745057611844,3.5685353703385707,0.6522464973113477,8,0.5036641766731711,1.6267781685140383,52,0.1260699170955682,76.60448467623804,83.08301779511021,0.5340009851658101,7.203697144903336,0.2881220877170563,0,True,,0.4011288583278656,0.0,0.22822313010692596,0.8755360245704651,1,0.47438111901283264,0.004910879302769899,1630.6950781792584,,crashed,0.48113545775413513,20.14264488220215,217,0.0,,COMPLETE
429,1018.5140801177289,2026-07-01 13:36:18.605301,2026-07-01 13:36:32.683485,0 days 00:00:14.078184,0.7843836191776803,5.185656022683035,0.06598498139590545,10.376293520517027,3.0431499737954053,0.021225067232408693,9,0.4580828073095951,1.2106582377165023,35,0.16299175875789237,72.5702485939888,110.63377608561086,0.5973611756966215,0.34217541618230507,0.8486582636833191,2,False,,0.5658338069915771,0.0,0.15693341195583344,1.464524745941162,0,82.3048095703125,0.8520342707633972,1018.5140801177289,,incomplete,22.169878005981445,27.18425941467285,9000,0.0,,COMPLETE
430,1539.2728317104022,2026-07-01 13:36:32.695881,2026-07-01 13:36:33.601649,0 days 00:00:00.905768,0.8249753547407133,5.055773600462561,0.227933912212823,4.078359788989869,3.735604169813713,0.9866592593093504,12,0.022603171327535088,1.482023853902729,38,0.11185499540905666,57.59037268599254,88.23775454104091,0.6866526199480016,1.1523822560157413,1.3251842260360718,0,True,,0.2740115225315094,0.0,0.09069313853979111,1.9018428325653076,1,6.056058883666992,0.06269341707229614,1539.2728317104022,,crashed,6.0788397789001465,20.64421272277832,472,0.0,,COMPLETE
431,1633.6367666858853,2026-07-01 13:36:33.617162,2026-07-01 13:36:34.009680,0 days 00:00:00.392518,0.8794087762136772,3.2075819938149923,0.05937414435514012,4.645416730834137,4.409428466548752,0.013795544735167082,10,0.39896818708370635,1.410838134246457,49,0.02751664502611214,89.61429618123536,114.43968050914481,0.5717817717822944,0.19044743633171954,0.2294556349515915,0,True,,0.4782005548477173,0.0,0.2648633122444153,0.4201776385307312,1,0.4735736846923828,0.004902520217001438,1633.6367666858853,,crashed,8.436394691467285,24.38714599609375,278,0.0,,COMPLETE
432,1438.539528363761,2026-07-01 13:36:34.022221,2026-07-01 13:36:36.665303,0 days 00:00:02.643082,0.8468142141752639,2.9099400253889676,0.13229003156042243,9.717092804845029,2.4106676546466828,0.02464323477963488,9,0.4433427863268877,1.7845636394785487,45,0.15512700578128524,79.9657043084277,104.42997277620796,0.9981844529873488,0.38495605779764297,1.1318949460983276,0,True,,0.35129547119140625,0.0,0.13731269538402557,1.8517320156097412,1,18.574281692504883,0.19228430092334747,1438.539528363761,,crashed,12.50679874420166,21.30646514892578,1544,0.0,,COMPLETE
433,1531.548883481449,2026-07-01 13:36:36.677760,2026-07-01 13:36:37.663717,0 days 00:00:00.985957,0.8072615118523693,3.945461606066114,0.10925128162284446,3.482146535305196,3.344514977664068,0.02944335245135915,14,0.5945982388898339,1.5533423299843294,6,0.08937605925735487,61.96825043439146,78.31260526532752,0.6270926500704095,0.43104673705644925,1.3446407318115234,0,True,,0.2051350474357605,0.0,0.08253885805606842,1.9219260215759277,1,6.857874393463135,0.07099395245313644,1531.548883481449,,crashed,18.658702850341797,23.94159698486328,507,0.0,,COMPLETE
434,15.441503656590156,2026-07-01 13:36:37.678376,2026-07-01 13:36:51.115791,0 days 00:00:13.437415,0.8689539274783203,4.4762337543640145,0.0005735026738651607,5.321256870848548,3.9991951517874114,0.034171849881278075,11,0.5240768697932927,1.1384044244366258,40,0.14039181248326058,71.64311273210055,109.2951199809467,0.6605449714095034,0.002567132026973249,1.032453179359436,3,False,,0.6047511100769043,84.56999969482422,0.17871184647083282,1.9269872903823853,0,96.60294342041016,1.0,15.441503656590156,,finished,28.37730598449707,29.953758239746094,8525,0.0,,COMPLETE
435,672.9947391152476,2026-07-01 13:36:51.128808,2026-07-01 13:37:04.678088,0 days 00:00:13.549280,0.8854824174343158,4.4691999319332,0.001482143297697261,5.239095185411457,3.9881728615883794,0.03335936557689662,3,0.5253291187996662,1.0453977192216184,37,0.1717844522709432,74.98729317455597,109.74250982687462,0.6603341757893428,0.006623994725183846,0.9975988268852234,2,False,,0.5994400382041931,88.37999725341797,0.17342746257781982,1.9231692552566528,0,96.52184295654297,0.9991955161094666,672.9947391152476,,finished,33.04948425292969,28.670820236206055,8946,0.0,,COMPLETE
436,1455.9728802566558,2026-07-01 13:37:04.691252,2026-07-01 13:37:07.634804,0 days 00:00:02.943552,0.561359137163403,4.133219917677081,0.05080941374688345,5.38575720797749,3.7064632795623313,0.032081440857721355,9,0.5623087153263158,0.9884749625916056,40,0.03956328353464942,73.08367491614698,107.04841700604612,0.6164237579161091,0.2100064809041144,1.0311181545257568,0,True,,0.5179489254951477,0.0,0.1700383424758911,1.897495150566101,1,15.091645240783691,0.15623144805431366,1455.9728802566558,,crashed,32.35807418823242,25.736122131347656,1416,0.0,,COMPLETE
437,1014.7498460977178,2026-07-01 13:37:07.650722,2026-07-01 13:37:22.707776,0 days 00:00:15.057054,0.8649577504390994,4.6103679869420455,0.04478101228231331,4.968605540518907,2.961480548729422,0.02718395722382256,13,0.5374349637679738,1.1945132987501954,42,0.14517275590541515,77.37526544458518,111.73506797086739,0.6402519606738764,0.20645694544923582,0.8626909852027893,2,False,,0.5857274532318115,0.0,0.15746691823005676,1.406593918800354,0,84.47805786132812,0.8745320439338684,1014.7498460977178,,incomplete,26.282617568969727,28.77830696105957,9000,0.0,,COMPLETE
438,1491.2647743830669,2026-07-01 13:37:22.720096,2026-07-01 13:37:29.393743,0 days 00:00:06.673647,0.9015486328552965,4.330983572673964,0.0024303968610164175,4.3844148434260255,1.76580291242745,0.03718458150780468,10,0.516635778507784,1.1421585912331524,32,0.21086376371575452,73.80043246302189,109.6043023465667,0.4676088384270592,0.01052600888014047,0.533270537853241,0,True,,1.662448525428772,0.0,0.1490517407655716,1.1886463165283203,1,13.73422908782959,0.1421792060136795,1491.2647743830669,,crashed,25.294029235839844,31.48297882080078,3807,0.0,,COMPLETE
439,1046.0809167812552,2026-07-01 13:37:29.406422,2026-07-01 13:37:42.303000,0 days 00:00:12.896578,0.8658391995823199,4.6846387907226,0.06423474006468864,5.289184555064434,3.428414244041229,0.035849999269808766,9,0.3750481792492175,1.1274709616072065,40,0.13800835641413103,59.878779802625836,108.51690350895304,0.5974433206544358,0.30091655501902353,0.9619141221046448,2,True,,0.5764047503471375,0.0,0.16379587352275848,1.722525715827942,1,86.499755859375,0.8954611420631409,1046.0809167812552,,crashed,24.850431442260742,25.19944953918457,8252,0.0,,COMPLETE
440,1000000000.0,2026-07-01 13:37:42.315986,2026-07-01 13:37:42.477555,0 days 00:00:00.161569,0.8900506099546952,3.5654351069310004,0.06107336768865301,2.917621511643805,2.6577081731662338,0.015937038541089056,9,0.5525839213054067,4.908169397331197,38,0.1869660906447481,88.44281861385177,111.92340649091463,0.622572236249146,0.21775312925562887,0.0,0,False,algo.apex.min_lookahead_m (4.9081693) must be <= algo.apex.max_lookahead_m (2.6577082),0.0,0.0,0.0,0.0,0,0.0,0.0,1000000000.0,,invalid,0.0,0.0,0,0.0,,COMPLETE
