number,value,datetime_start,datetime_complete,duration,params_algo.apex.apex_lookahead_weight,params_algo.apex.apex_switch_hysteresis_factor,params_algo.apex.apex_switch_threshold_rad,params_algo.apex.lookahead_sensitivity,params_algo.apex.max_lookahead_m,params_algo.apex.max_opposite_dist_error_m,params_algo.apex.median_window,params_algo.apex.min_forward_m,params_algo.apex.min_lookahead_m,params_algo.apex.min_points,params_algo.apex.min_range_jump_m,params_algo.apex.side_lookahead_center_deg,params_algo.apex.side_lookahead_fov_deg,params_algo.apex.wall_clearance_m,user_attrs_apex_stability_product,user_attrs_avg_speed_ms,user_attrs_completed_laps,user_attrs_crashed,user_attrs_error,user_attrs_heading_rms_rad,user_attrs_lap_time_s,user_attrs_lateral_rms_m,user_attrs_max_speed_ms,user_attrs_off_track_count,user_attrs_progress_m,user_attrs_progress_ratio,user_attrs_score,user_attrs_seeded_baseline,user_attrs_status,user_attrs_steering_rate_rms,user_attrs_throttle_rate_rms,user_attrs_ticks,user_attrs_unavailable_fraction,system_attrs_fixed_params,state
478,1002.6506644658616,2026-07-01 13:42:18.878350,2026-07-01 13:42:36.256258,0 days 00:00:17.377908,0.6499562671800919,4.143267123457249,0.0009108651717181365,4.547410114130483,3.284924851310811,0.02772290716341091,9,0.5433153372972881,1.212080155643087,36,0.035636913440514714,45.50630558146713,114.9449614160154,0.7084739715017372,0.0037739577198819966,1.0001081228256226,2,False,,0.5393404960632324,0.0,0.1254655122756958,1.9144841432571411,0,91.18968963623047,0.9440121054649353,1002.6506644658616,,incomplete,39.17490005493164,27.694610595703125,9000,0.0,,COMPLETE
479,1630.5355011455329,2026-07-01 13:42:36.272667,2026-07-01 13:42:36.740457,0 days 00:00:00.467790,0.8049248624162609,4.610209428597435,0.06590329738353976,3.5215662416632396,2.5820039328072824,0.033388255068529535,8,0.4598066781028949,1.4619137407002976,4,0.03381236692142632,57.80870142418672,108.18265082220861,0.2577510848626942,0.30382800297325563,0.2676752507686615,0,True,,0.4179348051548004,0.0,0.26361122727394104,0.5012291669845581,1,0.5892047882080078,0.006099554244428873,1630.5355011455329,,crashed,14.268775939941406,22.349868774414062,275,0.0,,COMPLETE
480,1263.2655421893767,2026-07-01 13:42:36.759777,2026-07-01 13:42:46.637937,0 days 00:00:09.878160,0.8251894957934539,4.33921432866595,0.17889182972415202,4.679842188061277,3.57713361879863,0.041024251881162634,9,0.43725642732918896,1.098281841250081,59,0.18447099168794936,53.156002815858585,119.91028195369606,0.6536597054046541,0.7762499908203097,0.8481049537658691,1,True,,0.5736210346221924,0.0,0.18759168684482574,1.8723982572555542,1,42.76128005981445,0.4426725208759308,1263.2655421893767,,crashed,30.01445770263672,26.493383407592773,4729,0.0,,COMPLETE
481,1523.8540189437028,2026-07-01 13:42:46.655817,2026-07-01 13:42:49.247411,0 days 00:00:02.591594,0.7879076938653917,4.888657568526984,0.26797745725744326,4.2202756726028605,2.10058034452664,0.024857331816599552,9,0.47723219467977057,1.3401401770627233,74,0.14309176792114134,60.312995355742565,104.17734556792985,0.5795369290933441,1.3100500246162163,0.8236166834831238,0,True,,0.33218491077423096,0.0,0.1477074772119522,1.4887794256210327,1,8.589354515075684,0.088918536901474,1523.8540189437028,,crashed,11.726716041564941,23.83317756652832,1004,0.0,,COMPLETE
482,1535.9702897084326,2026-07-01 13:42:49.267894,2026-07-01 13:42:50.623213,0 days 00:00:01.355319,0.8391365489799514,4.63798896616069,0.10656878338404137,4.689170028316962,4.077372835460142,0.03632284177364868,10,0.6010864049444473,1.241637222259244,6,0.1714174577388086,58.46544500455552,111.17735345440859,0.6084652551360695,0.49426484147235256,1.2436530590057373,0,True,,0.10962095856666565,0.0,0.07348347455263138,1.922013521194458,1,6.396953582763672,0.0662224143743515,1535.9702897084326,,crashed,32.4871940612793,23.9947566986084,541,0.0,,COMPLETE
483,1508.2495094631497,2026-07-01 13:42:50.640965,2026-07-01 13:42:52.497469,0 days 00:00:01.856504,0.6036611900946984,4.395151906194736,0.06463980143369322,3.9486589126810605,3.093500637743036,0.04729056983500687,9,0.4151826114704631,2.209621577989922,32,0.1310630888520281,52.07910519720295,77.10451223164722,0.15353304516105254,0.284101746487346,1.2547088861465454,0,True,,0.3213637173175812,0.0,0.11695537716150284,1.9152741432189941,1,9.351422309875488,0.09680759906768799,1508.2495094631497,,crashed,11.536612510681152,25.460670471191406,716,0.0,,COMPLETE
484,1504.7824082709965,2026-07-01 13:42:52.515313,2026-07-01 13:42:54.486850,0 days 00:00:01.971537,0.8114226812690863,5.027283025676124,0.15474254764533546,4.39327261552826,3.6419350765147134,0.02983683346421366,9,0.5059984517841922,1.6340182014617692,9,0.1601538883521032,95.92828292823799,80.49031643375956,0.549820318235831,0.7779345831272738,1.211279273033142,0,True,,0.3415009081363678,0.0,0.12545450031757355,1.9213194847106934,1,9.741493225097656,0.10084569454193115,1504.7824082709965,,crashed,19.28143310546875,23.245534896850586,778,0.0,,COMPLETE
485,1482.036177671412,2026-07-01 13:42:54.503677,2026-07-01 13:42:58.874053,0 days 00:00:04.370376,0.7327883387784253,4.141189784993834,0.06082750342252018,3.6227820099464005,1.6800710358403865,0.011450284949814269,10,0.4384488519527828,1.460775190236352,37,0.2009642945544262,58.60183198862772,100.48238422009767,0.6251424843505937,0.251898235820018,0.7244361042976379,0,True,,0.5891129374504089,0.0,0.15556852519512177,1.4567229747772217,1,13.69903564453125,0.14181488752365112,1482.036177671412,,crashed,26.203445434570312,29.604827880859375,1840,0.0,,COMPLETE
486,1489.335650156315,2026-07-01 13:42:58.891280,2026-07-01 13:43:01.908168,0 days 00:00:03.016888,0.7608144649012206,4.749165847368868,0.23001979957364183,4.825510696254674,2.7968490813368776,0.022152454240926885,8,0.5262528431861173,1.3513276804648666,38,0.12477240913199714,55.952206023626836,112.46048402109793,0.6480454748512603,1.092402176353772,0.8803221583366394,0,True,,0.4643360376358032,0.0,0.14598922431468964,1.8395438194274902,1,12.038078308105469,0.12462035566568375,1489.335650156315,,crashed,17.586828231811523,21.998926162719727,1325,0.0,,COMPLETE
487,1441.4895997509946,2026-07-01 13:43:01.922356,2026-07-01 13:43:04.508547,0 days 00:00:02.586191,0.8335270012877788,4.564378584241292,0.0019265543822299105,3.154295065938235,3.3289538904152685,0.026097838344465975,9,0.45996745485071333,0.999128625096482,34,0.1425598892305084,55.91179836660258,108.81994877066481,0.5662157000203272,0.008793523563626416,1.2085334062576294,0,True,,0.34534159302711487,0.0,0.12807516753673553,1.9197630882263184,1,18.223270416259766,0.18865056335926056,1441.4895997509946,,crashed,20.75678062438965,29.32381248474121,1457,0.0,,COMPLETE
488,1470.924047190697,2026-07-01 13:43:04.521814,2026-07-01 13:43:06.638928,0 days 00:00:02.117114,0.7977998699841788,4.9125945465789025,0.1407486198107405,4.2873427059043525,2.4125413604199863,1.1201652153245254,9,0.41324897355538165,1.5547428511164976,13,0.0460388608232649,62.36628949635224,115.58113393222052,0.5944676517302039,0.691440902120751,1.192981243133545,0,True,,0.374786376953125,0.0,0.13956965506076813,1.877535104751587,1,13.814598083496094,0.143011212348938,1470.924047190697,,crashed,19.526996612548828,24.218772888183594,1136,0.0,,COMPLETE
489,1179.4201752030456,2026-07-01 13:43:06.654949,2026-07-01 13:43:14.229426,0 days 00:00:07.574477,0.7797583381643508,4.276372707765259,0.06291163984508252,4.5891724833647,3.8567520269896973,0.031457068754796404,15,0.49568018526056984,1.2135616612494495,6,0.06628789188199369,81.95323232821856,106.00890429032357,0.305197622198503,0.2690336196342683,1.1402524709701538,1,True,,0.5634427070617676,0.0,0.16980338096618652,1.9036279916763306,1,61.21767044067383,0.6337363719940186,1179.4201752030456,,crashed,24.933502197265625,25.839080810546875,4964,0.0,,COMPLETE
490,1521.7090590029109,2026-07-01 13:43:14.242786,2026-07-01 13:43:15.396063,0 days 00:00:01.153277,0.9271232552365787,4.692510503538525,0.11518071510397243,4.954262755628017,3.146694661081064,1.8158777136445152,1,0.566269447784874,1.4058990733893877,11,0.1637941286309373,97.02789425326773,74.89727581586796,0.6833358337878812,0.5404867154304691,1.117719054222107,0,True,,0.28775298595428467,0.0,0.11177700757980347,1.632312536239624,1,7.884549617767334,0.08162227272987366,1521.7090590029109,,crashed,26.8934383392334,25.333276748657227,682,0.0,,COMPLETE
491,1525.4666287499801,2026-07-01 13:43:15.407639,2026-07-01 13:43:16.412218,0 days 00:00:01.004579,0.8431039576920457,4.448705365699003,0.0008974104894111934,5.383744364273562,7.56003827509365,0.03451524519153749,14,0.4801021133832642,1.132110814017223,40,0.11877874519478425,53.614902893148894,36.804096876209975,0.615553118850134,0.003992314859478144,1.2808533906936646,0,True,,0.2505645751953125,0.0,0.10477261990308762,1.910117506980896,1,7.490167617797852,0.07753956317901611,1525.4666287499801,,crashed,14.25621509552002,26.11907958984375,544,0.0,,COMPLETE
492,1050.4408774588717,2026-07-01 13:43:16.423582,2026-07-01 13:43:28.316345,0 days 00:00:11.892763,0.8289072406121523,7.851881552019437,0.18635888993859848,3.9667625358276086,2.7493282079962897,0.020467001790121564,9,0.4542183705181313,1.3024775646797164,36,0.14822348481967637,92.68895692580017,110.61362186290886,0.5853792961982482,1.4632679299637021,0.916310727596283,2,True,,0.5799199342727661,0.0,0.1683511883020401,1.5982158184051514,1,83.09716033935547,0.8602367043495178,1050.4408774588717,,crashed,19.452774047851562,22.352075576782227,8375,0.0,,COMPLETE
493,1000000000.0,2026-07-01 13:43:28.329032,2026-07-01 13:43:28.489845,0 days 00:00:00.160813,0.8913313983770336,5.1150531785208955,0.0646616065385307,4.302045078126058,1.0006193474933265,0.028491855328794048,10,0.4252924101165221,1.6900993149595156,7,0.18601843162633977,59.91664822296963,103.66497735577767,0.661228222175155,0.330747556053179,0.0,0,False,algo.apex.min_lookahead_m (1.6900994) must be <= algo.apex.max_lookahead_m (1.0006193),0.0,0.0,0.0,0.0,0,0.0,0.0,1000000000.0,,invalid,0.0,0.0,0,0.0,,COMPLETE
494,1627.549319759921,2026-07-01 13:43:28.502280,2026-07-01 13:43:28.790544,0 days 00:00:00.288264,0.6144850047205686,4.852013418833252,1.3470728728396149,4.69529594484341,4.245264385057086,0.052023703734028585,7,0.5385859117608028,1.4784416995661613,56,0.13540970444852168,57.35290600700232,107.6021915164549,0.5416589143294578,6.5360156551640705,0.31123363971710205,0,True,,0.3618011772632599,0.0,0.2336522936820984,0.991335391998291,1,0.6677716374397278,0.006912892684340477,1627.549319759921,,crashed,0.28964340686798096,19.571044921875,253,0.0,,COMPLETE
495,1522.7213438236904,2026-07-01 13:43:28.803151,2026-07-01 13:43:29.787723,0 days 00:00:00.984572,0.567298749222122,3.990959368265222,0.25410103188506045,5.685996324399926,3.690561477030236,0.02402849351070371,9,0.4428263882989723,1.386769988543902,42,0.06043490466533597,95.178663218365,81.85710163017974,0.6298018339492615,1.014106893687542,1.2947824001312256,0,True,,0.2697955369949341,0.0,0.11788345128297806,1.904444694519043,1,7.778125286102295,0.08052055537700653,1522.7213438236904,,crashed,10.956050872802734,22.542566299438477,560,0.0,,COMPLETE
496,10.815322584059501,2026-07-01 13:43:29.800353,2026-07-01 13:43:41.199764,0 days 00:00:11.399411,0.8547344140825579,4.536640722486312,0.12758646903378684,3.6734307136793145,3.3460630822593633,0.03874098024239387,9,0.5148628449785748,1.2623871593512639,28,0.11632846304345047,80.68534990630577,112.75816838827868,0.5978020113495344,0.5788139710569162,1.0814099311828613,3,False,,0.5874549746513367,82.54000091552734,0.18478427827358246,1.9251424074172974,0,96.59931182861328,1.0,10.815322584059501,,finished,22.663726806640625,24.01521873474121,8212,0.0,,COMPLETE
497,1529.3674379746287,2026-07-01 13:43:41.211673,2026-07-01 13:43:42.162012,0 days 00:00:00.950339,0.8551866742328651,3.2711284930191167,0.10081694307436104,2.938198326668064,17.43181331849178,0.026887473428977387,8,0.5133930663966423,1.5818558330998218,30,0.10954953204062846,80.1823704620803,40.12810394879233,0.6107506201811905,0.3297851750696287,1.3178774118423462,0,True,,0.22372303903102875,0.0,0.09614664316177368,1.9190436601638794,1,7.08445405960083,0.07333954423666,1529.3674379746287,,crashed,15.359870910644531,23.692138671875,516,0.0,,COMPLETE
498,1525.4666287499801,2026-07-01 13:43:42.175535,2026-07-01 13:43:43.207684,0 days 00:00:01.032149,0.8192466517382683,4.979523158003297,0.062313941834534245,3.4578967990853595,3.5456997573032583,0.03329465197292524,9,0.538343019604177,1.1457581917486899,32,0.11789967162971765,76.77647705935942,109.55506436862046,0.6430043593063872,0.31029371643153375,1.2487248182296753,0,True,,0.25753042101860046,0.0,0.11285587400197983,1.9117851257324219,1,7.490167617797852,0.07753956317901611,1525.4666287499801,,crashed,21.083017349243164,24.836793899536133,561,0.0,,COMPLETE
499,1020.5616236203783,2026-07-01 13:43:43.219731,2026-07-01 13:43:56.879803,0 days 00:00:13.660072,0.8753067917404823,4.231362516067314,0.0007590400049346335,5.19619260522986,4.0842150996199535,0.03753753091031937,10,0.5862191910635485,1.4853249206037258,33,0.031211795173100517,79.43793806391294,106.36818809831873,0.6003609162683656,0.0032117734250759573,0.8948469161987305,2,False,,0.5429845452308655,0.0,0.14898693561553955,1.8866081237792969,0,79.76473999023438,0.8257390856742859,1020.5616236203783,,incomplete,38.66428756713867,27.19417381286621,9000,0.0,,COMPLETE
