number,value,datetime_start,datetime_complete,duration,params_algo.apex.apex_lookahead_weight,params_algo.apex.apex_switch_hysteresis_factor,params_algo.apex.apex_switch_threshold_rad,params_algo.apex.lookahead_sensitivity,params_algo.apex.max_lookahead_m,params_algo.apex.max_opposite_dist_error_m,params_algo.apex.median_window,params_algo.apex.min_forward_m,params_algo.apex.min_lookahead_m,params_algo.apex.min_points,params_algo.apex.min_range_jump_m,params_algo.apex.side_lookahead_center_deg,params_algo.apex.side_lookahead_fov_deg,params_algo.apex.wall_clearance_m,user_attrs_apex_stability_product,user_attrs_avg_speed_ms,user_attrs_completed_laps,user_attrs_crashed,user_attrs_error,user_attrs_heading_rms_rad,user_attrs_lap_time_s,user_attrs_lateral_rms_m,user_attrs_max_speed_ms,user_attrs_off_track_count,user_attrs_progress_m,user_attrs_progress_ratio,user_attrs_score,user_attrs_seeded_baseline,user_attrs_status,user_attrs_steering_rate_rms,user_attrs_throttle_rate_rms,user_attrs_ticks,user_attrs_unavailable_fraction,system_attrs_fixed_params,state
182,1481.7204741708927,2026-07-01 13:13:06.717296,2026-07-01 13:13:16.744223,0 days 00:00:10.026927,0.74553097395683,6.432247724292338,0.00048088950620437526,5.209632286239366,1.7516580371126156,0.10584906070950252,9,0.5117965728491567,1.0499494256980102,4,0.44100803512142084,98.5241667656436,64.5782693286673,0.6117333898982492,0.0030932004319191592,0.31262722611427307,0,True,,0.5039897561073303,0.0,0.17982222139835358,0.6314013004302979,1,16.084667205810547,0.16651137173175812,1481.7204741708927,,crashed,38.444705963134766,31.962860107421875,5339,0.0,,COMPLETE
183,1106.1955038442436,2026-07-01 13:13:16.756630,2026-07-01 13:13:31.658983,0 days 00:00:14.902353,0.6905008583046087,6.089136624651388,0.16399597229734258,4.274882741446677,2.415401751034349,0.07291046444686129,10,0.6628661021038641,1.1912538133142683,9,0.23143088259982192,99.26981396825673,70.47053152016781,0.7336695024681719,0.9985938812110632,0.6039448380470276,1,False,,0.5734403729438782,0.0,0.1562408208847046,1.174041748046875,0,56.48963928222656,0.5847909450531006,1106.1955038442436,,incomplete,31.9823055267334,32.13566207885742,9000,0.0,,COMPLETE
184,1571.6031592925065,2026-07-01 13:13:31.671862,2026-07-01 13:13:38.222162,0 days 00:00:06.550300,0.6486653581465021,6.068379022681415,0.12597680324884908,3.5665122821476545,2.403536705933071,0.07191865382814684,11,0.5508014727917471,0.9141167121811772,105,0.2077079318397732,99.70161203770678,70.863245417589,0.5924707841727082,0.7644749901797797,0.19514493644237518,0,True,,0.20201103389263153,0.0,0.10851400345563889,0.32846665382385254,1,6.875709533691406,0.07117858529090881,1571.6031592925065,,crashed,7.119300842285156,15.683985710144043,3575,0.0,,COMPLETE
185,1534.9639507406253,2026-07-01 13:13:38.237841,2026-07-01 13:13:39.434635,0 days 00:00:01.196794,0.7615132758183978,5.423797571288977,0.298581477573655,4.031146217544859,3.140524422632522,0.08054791620397458,10,0.6702514147351857,1.142898644276507,9,0.16217310946906852,101.86018449999128,79.39294700855133,0.6917107798223455,1.6194454928958641,1.153002142906189,0,True,,0.14730104804039001,0.0,0.060623858124017715,1.7458183765411377,1,6.501117706298828,0.06730074435472488,1534.9639507406253,,crashed,32.17024230957031,23.673009872436523,595,0.0,,COMPLETE
186,1036.8466494158952,2026-07-01 13:13:39.447515,2026-07-01 13:13:54.743794,0 days 00:00:15.296279,0.6321283879074755,5.883700075306865,0.19582213967146386,4.537809548446095,2.851377563319548,0.06161776814428376,9,0.4854321721969223,1.376310317257265,10,0.21814344012540285,86.41396373454012,74.63960615386767,0.7251713870007042,1.1521587379317433,0.7694688439369202,2,False,,0.5743296146392822,0.0,0.17024701833724976,1.305886149406433,0,74.9197998046875,0.7755832672119141,1036.8466494158952,,incomplete,27.823707580566406,27.059972763061523,9000,0.0,,COMPLETE
187,1339.2599321596736,2026-07-01 13:13:54.756175,2026-07-01 13:14:01.290430,0 days 00:00:06.534255,0.6292239304031803,5.827757667506162,0.37279999554563525,4.570350005924565,3.5861526285989758,0.05971113807615579,9,0.5228026647324627,1.449705144449929,7,0.21400103356611733,86.40605797207165,76.53433497634954,0.003896920182071495,2.1725880324873392,0.8084373474121094,0,True,,0.5878393054008484,0.0,0.2172105312347412,1.9112675189971924,1,31.4637393951416,0.32571831345558167,1339.2599321596736,,crashed,27.56829071044922,21.873315811157227,3835,0.0,,COMPLETE
188,1471.607774674417,2026-07-01 13:14:01.303522,2026-07-01 13:14:05.163126,0 days 00:00:03.859604,0.6651316867881559,5.549633247480176,0.28030383606731213,5.011906906029905,2.892121431847773,0.06278848792459463,8,0.45755778950515125,1.6532565407421878,9,0.2435070045371423,83.48006352681108,74.10084525161064,0.7044714868999679,1.5555834880353883,0.7537503242492676,0,True,,0.5053630471229553,0.0,0.18716879189014435,1.3632981777191162,1,14.712491035461426,0.15230636298656464,1471.607774674417,,crashed,29.79149627685547,27.106727600097656,1801,0.0,,COMPLETE
189,1008.1386119947978,2026-07-01 13:14:05.175985,2026-07-01 13:14:20.596539,0 days 00:00:15.420554,0.6875212726921053,6.03284948280948,0.19746632943322084,5.4161233438603995,2.193080857662367,0.04539773588588857,9,0.43567286507717634,1.365461791022903,11,0.15276650069098355,87.8532395164587,73.18517238695289,0.7297945271937537,1.1912846433934927,0.9097542762756348,2,False,,0.5731227397918701,0.0,0.16714559495449066,1.5967386960983276,0,88.4081039428711,0.9152166247367859,1008.1386119947978,,incomplete,18.76209259033203,22.324357986450195,9000,0.0,,COMPLETE
190,1062.7257275413633,2026-07-01 13:14:20.611385,2026-07-01 13:14:35.803789,0 days 00:00:15.192404,0.6777355397973344,6.030727759073626,0.19996863160114975,5.590785556679977,2.032101973895336,0.045702583117159905,9,0.4761524920153971,1.3659184242898348,16,0.2286848640599442,87.82778919095712,73.78706242587843,0.713349030495445,1.2059563775410214,0.6899552345275879,2,False,,0.5660231709480286,0.0,0.1665029674768448,1.2955104112625122,0,66.92864990234375,0.6928575038909912,1062.7257275413633,,incomplete,21.983978271484375,30.00721549987793,9000,0.0,,COMPLETE
191,1245.2016508216027,2026-07-01 13:14:35.817722,2026-07-01 13:14:45.676205,0 days 00:00:09.858483,0.6867159388211944,6.3352382272211045,0.19891308370512384,5.871560050755782,2.1505153156932195,0.04708464530519668,9,0.4189926393697355,1.3745616162369227,15,0.18989850551701853,85.41954453254641,74.78169996322458,0.7272678464667138,1.260161771783132,0.81241774559021,1,True,,0.5352627635002136,0.0,0.16437235474586487,1.5857245922088623,1,46.84877395629883,0.4849870204925537,1245.2016508216027,,crashed,18.71495819091797,26.006765365600586,5312,0.0,,COMPLETE
192,1211.1517975634708,2026-07-01 13:14:45.690736,2026-07-01 13:14:57.252103,0 days 00:00:11.561367,0.6513766769957642,6.022706077337741,0.23991754936359075,5.592530979502967,2.346353942928893,0.044382808962562165,9,0.47582719180029864,1.5356754340700909,17,0.23913079077407326,87.72279083210373,72.27845669049678,0.7495508442736701,1.4449528826120754,0.7230927348136902,0,True,,0.46931472420692444,0.0,0.16175565123558044,1.3379807472229004,1,49.0101318359375,0.5073617100715637,1211.1517975634708,,crashed,21.445274353027344,28.36087989807129,6367,0.0,,COMPLETE
193,1179.348226064727,2026-07-01 13:14:57.266127,2026-07-01 13:15:11.312691,0 days 00:00:14.046564,0.643951231716884,5.993216722492671,0.3265343604134401,5.323052622589637,2.3498315438552773,0.04552028903293414,9,0.447283437410586,1.5803178870567993,18,0.22927993489536735,87.72062269451477,72.8913777065923,0.7259715812927532,1.956991189298278,0.7371469140052795,1,True,,0.5918867588043213,0.0,0.19522662460803986,1.6512436866760254,1,61.55742263793945,0.6372535824775696,1179.348226064727,,crashed,24.75293731689453,27.078920364379883,7648,0.0,,COMPLETE
194,1443.813900448972,2026-07-01 13:15:11.326597,2026-07-01 13:15:15.854155,0 days 00:00:04.527558,0.617365050860513,5.879783193831354,0.3474336668979357,5.288750324556288,2.752112031772973,0.040686363668073246,9,0.4374518293571428,1.7474547304535935,22,0.26529995894333386,89.69447108493384,78.0826547472995,0.7194126987359487,2.0428346355976834,0.7849559783935547,0,True,,0.3696002960205078,0.0,0.14895953238010406,1.497321605682373,1,19.145509719848633,0.19819776713848114,1443.813900448972,,crashed,16.098167419433594,24.84935188293457,2393,0.0,,COMPLETE
195,1000000000.0,2026-07-01 13:15:15.869439,2026-07-01 13:15:16.026073,0 days 00:00:00.156634,0.6400277739017523,6.638348320676068,0.5186912500237026,6.278499765168856,1.4416491941766427,0.03217722286572623,8,0.4413597686821541,1.457691164014805,19,0.2247122724066559,84.97399067895937,75.83480719965335,0.7719661450797712,3.4432531885442166,0.0,0,False,algo.apex.min_lookahead_m (1.4576912) must be <= algo.apex.max_lookahead_m (1.4416492),0.0,0.0,0.0,0.0,0,0.0,0.0,1000000000.0,,invalid,0.0,0.0,0,0.0,,COMPLETE
196,1478.0798988674476,2026-07-01 13:15:16.039703,2026-07-01 13:15:19.331362,0 days 00:00:03.291659,0.6763186301107161,6.059804896082256,0.4447476549816647,5.425676025045886,2.336810471812079,0.05461328698308335,9,0.39984507193737134,1.5902387558368627,14,0.18012672222927398,87.7532555747619,73.84393299045192,0.6887754198983949,2.695084017178994,0.8670142292976379,0,True,,0.47995102405548096,0.0,0.14928269386291504,1.4526809453964233,1,13.35802936553955,0.13828472793102264,1478.0798988674476,,crashed,20.000455856323242,23.074987411499023,1451,0.0,,COMPLETE
197,339.92015994459325,2026-07-01 13:15:19.344978,2026-07-01 13:15:33.656511,0 days 00:00:14.311533,0.7067481211256518,5.752469115209368,0.27568430224500573,4.90208660988063,3.43469932389792,0.05316735803645147,9,0.4889936811882792,1.3473754326836562,22,0.13578146719274978,82.71188290172535,80.47115477177718,0.6592357479430401,1.58586543421244,1.0323587656021118,2,False,,0.5977306365966797,87.75,0.19812016189098358,1.9406850337982178,0,96.3440170288086,0.9973463416099548,339.92015994459325,,finished,22.481637954711914,20.83576011657715,8850,0.0,,COMPLETE
198,1002.0153085517513,2026-07-01 13:15:33.668201,2026-07-01 13:15:47.416995,0 days 00:00:13.748794,0.7077287639050817,5.7542408552376445,0.2859720786270964,5.935247151213854,2.8330512141839153,0.0465087382645844,9,0.490522627037748,1.3628526426116048,22,0.14795551990217465,81.53321346954415,81.23049077299792,0.6490574286091337,1.64555221829327,0.9712634086608887,2,False,,0.5897341370582581,0.0,0.1759348064661026,1.7409169673919678,0,93.52298736572266,0.9681668281555176,1002.0153085517513,,incomplete,19.504179000854492,21.02164649963379,9000,0.0,,COMPLETE
199,1464.580424051769,2026-07-01 13:15:47.428781,2026-07-01 13:15:50.524990,0 days 00:00:03.096209,0.7064177949661696,5.820836987196758,0.3842768766547169,6.097275383388385,3.7971825750148462,0.03671526776806434,8,0.48733866687571287,1.3819178365172033,21,0.16210191634683227,81.4723537800779,83.3953557218235,0.6537464369295094,2.2368130569562226,0.8834455013275146,0,True,,0.4995853900909424,0.0,0.20765043795108795,1.9095591306686401,1,14.774491310119629,0.15294820070266724,1464.580424051769,,crashed,34.16619873046875,23.997955322265625,1603,0.0,,COMPLETE
200,738.0047859422258,2026-07-01 13:15:50.537740,2026-07-01 13:16:03.544068,0 days 00:00:13.006328,0.7327528723230202,6.038810994240838,0.29333865829948436,4.966705427328942,2.794985957387702,0.051707467665356055,9,0.46473700223570413,1.52648775432333,27,0.1406985423326401,78.02789214216345,81.35269506261116,0.7156390284485137,1.7714167147747826,1.01917564868927,2,True,,0.5868778228759766,89.48999786376953,0.19051766395568848,1.8731138706207275,1,92.0863265991211,0.953291654586792,738.0047859422258,,crashed,20.46597671508789,20.170509338378906,8449,0.0,,COMPLETE
201,1471.3033133895076,2026-07-01 13:16:03.556147,2026-07-01 13:16:05.638720,0 days 00:00:02.082573,0.7299160459843073,6.111331342935975,0.31353315673964327,5.69452706971851,2.8642364534896,0.05142386572198009,9,0.46204650714253653,1.6400208974527448,26,0.13370093947507017,78.49139605435839,80.674712139931,0.7261547403446135,1.9161050078326396,1.169395923614502,0,True,,0.3734748065471649,0.0,0.1452355980873108,1.895867109298706,1,13.764817237854004,0.14249587059020996,1471.3033133895076,,crashed,12.266894340515137,21.053857803344727,1148,0.0,,COMPLETE
202,1344.9738686859612,2026-07-01 13:16:05.651464,2026-07-01 13:16:11.525646,0 days 00:00:05.874182,0.6976407356732647,5.930302903298556,0.2782405635058373,5.132473003591635,3.4853396774548915,0.044441561728229474,9,0.5034956348052412,1.3207786676226954,27,0.15163235632251465,82.72174605806937,79.08701442755424,0.7094568139931606,1.6500508215740932,1.074639916419983,0,True,,0.4032118320465088,0.0,0.15190619230270386,1.9172593355178833,1,34.94185256958008,0.3617243766784668,1344.9738686859612,,crashed,18.14922523498535,20.933731079101562,3493,0.0,,COMPLETE
203,1261.946529899374,2026-07-01 13:16:11.539948,2026-07-01 13:16:18.328243,0 days 00:00:06.788295,0.7228309120161164,6.435093697293671,0.2086752728737305,4.7742029001919395,2.637434085510132,0.0506713894969486,9,0.47134967622338136,1.5179644874128604,24,0.09614591432294621,80.30469440846296,83.96038048047382,0.6651915715855915,1.3428449332507801,1.2014018297195435,0,True,,0.4635063409805298,0.0,0.15858608484268188,1.909271478652954,1,50.770694732666016,0.5255873799324036,1261.946529899374,,crashed,16.07486915588379,22.93514060974121,4040,0.0,,COMPLETE
204,1517.0944287260565,2026-07-01 13:16:18.342435,2026-07-01 13:16:19.805214,0 days 00:00:01.462779,0.6757152958329505,5.744684135611837,0.34580814698414475,4.97882989654754,3.0163068921750877,0.058025226883838696,8,0.441914487124116,1.7640451303058295,22,0.12833572121943848,83.62618884428893,86.3069960625515,0.6947637136552457,1.9865585759451425,1.1910961866378784,0,True,,0.2936495542526245,0.0,0.12812109291553497,1.9098248481750488,1,8.372273445129395,0.08667128533124924,1517.0944287260565,,crashed,16.07090950012207,23.964582443237305,687,0.0,,COMPLETE
205,1331.531671133707,2026-07-01 13:16:19.818135,2026-07-01 13:16:25.500732,0 days 00:00:05.682597,0.7031779615937594,6.189433692265309,0.45135799343996585,5.43697523731721,2.267447077817349,0.044756503492437,9,0.4902993558722939,1.441382583171332,30,0.14835470762220063,77.34166712345164,80.49209213632601,0.7386331209492102,2.793650371870589,0.9272193312644958,0,True,,0.5926942229270935,0.0,0.19083653390407562,1.573663353919983,1,31.711740493774414,0.32828566431999207,1331.531671133707,,crashed,17.432401657104492,20.64015007019043,3218,0.0,,COMPLETE
206,1296.0647174837823,2026-07-01 13:16:25.514695,2026-07-01 13:16:32.022589,0 days 00:00:06.507894,0.728844514044318,5.731968956852357,0.26063946760300594,5.9928966061548286,3.4891366238225916,0.039902486684261045,9,0.36975329769362547,1.3099179095427687,17,0.13602864103867082,85.51562376624734,77.84120727987528,0.6434091650848895,1.4939773372309555,1.089777946472168,0,True,,0.4684177339076996,0.0,0.1665555238723755,1.8985332250595093,1,40.91728973388672,0.42358317971229553,1296.0647174837823,,crashed,25.438146591186523,23.13683319091797,3690,0.0,,COMPLETE
207,1525.4666287499801,2026-07-01 13:16:32.035737,2026-07-01 13:16:33.214837,0 days 00:00:01.179100,0.7753107918527721,6.059871734928372,0.15974155887682798,5.191936413792467,4.181627916645926,0.049633365972476716,9,0.49804169912086427,1.585338809013637,19,0.1978576143314292,80.33445831749226,82.10278665696832,0.7577475931411719,0.9680133575310862,1.2582430839538574,0,True,,0.24135564267635345,0.0,0.11613885313272476,1.908465027809143,1,7.490167140960693,0.07753956317901611,1525.4666287499801,,crashed,18.55735206604004,24.089202880859375,564,0.0,,COMPLETE
208,1513.6705642093668,2026-07-01 13:16:33.229806,2026-07-01 13:16:34.644577,0 days 00:00:01.414771,0.6014961928380356,5.92845277349691,0.31561359280811163,4.757176514479508,2.7808823752573035,0.055384497890102066,8,0.4712915201475406,1.3984703055659644,11,0.11778926710944944,82.25703118189138,76.58233379289153,0.5552490189519256,1.8711002796365739,1.2068570852279663,0,True,,0.3164398968219757,0.0,0.1295870840549469,1.9136145114898682,1,8.736369132995605,0.09044047445058823,1513.6705642093668,,crashed,11.531161308288574,20.803224563598633,673,0.0,,COMPLETE
209,1568.7337374941671,2026-07-01 13:16:34.657480,2026-07-01 13:16:35.609733,0 days 00:00:00.952253,0.6666039591040378,6.310694395754786,1.7019557985463065,5.786523306878741,2.036842796308564,0.0639023939709499,9,0.4526435532536043,1.4823936679251575,14,0.169793327847833,86.95342263036406,88.68929054577319,0.6762737451494977,10.740522919708539,0.7999879717826843,0,True,,0.19246573746204376,0.0,0.09368624538183212,0.9700568318367004,1,4.0722174644470215,0.04215632751584053,1568.7337374941671,,crashed,8.49349308013916,12.419120788574219,565,0.0,,COMPLETE
210,1048.4878721746502,2026-07-01 13:16:35.623455,2026-07-01 13:16:50.663779,0 days 00:00:15.040324,0.6925246868282983,5.341858081629404,0.20039957795205748,5.472761574846051,3.1284739067644054,0.04796165324481821,9,0.5072198848284247,1.2719049778771505,23,0.22055705177281845,78.77875708335999,84.81972655969832,0.618301382673911,1.07050610503832,0.7352359294891357,2,False,,0.5689271092414856,0.0,0.16679012775421143,1.2753210067749023,0,70.9496841430664,0.7344838976860046,1048.4878721746502,,incomplete,30.967512130737305,28.467370986938477,9000,0.0,,COMPLETE
211,1533.234807789636,2026-07-01 13:16:50.679962,2026-07-01 13:16:52.121408,0 days 00:00:01.441446,0.3354739096326735,5.335147875265066,0.20889533727419435,5.430947322917034,17.160894633772575,0.04740053434502472,9,0.5098079463422781,1.2723437962509723,23,0.2881230121265229,79.15483473914762,83.45060661696797,0.6238229496439497,1.1144875148111972,1.0262731313705444,0,True,,0.16428335011005402,0.0,0.1296498030424118,1.6897714138031006,1,6.682195663452148,0.06917529553174973,1533.234807789636,,crashed,18.408048629760742,18.9077205657959,714,0.0,,COMPLETE
212,1209.5903809793274,2026-07-01 13:16:52.135465,2026-07-01 13:17:03.867181,0 days 00:00:11.731716,0.6975295423170571,5.684348631789414,0.15642104117146893,6.5357574279334445,3.1423465895759484,0.05584828109209361,9,0.5318748840248922,1.2754056734380619,23,0.23433689971226848,75.4313020914526,85.88526072617958,0.578403086272074,0.8891517313661149,0.688103973865509,1,True,,0.5565417408943176,0.0,0.16620464622974396,1.3001078367233276,1,49.3480224609375,0.5108596086502075,1209.5903809793274,,crashed,31.590843200683594,29.843355178833008,6678,0.0,,COMPLETE
213,1003.9542041600486,2026-07-01 13:17:03.881915,2026-07-01 13:17:20.145335,0 days 00:00:16.263420,0.7114744982189649,5.911001416725146,0.2587957104253048,5.030976068263186,2.498446092157018,0.0415568179271845,9,0.482334296870805,1.3571901529096244,28,0.14481830278510535,73.71820618315621,80.53714979435084,0.6040283416248848,1.5297418109663672,0.9514023661613464,2,False,,0.5795398354530334,0.0,0.17171919345855713,1.6826452016830444,0,91.88423919677734,0.9512022137641907,1003.9542041600486,,incomplete,19.681398391723633,21.79091453552246,9000,0.0,,COMPLETE
214,462.5769062513075,2026-07-01 13:17:20.161186,2026-07-01 13:17:31.632817,0 days 00:00:11.471631,0.7092231043922818,6.159565075631678,0.25518071762359507,5.5704299222329645,2.443527112409199,0.039940678971872846,9,0.48103826796401483,1.6895096265435696,37,0.14731671846842534,84.46334828544342,81.33774452802271,0.6013044934101002,1.5718022362489252,1.0007572174072266,0,True,,0.5896737575531006,88.63999938964844,0.19577567279338837,1.7997095584869385,1,72.95689392089844,0.7552280426025391,462.5769062513075,,crashed,19.361886978149414,20.13361930847168,6699,0.0,,COMPLETE
215,1460.8758666801339,2026-07-01 13:17:31.645604,2026-07-01 13:17:34.414535,0 days 00:00:02.768931,0.7220760035425677,8.76195226798951,0.12122791030758093,6.289849293426781,2.586896291572295,0.038290130339395594,8,0.47908617249570534,1.8606322275917462,36,0.1557131643727878,83.82921737316613,81.67524231250032,0.6001208560275013,1.0621931636631377,1.0468610525131226,0,True,,0.5088599324226379,0.0,0.18004415929317474,1.8325802087783813,1,14.532234191894531,0.15044032037258148,1460.8758666801339,,crashed,26.689775466918945,23.07451820373535,1267,0.0,,COMPLETE
216,1458.600968624838,2026-07-01 13:17:34.427297,2026-07-01 13:17:37.337107,0 days 00:00:02.909810,0.7527971782265981,6.532231440893002,0.2354544433098911,5.6973904969383415,3.4495912718123183,0.035526387470404,10,0.49315189226502404,1.3837717537855139,46,0.1348508347609726,71.97535428696978,79.20255480607375,0.6108565940669545,1.5380429174868295,1.0151439905166626,0,True,,0.5148971080780029,0.0,0.18945525586605072,1.898452877998352,1,14.7921724319458,0.15313124656677246,1458.600968624838,,crashed,30.203147888183594,23.505935668945312,1341,0.0,,COMPLETE
217,1613.987124749088,2026-07-01 13:17:37.350003,2026-07-01 13:17:38.614666,0 days 00:00:01.264663,0.7099327891060725,6.1906510441267635,1.5807635816443455,5.007210146371279,2.6188070530403738,0.03280585748702468,7,0.5043444558536246,1.6432502660331467,34,0.11597896104924173,81.33612473413848,85.06959351441229,0.5645563465981028,9.78595571722413,0.5076231956481934,0,True,,1.765655517578125,0.0,0.17954085767269135,1.3180781602859497,1,1.0343767404556274,0.010708055458962917,1613.987124749088,,crashed,15.085572242736816,17.928449630737305,977,0.0,,COMPLETE
218,1290.7311597614316,2026-07-01 13:17:38.627962,2026-07-01 13:17:45.304607,0 days 00:00:06.676645,0.6859129315873134,4.901352899073521,0.19185462787496793,4.615108849654554,2.8317052171873818,0.07099450533153182,9,0.42816125223326523,1.5094995753215736,39,0.14727940159732145,78.44955624393768,87.94031218840504,0.5415792610648187,0.9403472365356456,0.992941677570343,0,True,,0.5820229649543762,0.0,0.19677670300006866,1.7969046831130981,1,41.23232650756836,0.4268445074558258,1290.7311597614316,,crashed,21.779356002807617,22.273284912109375,3759,0.0,,COMPLETE
