number,value,datetime_start,datetime_complete,duration,params_algo.apex.apex_lookahead_weight,params_algo.apex.apex_switch_hysteresis_factor,params_algo.apex.apex_switch_threshold_rad,params_algo.apex.lookahead_sensitivity,params_algo.apex.max_lookahead_m,params_algo.apex.max_opposite_dist_error_m,params_algo.apex.median_window,params_algo.apex.min_forward_m,params_algo.apex.min_lookahead_m,params_algo.apex.min_points,params_algo.apex.min_range_jump_m,params_algo.apex.side_lookahead_center_deg,params_algo.apex.side_lookahead_fov_deg,params_algo.apex.wall_clearance_m,user_attrs_apex_stability_product,user_attrs_avg_speed_ms,user_attrs_completed_laps,user_attrs_crashed,user_attrs_error,user_attrs_heading_rms_rad,user_attrs_lap_time_s,user_attrs_lateral_rms_m,user_attrs_max_speed_ms,user_attrs_off_track_count,user_attrs_progress_m,user_attrs_progress_ratio,user_attrs_score,user_attrs_seeded_baseline,user_attrs_status,user_attrs_steering_rate_rms,user_attrs_throttle_rate_rms,user_attrs_ticks,user_attrs_unavailable_fraction,system_attrs_fixed_params,state
330,1534.114254358991,2026-07-01 13:27:53.776325,2026-07-01 13:27:55.300726,0 days 00:00:01.524401,0.957885604676565,4.944109720337249,0.06164417308106802,4.126805698874218,3.856151599664733,0.2988446113204224,14,0.310274709741765,1.0910115058660876,43,0.17073726191226976,65.70491975030015,109.53563419524201,0.5314136227854752,0.30477555533226014,1.0285663604736328,0,True,,0.35559654235839844,0.0,0.1760852187871933,1.881726861000061,1,7.065677642822266,0.07314517349004745,1534.114254358991,,crashed,32.25397491455078,24.03050994873047,719,0.0,,COMPLETE
331,510.37410970137853,2026-07-01 13:27:55.314141,2026-07-01 13:28:04.862732,0 days 00:00:09.548591,0.7992569724163813,4.304727529926347,0.18038373539671043,3.7717744550374874,3.2191378900741907,0.2693043174971796,9,0.3450201558963932,1.3706184458323831,53,0.14742319424514957,63.28158097638207,112.83595682973178,0.6453749912589878,0.776502831713169,1.059707522392273,0,True,,0.5080468654632568,88.66000366210938,0.17342281341552734,1.8936309814453125,1,67.48008728027344,0.6984975337982178,510.37410970137853,,crashed,19.503084182739258,20.99103355407715,6155,0.0,,COMPLETE
332,1636.131260423542,2026-07-01 13:28:04.874610,2026-07-01 13:28:05.207461,0 days 00:00:00.332851,0.8047625218272249,4.717715687793234,0.19657307869991447,4.256983522925361,3.307191962240284,0.2773058472453005,10,0.36480564497504175,1.2959870557294852,40,0.0692564507280496,63.638077878024056,112.2618198589549,0.6444560040862023,0.9273758971804005,0.22563166916370392,0,True,,0.5302852392196655,0.0,0.23302341997623444,0.3877964913845062,1,0.2503458559513092,0.002591625554487109,1636.131260423542,,crashed,17.440221786499023,22.387022018432617,212,0.0,,COMPLETE
333,13.609357871850994,2026-07-01 13:28:05.219108,2026-07-01 13:28:18.534139,0 days 00:00:13.315031,0.7760615980782586,4.481450299853505,0.002368911992649639,4.529347337502389,4.035918813751838,0.823404649636804,9,0.3967660241837577,1.1994222920572184,52,0.19530181679310205,60.064750413626435,110.38150498036266,0.6822184536127722,0.01061616135978629,0.9982884526252747,3,False,,0.606560468673706,86.30999755859375,0.21577467024326324,1.9111754894256592,0,96.61075592041016,1.0,13.609357871850994,,finished,25.77083396911621,28.28150177001953,8666,0.0,,COMPLETE
334,1441.1339969568169,2026-07-01 13:28:18.546323,2026-07-01 13:28:21.694960,0 days 00:00:03.148637,0.79506562342757,5.159208567463343,0.1807713788734831,4.6161951962698975,3.7830121137558574,1.5604905451747,9,0.3956219290505268,1.188854275041355,53,0.2033304131738384,60.135630662999276,108.94491665075051,0.68393965629515,0.932637246636236,1.0115602016448975,0,True,,0.4492909014225006,0.0,0.18143600225448608,1.8897885084152222,1,18.496427536010742,0.19147835671901703,1441.1339969568169,,crashed,24.331253051757812,25.204116821289062,1850,0.0,,COMPLETE
335,1535.9859488809589,2026-07-01 13:28:21.707099,2026-07-01 13:28:22.929086,0 days 00:00:01.221987,0.7682633888372039,4.5668697704654635,0.12248339446971049,4.48048128157953,4.091982377077924,0.017760530119460917,10,0.37545955440349,1.0325872654974737,55,0.19466996758492516,90.23228532505563,109.79753650558818,0.6766057643027426,0.5593657115877175,1.1201809644699097,0,True,,0.30242976546287537,0.0,0.16939978301525116,1.9230732917785645,1,6.583378314971924,0.06815231591463089,1535.9859488809589,,crashed,13.876383781433105,20.72822380065918,606,0.0,,COMPLETE
336,1031.572799356965,2026-07-01 13:28:22.941595,2026-07-01 13:28:37.967287,0 days 00:00:15.025692,0.784006030895347,4.903930091096265,0.06458236871847423,4.694041874353061,2.781587096577089,0.23115757191887995,15,0.3938475928201472,1.1883684050119097,51,0.16559441136578237,57.94504105859315,111.92347833198741,0.6568998371920457,0.3167074213127999,0.7877297401428223,2,False,,0.5708062052726746,0.0,0.15259361267089844,1.2965583801269531,0,76.82608032226562,0.7953174710273743,1031.572799356965,,incomplete,24.208383560180664,28.517242431640625,9000,0.0,,COMPLETE
337,1177.1536412630487,2026-07-01 13:28:37.980036,2026-07-01 13:28:48.030985,0 days 00:00:10.050949,0.9230171673411993,4.249493562683525,0.16624263320720561,6.166582892118248,3.6092937008990176,0.6202366875538492,9,0.41271190664266405,1.311806420434544,58,0.15106769592428115,65.3799336509078,107.8386156103316,0.6488325409503425,0.7064469996575786,0.9549650549888611,0,True,,0.4795561730861664,0.0,0.15514355897903442,1.6623684167861938,1,63.717742919921875,0.6596176028251648,1177.1536412630487,,crashed,18.463315963745117,23.02576446533203,6248,0.0,,COMPLETE
338,1522.3520026827073,2026-07-01 13:28:48.051619,2026-07-01 13:28:49.403874,0 days 00:00:01.352255,0.8693227818049083,3.9052594488174734,0.05969979904185077,4.394896654728434,3.4103561957849755,0.8434520259151871,8,0.359801368823685,1.0907212523818848,51,0.18022896542755684,61.22226131328874,111.36137786241694,0.6747397387801151,0.23314320430069208,1.0664983987808228,0,True,,0.2845554053783417,0.0,0.12437441945075989,1.8301886320114136,1,7.816925525665283,0.08092222362756729,1522.3520026827073,,crashed,22.475248336791992,25.14296531677246,690,0.0,,COMPLETE
339,1190.5868551669043,2026-07-01 13:28:49.416053,2026-07-01 13:29:00.060345,0 days 00:00:10.644292,0.7701959644240165,3.4470712067689697,0.22878658322527948,3.656214899196537,2.4735729754648093,0.015400632206417499,9,0.3820730532792523,1.263731221502553,54,0.1599553976702618,59.261662297601575,114.57038234704004,0.6255191789451405,0.7886436435309134,0.8568931221961975,0,True,,0.46497905254364014,0.0,0.1451198160648346,1.6003574132919312,1,56.19767379760742,0.5817684531211853,1190.5868551669043,,crashed,19.843549728393555,24.301536560058594,6267,0.0,,COMPLETE
340,1265.2464436211503,2026-07-01 13:29:00.073281,2026-07-01 13:29:07.728226,0 days 00:00:07.654945,0.17997029988554214,5.423419231100744,0.12584146631288937,4.831186333416711,3.0977753850303915,0.4846082251097596,13,0.34051772272039077,1.3655370307431314,60,0.14593443491876879,62.33679958071639,106.78422073767614,0.6242209588015039,0.6824910284712407,1.1130255460739136,0,True,,0.4642133414745331,0.0,0.16283142566680908,1.8920012712478638,1,49.82395553588867,0.5157865285873413,1265.2464436211503,,crashed,24.76401710510254,22.881805419921875,4415,0.0,,COMPLETE
341,1490.7549432281703,2026-07-01 13:29:07.741894,2026-07-01 13:29:09.861304,0 days 00:00:02.119410,0.8954399295069466,4.742868377255211,0.05361116735770712,5.360019121676585,3.944202705227416,1.1343599706862897,9,0.4448044159821408,1.6026644471315643,48,0.19182539464665865,62.69167451042964,119.05426076592173,0.6463051280710623,0.2542707103286059,1.1260243654251099,0,True,,0.3575529158115387,0.0,0.13873106241226196,1.8891239166259766,1,11.513607025146484,0.11919093132019043,1490.7549432281703,,crashed,19.89363670349121,23.617708206176758,1000,0.0,,COMPLETE
342,1525.4666287499801,2026-07-01 13:29:09.874496,2026-07-01 13:29:10.984691,0 days 00:00:01.110195,0.8496523981723783,4.402859620024567,0.17735360737381853,5.934766368427443,4.244472536329055,0.7848995942953851,9,0.4087219824874092,1.930151941515637,36,0.17451156701283915,54.44332075624124,116.40169017919186,0.6711974959166076,0.7808630363718769,1.3069087266921997,0,True,,0.234330952167511,0.0,0.11759454011917114,1.9137672185897827,1,7.490167617797852,0.07753956317901611,1525.4666287499801,,crashed,12.52575397491455,23.835655212402344,533,0.0,,COMPLETE
343,1525.4666287499801,2026-07-01 13:29:10.997976,2026-07-01 13:29:12.130698,0 days 00:00:01.132722,0.7621659708262195,5.057267930780049,0.10434392266232492,3.908625195314116,18.763941396262943,0.5825174156650151,10,0.46432637126728066,1.1798655427034022,53,0.14606920441727939,61.337418526302386,110.16598979534501,0.6025677388972145,0.5276951738519694,1.294634461402893,0,True,,0.24419836699962616,0.0,0.10779271274805069,1.9030864238739014,1,7.490167617797852,0.07753956317901611,1525.4666287499801,,crashed,13.018094062805176,24.44580078125,539,0.0,,COMPLETE
344,1253.7964812964226,2026-07-01 13:29:12.145480,2026-07-01 13:29:18.306863,0 days 00:00:06.161383,0.7869134747645298,4.589190656779751,0.006104187524958782,4.645002581035818,2.641393206659032,0.03715352844937097,9,0.35567951232179146,1.7041745105125454,38,0.12738451449991245,65.06144622945921,113.31195269492271,0.633736859016787,0.028013280356772353,1.1602983474731445,1,True,,0.5614188313484192,0.0,0.18976883590221405,1.8892028331756592,1,43.11106491088867,0.44629350304603577,1253.7964812964226,,crashed,21.431760787963867,25.925710678100586,3416,0.0,,COMPLETE
345,1514.0918885465808,2026-07-01 13:29:18.320666,2026-07-01 13:29:19.869757,0 days 00:00:01.549091,0.8901465673656899,3.6841855802701113,0.0607042182949254,3.2325830976153727,3.591205613618671,0.019545804614421746,8,0.4221236937752602,1.4101083793541813,50,0.163862255229022,67.04446418139713,105.72857456101696,0.6925394701503922,0.22364560570373324,1.1379433870315552,0,True,,0.29830610752105713,0.0,0.12944938242435455,1.9155570268630981,1,8.689375877380371,0.08995398133993149,1514.0918885465808,,crashed,15.80731201171875,23.89256477355957,726,0.0,,COMPLETE
346,9.25754231223396,2026-07-01 13:29:19.882841,2026-07-01 13:29:33.882727,0 days 00:00:13.999886,0.867303909131151,4.310310874259113,0.22469541403501017,5.615178022461578,3.0850226594810914,0.9833734121108955,9,0.5195802302126242,1.515121701676863,42,0.1395173500444432,58.24168655510475,108.55038779138701,0.5938183346844369,0.9685070865112582,1.0159884691238403,3,False,,0.58133864402771,88.08999633789062,0.1771213263273239,1.7249525785446167,0,96.6030502319336,1.0,9.25754231223396,,finished,19.94352149963379,21.39811134338379,8827,0.0,,COMPLETE
347,1466.4404854598554,2026-07-01 13:29:33.898511,2026-07-01 13:29:37.236349,0 days 00:00:03.337838,0.8475517379772075,2.6150685060821064,0.2523734375868104,4.0958276168483945,2.958900251434441,0.9382803904337776,10,0.5244415749043266,1.5484367421098557,48,0.12435574810506476,64.7001337784681,111.45003891132251,0.6561507485893664,0.659973828404946,0.8581790924072266,0,True,,0.46852588653564453,0.0,0.1814218908548355,1.8633482456207275,1,14.706137657165527,0.152240589261055,1466.4404854598554,,crashed,24.40948486328125,23.075979232788086,1628,0.0,,COMPLETE
348,1493.9521015791622,2026-07-01 13:29:37.248731,2026-07-01 13:29:39.110734,0 days 00:00:01.862003,0.8607161362579934,4.293366143263408,0.18022537340922432,5.697610223485245,2.52802576742411,0.016886442041393036,9,0.3772291050112499,1.6715458917489832,35,0.10407600795595343,61.1691467080949,17.266631303643337,0.6176647434450658,0.773773516352169,1.2190245389938354,0,True,,0.38784098625183105,0.0,0.13548947870731354,1.92843496799469,1,10.908488273620605,0.11292663216590881,1493.9521015791622,,crashed,16.021366119384766,22.914016723632812,897,0.0,,COMPLETE
349,1224.2397388363372,2026-07-01 13:29:39.125430,2026-07-01 13:29:47.904924,0 days 00:00:08.779494,0.8324201191179855,4.48092164489401,0.24646850996113195,6.33576615274071,3.2499617403118695,0.8249489349507484,9,0.5464946265175205,1.2765155769149128,42,0.15708517910957834,55.72263944259551,103.10425965226545,0.5763353837584453,1.104406081069611,0.88675457239151,1,True,,0.5375577807426453,0.0,0.1564507633447647,1.4956092834472656,1,52.08878707885742,0.5392325520515442,1224.2397388363372,,crashed,20.88994026184082,23.780311584472656,5489,0.0,,COMPLETE
350,1482.509174284368,2026-07-01 13:29:47.917398,2026-07-01 13:29:54.966156,0 days 00:00:07.048758,0.8034637083946875,4.847435935725167,0.06725637889729487,4.327562112818661,2.9542458259311806,1.1511385178353504,8,0.5193758684781259,1.092449398471185,44,0.13518119781481575,57.76470104734591,113.49721960175454,0.5984898704065511,0.3260209879734949,0.7397837042808533,0,True,,2.14968204498291,0.0,0.1758795976638794,1.5687686204910278,1,13.557609558105469,0.1403508186340332,1482.509174284368,,crashed,24.806215286254883,24.210769653320312,4411,0.0,,COMPLETE
351,1630.6437437281656,2026-07-01 13:29:54.978447,2026-07-01 13:29:55.263019,0 days 00:00:00.284572,0.7591044008822445,4.250317446125659,1.2006440096294275,5.082516957979335,3.4204514114297493,1.4773748821670034,12,0.553908940954764,1.495593318953186,56,0.19567648548931463,58.84405706471926,108.49128866577924,0.6355465978290893,5.10311818071422,0.2847578227519989,0,True,,0.395247220993042,0.0,0.226520374417305,0.9027928709983826,1,0.49569639563560486,0.005131538491696119,1630.6437437281656,,crashed,0.36488547921180725,18.871482849121094,225,0.0,,COMPLETE
352,13.401489316366224,2026-07-01 13:29:55.275248,2026-07-01 13:30:08.016339,0 days 00:00:12.741091,0.8740944019060113,4.6034065483296125,0.001161045662122911,4.781950117791187,2.574399047160206,1.0025413062717656,11,0.5687682637711508,1.355827857907807,39,0.11801670989610626,63.78906271701639,78.82463771420053,0.5854473325681074,0.0053447652039263,1.1000677347183228,3,False,,0.5754454135894775,83.38999938964844,0.16766536235809326,1.6789276599884033,0,96.60663604736328,1.0,13.401489316366224,,finished,25.32818603515625,29.140443801879883,8109,0.0,,COMPLETE
353,1575.1454627690475,2026-07-01 13:30:08.029044,2026-07-01 13:30:12.751421,0 days 00:00:04.722377,0.8789334809555153,4.593789549125748,0.049286209208573156,4.64546728247003,2.9597882002690357,0.9767553492142439,9,0.931904938593513,1.589767489290271,39,0.12136598151678891,62.77202611520309,77.88737851065449,0.6160339756920755,0.22641047277836857,0.22932781279087067,0,True,,0.12452411651611328,0.0,0.03315563127398491,0.824718177318573,1,6.330621242523193,0.06553573161363602,1575.1454627690475,,crashed,14.70073413848877,36.974544525146484,2926,0.0,,COMPLETE
354,1627.8474727563341,2026-07-01 13:30:12.764061,2026-07-01 13:30:13.055850,0 days 00:00:00.291789,0.9138063234452917,4.784273020909212,2.342796115634406,4.421386725689922,2.3155033626739754,0.9061878382666052,8,0.5319345070355753,1.3444610649159023,34,0.1459146680118569,63.498788544616524,116.45802882380285,0.5901737372114643,11.208576249520586,0.35876643657684326,0,True,,0.4527150094509125,0.0,0.2053607851266861,0.9157081246376038,1,0.40795770287513733,0.004223251715302467,1627.8474727563341,,crashed,6.2646331787109375,15.34613037109375,190,0.0,,COMPLETE
355,1431.614115432488,2026-07-01 13:30:13.071544,2026-07-01 13:30:16.266667,0 days 00:00:03.195123,0.8504765198310474,4.376988243206115,0.014994555361237649,4.848702099223501,3.616419134452017,1.043629747990133,11,0.5569410052507984,1.4860857648154353,37,0.17233750195622374,61.278175169031094,110.96226382589374,0.6596521673865889,0.06563099252824041,1.0546380281448364,0,True,,0.37504076957702637,0.0,0.1623566895723343,1.810652256011963,1,19.400354385375977,0.20083598792552948,1431.614115432488,,crashed,22.025548934936523,26.881309509277344,1750,0.0,,COMPLETE
356,1352.994052048776,2026-07-01 13:30:16.279379,2026-07-01 13:30:20.523439,0 days 00:00:04.244060,0.8602375370694074,4.092035651397051,0.0036501604679689964,4.052987559193845,3.249038725903157,0.7183254169046975,9,0.5754883978490616,1.231450538786819,40,0.13502695317166474,66.60436107542886,109.62247280852534,0.6296257971231913,0.014936586768249277,1.1317999362945557,0,True,,0.4502190351486206,0.0,0.14871619641780853,1.886085867881775,1,29.70464324951172,0.30750784277915955,1352.994052048776,,crashed,22.422948837280273,29.403749465942383,2520,0.0,,COMPLETE
357,1503.5788864286685,2026-07-01 13:30:20.537172,2026-07-01 13:30:22.392056,0 days 00:00:01.854884,0.9443589236646818,4.577245769306064,0.10308817578091094,3.7611669173855002,2.6715015940816573,1.2909675308543977,12,0.5697238738924636,1.3583915118192278,46,0.049529965764523315,56.55144203661767,105.72178887823236,0.24437459816512397,0.47185991645865444,1.141463041305542,0,True,,0.43230199813842773,0.0,0.14124995470046997,1.864182710647583,1,10.067916870117188,0.10422489792108536,1503.5788864286685,,crashed,20.796205520629883,24.437074661254883,928,0.0,,COMPLETE
358,1627.1922141441935,2026-07-01 13:30:22.404547,2026-07-01 13:30:22.675510,0 days 00:00:00.270963,0.8691739810206273,4.302139829724795,2.188619287993949,4.499368169765867,3.624401227782432,0.25318872119514874,10,0.504960170540227,1.7833761410104327,42,0.15785904815668292,68.36443686264724,111.54227949740368,0.5843330364637965,9.41574621098269,0.3468513488769531,0,True,,0.37579020857810974,0.0,0.22095650434494019,0.9449126124382019,1,0.5293915867805481,0.005480356980115175,1627.1922141441935,,crashed,0.4060582220554352,22.677444458007812,194,0.0,,COMPLETE
359,1524.0652573307361,2026-07-01 13:30:22.688213,2026-07-01 13:30:23.801425,0 days 00:00:01.113212,0.8206008137501927,4.688967010793765,0.10935378175285129,4.706357342410303,3.2433337830422,1.234200360935866,9,0.5319533805672625,1.6054318228177973,49,0.12341027252284244,59.364808974106396,114.87743605041783,0.6140657564973804,0.5127562751446608,1.253337025642395,0,True,,0.26036974787712097,0.0,0.11940257996320724,1.8886420726776123,1,7.637279987335205,0.07906249910593033,1524.0652573307361,,crashed,19.622636795043945,25.54313850402832,574,0.0,,COMPLETE
360,1226.5952293434748,2026-07-01 13:30:23.817123,2026-07-01 13:30:29.832026,0 days 00:00:06.014903,0.8313683731734742,4.935650481488324,0.00041649761841744404,3.485029258858936,3.882226208116262,0.02243109759472161,9,0.39437997655275275,1.4742839470101359,38,0.14306826315971335,63.36942256542442,119.66481547874366,0.6774067426716773,0.0020556866708807977,1.1926324367523193,1,True,,0.5589695572853088,0.0,0.20624838769435883,1.9241153001785278,1,50.42262649536133,0.5219841599464417,1226.5952293434748,,crashed,19.774986267089844,26.485898971557617,3798,0.0,,COMPLETE
361,1060.296148842795,2026-07-01 13:30:29.844516,2026-07-01 13:30:43.452149,0 days 00:00:13.607633,0.8770555575190203,4.397462076116519,0.06068413572575256,4.952971490909462,2.9302873016046327,0.20911886647663303,15,0.4807487922311675,1.1780674912234617,44,0.17898688424304,71.06888813117257,107.31144332523466,0.6415828218609597,0.2668561854759045,0.6967588067054749,2,False,,0.5676540732383728,0.0,0.148689404129982,1.2010267972946167,0,67.65239715576172,0.7003498077392578,1060.296148842795,,incomplete,28.396615982055664,30.6333065032959,9000,0.0,,COMPLETE
362,1441.4733834290503,2026-07-01 13:30:43.464901,2026-07-01 13:30:45.867233,0 days 00:00:02.402332,0.8997948441600389,4.02049436535008,0.156582429790467,4.218925910191123,2.484440725700487,0.9022089431559813,9,0.3448312673306566,1.3928140754724905,51,0.11701797314094001,89.80686905734161,113.29084585981897,0.17767815836900747,0.629538776685397,1.1478523015975952,0,True,,0.34289470314979553,0.0,0.13272392749786377,1.7912973165512085,1,18.115835189819336,0.18753838539123535,1441.4733834290503,,crashed,13.306843757629395,21.170272827148438,1496,0.0,,COMPLETE
363,1520.4400672625598,2026-07-01 13:30:45.879897,2026-07-01 13:30:47.633089,0 days 00:00:01.753192,0.8080860236011622,4.546764694581832,0.002233185900718561,5.234541014666353,2.0965292231995836,0.3299685394897158,10,0.4053283261025729,1.2840416094305465,41,0.1568507251830365,64.54458558614279,78.60408821855599,0.5715914379427849,0.01015377080982508,0.8731815218925476,0,True,,0.2766178548336029,0.0,0.1187455877661705,1.2078447341918945,1,8.688605308532715,0.08994600176811218,1520.4400672625598,,crashed,17.576955795288086,31.123870849609375,952,0.0,,COMPLETE
364,1528.3700879121895,2026-07-01 13:30:47.645406,2026-07-01 13:30:48.635430,0 days 00:00:00.990024,0.21898702731851138,4.220783361880722,0.09647880996246083,4.3486005945919874,3.3178597246343204,0.03801588856866448,8,0.30509029274620114,1.685244493289937,33,0.1333823002996401,67.23940855020085,104.28194212994175,0.6029737188751733,0.4072161558636067,1.2601127624511719,0,True,,0.30464687943458557,0.0,0.12756149470806122,1.925027847290039,1,7.190557479858398,0.0744379460811615,1528.3700879121895,,crashed,10.240378379821777,21.28885841369629,541,0.0,,COMPLETE
365,1359.7868199676252,2026-07-01 13:30:48.647091,2026-07-01 13:30:53.059164,0 days 00:00:04.412073,0.8437611187265597,4.749274677509623,0.18162968116216713,4.892386494897961,3.7872130357262295,1.0249859139754112,9,0.5144366055850067,1.5380280734079712,36,0.20286531302791963,60.26252503571414,110.2110687034392,0.5897749581049213,0.862609245427627,1.007675051689148,0,True,,0.46452072262763977,0.0,0.175894096493721,1.8680939674377441,1,28.99761199951172,0.30018851161003113,1359.7868199676252,,crashed,22.579553604125977,24.053266525268555,2917,0.0,,COMPLETE
366,1640.2495543049445,2026-07-01 13:30:53.078811,2026-07-01 13:30:53.358166,0 days 00:00:00.279355,0.5812717317127871,4.454546450260744,0.060544602138135825,4.001200740583989,2.9262621697800624,0.017956786969039715,14,0.37220933996295263,1.0364376923759686,48,0.060329080942366956,72.21718701454873,76.45606910351532,0.6153496475932478,0.269698742536882,0.18589554727077484,0,True,,0.5697923302650452,0.0,0.19782114028930664,0.38102948665618896,1,0.0440266914665699,0.00045577227137982845,1640.2495543049445,,crashed,17.712356567382812,15.001769065856934,145,0.0,,COMPLETE
