number,value,datetime_start,datetime_complete,duration,params_algo.apex.apex_lookahead_weight,params_algo.apex.apex_switch_hysteresis_factor,params_algo.apex.apex_switch_threshold_rad,params_algo.apex.lookahead_sensitivity,params_algo.apex.max_lookahead_m,params_algo.apex.max_opposite_dist_error_m,params_algo.apex.median_window,params_algo.apex.min_forward_m,params_algo.apex.min_lookahead_m,params_algo.apex.min_points,params_algo.apex.min_range_jump_m,params_algo.apex.side_lookahead_center_deg,params_algo.apex.side_lookahead_fov_deg,params_algo.apex.wall_clearance_m,user_attrs_apex_stability_product,user_attrs_avg_speed_ms,user_attrs_completed_laps,user_attrs_crashed,user_attrs_error,user_attrs_heading_rms_rad,user_attrs_lap_time_s,user_attrs_lateral_rms_m,user_attrs_max_speed_ms,user_attrs_off_track_count,user_attrs_progress_m,user_attrs_progress_ratio,user_attrs_score,user_attrs_seeded_baseline,user_attrs_status,user_attrs_steering_rate_rms,user_attrs_throttle_rate_rms,user_attrs_ticks,user_attrs_unavailable_fraction,system_attrs_fixed_params,state
219,1514.8233640177793,2026-07-01 13:17:45.319515,2026-07-01 13:17:49.108671,0 days 00:00:03.789156,0.7377385822808136,5.6279862697720695,0.26583276112114756,4.363133181233546,1.9619398670647388,0.04199239998070843,10,0.5381224201336973,1.2193089612614036,31,0.17497056537488842,84.41746529176655,81.0119386535127,0.5786575186379638,1.4961031296454168,0.6862861514091492,0,True,,0.7867965698242188,0.0,0.1356530785560608,1.285180926322937,1,10.323081016540527,0.10686639696359634,1514.8233640177793,,crashed,19.23592185974121,28.547029495239258,1949,0.0,,COMPLETE
220,1460.929094435971,2026-07-01 13:17:49.122111,2026-07-01 13:17:52.203011,0 days 00:00:03.080900,0.7089030964579248,5.358322915422998,0.10111292882960829,5.894727499403682,3.78375914466368,0.0512918309888491,8,0.4676263543036514,1.3795812133726515,27,0.12502439968362114,76.55707838323985,78.50535115941244,0.6356232467569192,0.5417957235932248,0.9876208901405334,0,True,,0.48709186911582947,0.0,0.18458227813243866,1.9227060079574585,1,14.686884880065918,0.1520412713289261,1460.929094435971,,crashed,29.747861862182617,24.404016494750977,1384,0.0,,COMPLETE
221,1340.5620163993133,2026-07-01 13:17:52.216431,2026-07-01 13:17:58.506501,0 days 00:00:06.290070,0.6806085766078522,5.8507417548148455,0.2761564885221462,5.422093826874385,2.3595261264575287,0.04304185961583153,9,0.45251215778213244,1.6355336934613331,24,0.1915982900899487,72.55792357772293,75.09983143165512,0.7109592347595886,1.6157202982595673,0.856174647808075,0,True,,0.5311983227729797,0.0,0.17705096304416656,1.7067716121673584,1,31.673479080200195,0.3278895914554596,1340.5620163993133,,crashed,20.48985481262207,23.596694946289062,3372,0.0,,COMPLETE
222,1521.4175217823586,2026-07-01 13:17:58.521229,2026-07-01 13:18:00.376204,0 days 00:00:01.854975,0.6613736118479606,6.017856617213504,0.20288432432922893,5.219451130203555,2.2539157524231133,0.04933138197329843,9,0.4859411383477695,1.7919445271836936,18,0.2119501461178632,70.20031160196014,83.98756250067215,0.7318128092776853,1.220928773693541,0.9124069809913635,0,True,,0.2682788372039795,0.0,0.12090738862752914,1.2891148328781128,1,8.377787590026855,0.08672837167978287,1521.4175217823586,,crashed,13.42956829071045,23.605504989624023,869,0.0,,COMPLETE
223,1531.930785264389,2026-07-01 13:18:00.390183,2026-07-01 13:18:01.520923,0 days 00:00:01.130740,0.7411078461348071,6.173946530344826,0.39783793288337543,5.605519993400208,3.1434886342189188,0.04062579896988437,9,0.4057825019227681,1.681632154255036,28,0.1467505813135025,86.10761289706863,77.36823691911835,0.5947915603490266,2.4562301253648733,1.293752670288086,0,True,,0.17231041193008423,0.0,0.1023799255490303,1.9182770252227783,1,6.819252014160156,0.07059412449598312,1531.930785264389,,crashed,16.025257110595703,20.83904266357422,538,0.0,,COMPLETE
224,1000000000.0,2026-07-01 13:18:01.534941,2026-07-01 13:18:01.693986,0 days 00:00:00.159045,0.6929322392255297,6.394594871698888,0.14176375808346417,4.8976643331658245,2.6281794392919737,0.05929853200962864,9,0.5168405423417022,3.6001149289834786,20,0.25545077807126104,88.42712074578421,72.68274361582785,0.6548526732972088,0.9065218004332818,0.0,0,False,algo.apex.min_lookahead_m (3.6001148) must be <= algo.apex.max_lookahead_m (2.6281796),0.0,0.0,0.0,0.0,0,0.0,0.0,1000000000.0,,invalid,0.0,0.0,0,0.0,,COMPLETE
225,1502.8232442031465,2026-07-01 13:18:01.710564,2026-07-01 13:18:04.659983,0 days 00:00:02.949419,0.723769694581344,5.783692409030862,0.31857438296332447,5.128928258507865,2.182184122510768,0.0653281225749292,10,0.4601235938871015,1.5515677540697992,22,0.10309287385968786,82.5096437419928,81.14939040296328,0.6951018836354682,1.8425362404566705,0.9049086570739746,0,True,,0.413395494222641,0.0,0.15810562670230865,1.9016809463500977,1,10.694561004638672,0.11071202158927917,1502.8232442031465,,crashed,11.989239692687988,23.109771728515625,1207,0.0,,COMPLETE
226,1053.731283838388,2026-07-01 13:18:04.673265,2026-07-01 13:18:19.038728,0 days 00:00:14.365463,0.765739938796916,5.054397622342878,0.2383361345222731,4.519012852676924,2.989443927978278,0.04723349799252549,9,0.4847792784900407,1.3001909415339334,32,0.22572785124927996,74.46618968154026,94.42347911991348,0.620541170430771,1.2046455916477696,0.7181876301765442,2,False,,0.5700506567955017,0.0,0.17020301520824432,1.3216187953948975,0,69.47383880615234,0.7192057967185974,1053.731283838388,,incomplete,29.931198120117188,29.583192825317383,9000,0.0,,COMPLETE
227,1002.6338713263118,2026-07-01 13:18:19.050540,2026-07-01 13:18:32.489265,0 days 00:00:13.438725,0.7848266658111854,5.1551266997030485,0.2209180395284795,4.4383442703233,3.2902274084165724,0.05564646507363206,9,0.4986768042959429,1.326308950560416,32,0.15981504810119035,75.56590736648691,98.84561888474676,0.633134667651628,1.1388604840193182,0.9625685214996338,2,False,,0.6010081768035889,0.0,0.191104456782341,1.9152123928070068,0,92.91104888916016,0.9618319869041443,1002.6338713263118,,incomplete,23.261184692382812,22.647653579711914,9000,0.0,,COMPLETE
228,1003.1150498469515,2026-07-01 13:18:32.501682,2026-07-01 13:18:45.892375,0 days 00:00:13.390693,0.7924570833425078,5.056703344967589,0.12398569061453912,4.545234866707149,3.409481820602954,0.051423496309249514,9,0.48169216217222594,1.3196120440008836,33,0.16466520902130044,76.52541527488782,92.28575641811159,0.6185372113291582,0.6269588564586567,0.9478552937507629,2,False,,0.606681227684021,0.0,0.19473199546337128,1.903457760810852,0,93.52239990234375,0.9681608080863953,1003.1150498469515,,incomplete,23.689565658569336,23.490036010742188,9000,0.0,,COMPLETE
229,1179.1159238929993,2026-07-01 13:18:45.903554,2026-07-01 13:18:55.171424,0 days 00:00:09.267870,0.7957774579191778,5.129490825350076,0.11309914732597642,4.561524330953017,3.3836577211768244,0.05157283344089041,9,0.49015243103881456,1.2990945385733534,35,0.17400211767042081,77.16801583754277,98.38154924860119,0.6023423819727701,0.5801410385635126,0.9770835041999817,0,True,,0.5055405497550964,0.0,0.17100991308689117,1.8646841049194336,1,62.07047653198242,0.6425647735595703,1179.1159238929993,,crashed,23.78504180908203,25.42523193359375,6219,0.0,,COMPLETE
230,1525.4666287499801,2026-07-01 13:18:55.183416,2026-07-01 13:18:56.161665,0 days 00:00:00.978249,0.8199977137681791,4.858148117491745,0.16202104071843615,4.375595915807122,4.0728976859303785,0.0249242525066586,8,0.4767551425699198,1.4274732163596433,40,0.15097576974380736,74.78586652577194,91.95377516293682,0.6214110180933649,0.787122213960324,1.2946903705596924,0,True,,0.23637638986110687,0.0,0.10023423284292221,1.9249342679977417,1,7.490167617797852,0.07753956317901611,1525.4666287499801,,crashed,13.630162239074707,24.3050479888916,538,0.0,,COMPLETE
231,1340.7962109945076,2026-07-01 13:18:56.174135,2026-07-01 13:19:01.859602,0 days 00:00:05.685467,0.782344401104243,5.105930283270138,0.21312282462929494,4.732564618083422,3.0087441691123944,0.05607006603235463,9,0.5186632168599489,1.2075409400198014,39,0.13432978594842068,70.24918171755341,100.21518826442264,0.5875384026641401,1.0881902843307878,1.0147954225540161,0,True,,0.3962397575378418,0.0,0.14744266867637634,1.7141326665878296,1,37.69815444946289,0.3902580738067627,1340.7962109945076,,crashed,18.879226684570312,22.5347957611084,3542,0.0,,COMPLETE
232,11.846811246030343,2026-07-01 13:19:01.872165,2026-07-01 13:19:17.505892,0 days 00:00:15.633727,0.7736017856657668,5.011628488441934,0.1068181094461968,4.607377336344532,3.57047816514892,0.047819569018322045,9,0.5362607573163881,1.3589441841902674,32,0.1586693860306708,75.57685210780068,95.44143885830712,0.613902316608514,0.5353326803820683,0.9937417507171631,3,False,,0.598815381526947,89.0999984741211,0.1935000866651535,1.9145537614822388,0,96.60320281982422,1.0,11.846811246030343,,finished,24.86804962158203,22.984933853149414,8906,0.0,,COMPLETE
233,1525.4666287499801,2026-07-01 13:19:17.520211,2026-07-01 13:19:18.840052,0 days 00:00:01.319841,0.800434143719065,4.763772380432827,0.10241038539170796,4.406471934894702,3.712674770200523,0.047363854701030265,9,0.5355862123663897,1.3517795127695509,33,0.1643918915211085,75.3928684256615,103.10110741385502,0.6176690695528452,0.48785976539849985,1.2490688562393188,0,True,,0.24303902685642242,0.0,0.11041285842657089,1.908495545387268,1,7.490167140960693,0.07753956317901611,1525.4666287499801,,crashed,18.61683464050293,23.033029556274414,562,0.0,,COMPLETE
234,1357.5122313098782,2026-07-01 13:19:18.856162,2026-07-01 13:19:23.551386,0 days 00:00:04.695224,0.7693454706075208,5.030101603189617,0.0798379090110013,4.691239452391176,4.450185561888732,0.04264562230171371,9,0.5000500258787998,1.4743011397453873,32,0.18763501896776674,73.50548553199876,94.83519851229941,0.6391006890075641,0.40159279411154436,1.1783486604690552,0,True,,0.4450221061706543,0.0,0.1708287000656128,1.9322713613510132,1,28.95642852783203,0.29976215958595276,1357.5122313098782,,crashed,17.470186233520508,22.966039657592773,2313,0.0,,COMPLETE
235,1176.015632506693,2026-07-01 13:19:23.567617,2026-07-01 13:19:36.178534,0 days 00:00:12.610917,0.7821162180037143,5.2935322587725455,0.14654483455004225,4.939580732270263,3.4121008444691494,0.05313292604061847,9,0.553542196971706,1.3103956675109372,30,0.1651080373891272,74.969987141905,94.62265843539463,0.5688898833661058,0.7757398090471341,0.9651543498039246,0,True,,0.4998680353164673,0.0,0.17201761901378632,1.8789191246032715,1,62.85311508178711,0.6506667733192444,1176.015632506693,,crashed,23.951818466186523,24.556556701660156,6256,0.0,,COMPLETE
236,10.03373533848653,2026-07-01 13:19:36.195461,2026-07-01 13:19:52.936807,0 days 00:00:16.741346,0.7479197928236908,4.987006640280024,0.07395731603651781,4.39145829467511,3.2505073936632853,0.03711248364570676,9,0.4793985353734586,1.2561179963521698,36,0.14092205305298638,73.54521396419203,96.8797835342265,0.6542831623642211,0.36882562617140263,1.0350289344787598,3,False,,0.603204071521759,83.26000213623047,0.18748684227466583,1.9070415496826172,0,96.60106658935547,1.0,10.03373533848653,,finished,21.213903427124023,22.995702743530273,8486,0.0,,COMPLETE
237,1501.7208013559764,2026-07-01 13:19:52.953821,2026-07-01 13:19:55.175925,0 days 00:00:02.222104,0.7610783577396517,4.985896641055729,0.06616873717941511,4.295608689742732,3.1957903630562545,0.035575677301321204,8,0.4780407020971947,1.245717250213821,43,0.14027766130125896,73.51236263096581,96.37702724803856,0.6088222912200161,0.3299104844457451,1.0570591688156128,0,True,,0.43092456459999084,0.0,0.15172810852527618,1.9031339883804321,1,10.178071022033691,0.10536522418260574,1501.7208013559764,,crashed,22.2490234375,23.362159729003906,961,0.0,,COMPLETE
238,1033.1138989221545,2026-07-01 13:19:55.190792,2026-07-01 13:20:10.116957,0 days 00:00:14.926165,0.7400039452504741,5.267174090901979,0.15612152141658758,4.587527044071708,2.8786049259148827,0.04429660609107332,9,0.4997320676138623,1.3750397329465485,37,0.2014871442099859,77.54021753873856,97.36915953607513,0.5840387141616353,0.8223192326376486,0.7783570885658264,2,False,,0.573419988155365,0.0,0.17601490020751953,1.6050784587860107,0,76.33487701416016,0.7902324199676514,1033.1138989221545,,incomplete,24.69104766845703,26.324514389038086,9000,0.0,,COMPLETE
239,1093.8361956801427,2026-07-01 13:20:10.129526,2026-07-01 13:20:22.402873,0 days 00:00:12.273347,0.74330469706317,5.240886722256559,0.05105954856593876,5.0172094242585805,3.007092233426741,0.04433928211048163,9,0.5046511797101122,1.44601519229698,36,0.19071035231827188,78.40163960007,98.298011670181,0.54962770186634,0.26759731012364235,0.8834071159362793,2,True,,0.5758174061775208,0.0,0.1892794370651245,1.5681607723236084,1,77.377685546875,0.801027774810791,1093.8361956801427,,crashed,24.834877014160156,26.493505477905273,7946,0.0,,COMPLETE
240,1007.8509691166422,2026-07-01 13:20:22.414258,2026-07-01 13:20:35.997857,0 days 00:00:13.583599,0.8314803670000067,4.881252918719274,0.1188769622929213,4.685235815563026,2.7749516947368136,0.028609630771591035,9,0.46948787514071355,1.3596880697505558,37,0.15646215482008685,76.94287728896776,92.54622963347732,0.5948450227308428,0.5802685191608031,0.9005470275878906,2,False,,0.5906091332435608,0.0,0.1764216423034668,1.623715877532959,0,89.2690200805664,0.9241290092468262,1007.8509691166422,,incomplete,20.024255752563477,23.849761962890625,9000,0.0,,COMPLETE
241,1002.6556868531858,2026-07-01 13:20:36.009971,2026-07-01 13:20:50.045193,0 days 00:00:14.035222,0.7979012970153433,4.820139070412665,0.1297320273066756,4.580634854017872,2.837561582430206,0.04078248935544887,9,0.4641030016406882,1.393864508920649,36,0.15577034396605446,76.25335714578377,96.84042416522465,0.5869763666302855,0.6253264135047498,0.9549481868743896,2,False,,0.5973595976829529,0.0,0.1782185584306717,1.7257739305496216,0,94.0673599243164,0.9738022685050964,1002.6556868531858,,incomplete,20.003320693969727,23.14821434020996,9000,0.0,,COMPLETE
242,1005.4444053298511,2026-07-01 13:20:50.057497,2026-07-01 13:21:05.415904,0 days 00:00:15.358407,0.8183097883188502,4.961631990561405,0.1935401645214738,4.5807632889632774,2.7786395894063283,0.025429564326105113,9,0.45978268880678813,1.3597661785181179,41,0.14891728997523426,76.68326557235763,106.95961772744538,0.5786845588800311,0.9602750717482619,0.9256770610809326,2,False,,0.5923197865486145,0.0,0.17824895679950714,1.6332677602767944,0,90.92031860351562,0.9412235617637634,1005.4444053298511,,incomplete,19.900846481323242,22.00025749206543,9000,0.0,,COMPLETE
243,9.73567912758638,2026-07-01 13:21:05.431923,2026-07-01 13:21:22.401801,0 days 00:00:16.969878,0.8173538804864786,4.859213279899868,0.1036378112267184,4.563342004173327,3.4337807613623856,0.029340998700802295,9,0.42688157640261726,1.3713277524341798,41,0.15619471744618993,77.12075061296048,111.32549328605128,0.5935844524395149,0.5035982286126257,0.9888388514518738,3,False,,0.6021851897239685,86.55000305175781,0.1980019062757492,1.8990486860275269,0,96.6040267944336,1.0,9.73567912758638,,finished,20.258562088012695,22.8822021484375,8851,0.0,,COMPLETE
244,1453.9921550103445,2026-07-01 13:21:22.419368,2026-07-01 13:21:25.684075,0 days 00:00:03.264707,0.8414044211885505,4.904531873092032,0.1040213268990624,4.54549264791951,3.5966609773367324,0.027202881094323474,9,0.4155794900832585,1.4764741403896382,47,0.15384268186166558,76.51498446022268,109.01227443748519,0.5852582383779665,0.5101759132577771,1.1169003248214722,0,True,,0.46716609597206116,0.0,0.16247247159481049,1.9166256189346313,1,15.517125129699707,0.1606360822916031,1453.9921550103445,,crashed,21.39412498474121,24.411935806274414,1305,0.0,,COMPLETE
245,1001.7741591732662,2026-07-01 13:21:25.701005,2026-07-01 13:21:43.895854,0 days 00:00:18.194849,0.8319526166372169,4.771701452009881,0.048371212718410286,4.8153826349236795,3.2182509143536797,0.0282679710392697,9,0.42754212370962835,1.3257119680094787,40,0.15307081231912872,74.17304058913186,104.52058413165174,0.5943796685076509,0.2308129859639172,0.9653489589691162,2,False,,0.5974146723747253,0.0,0.18825721740722656,1.65964937210083,0,95.9044189453125,0.9928199648857117,1001.7741591732662,,incomplete,21.903600692749023,24.751052856445312,9000,0.0,,COMPLETE
246,9.30054886202675,2026-07-01 13:21:43.912887,2026-07-01 13:22:01.041204,0 days 00:00:17.128317,0.8333887161267051,4.5881499255977545,0.05686277363670031,4.855208355396533,3.3384853877884892,0.019559747548546873,9,0.42065851977640145,1.387597338547127,41,0.1490552453045416,77.48152413873623,107.47847591331895,0.5766849732025846,0.2608949306305085,1.0284749269485474,3,False,,0.5967770218849182,84.66999816894531,0.19186235964298248,1.830137014389038,0,96.6056900024414,1.0,9.30054886202675,,finished,19.544042587280273,22.77977180480957,8479,0.0,,COMPLETE
247,1357.5123249490368,2026-07-01 13:22:01.062494,2026-07-01 13:22:05.909917,0 days 00:00:04.847423,0.8407970423890019,4.772226958574099,0.030172294200222438,4.84128619551694,3.8587057182899684,0.016776140838711866,9,0.4353946217803386,1.5290205765887495,43,0.14256004597882183,77.03823911180413,112.29381323050562,0.565383095230279,0.14398903578433045,1.1970311403274536,0,True,,0.4452911913394928,0.0,0.16350841522216797,1.9188259840011597,1,28.95641326904297,0.2997620105743408,1357.5123249490368,,crashed,19.759777069091797,26.01758575439453,2270,0.0,,COMPLETE
248,13.414476576487274,2026-07-01 13:22:05.927222,2026-07-01 13:22:21.172047,0 days 00:00:15.244825,0.8819354557711442,4.585730879952482,0.0039407569218935234,4.693896855414519,3.3996758223969614,0.022121879324654543,9,0.4274304807735333,1.3944686998440572,41,0.15953082793208673,72.8933480437027,105.51636293327915,0.5865154894278702,0.01807125070711362,1.000523328781128,3,False,,0.5881142616271973,87.58000183105469,0.19004887342453003,1.7796533107757568,0,96.60449981689453,1.0,13.414476576487274,,finished,24.976537704467773,29.035287857055664,8727,0.0,,COMPLETE
249,11.90207446777188,2026-07-01 13:22:21.185358,2026-07-01 13:22:33.118246,0 days 00:00:11.932888,0.8317054767854808,4.4667617406169775,0.009203573624629605,5.0498843401601015,3.4083377579833054,0.020451695745559034,9,0.4243048379461292,1.4242967203378782,41,0.15900168230960537,71.59818723875745,105.33939880220137,0.5846051432164127,0.04111017054344704,1.0337213277816772,3,False,,0.5971757769584656,82.83999633789062,0.1980564147233963,1.7660695314407349,0,96.60115814208984,1.0,11.90207446777188,,finished,22.445695877075195,28.242578506469727,8411,0.0,,COMPLETE
250,518.0010098425427,2026-07-01 13:22:33.130601,2026-07-01 13:22:40.500434,0 days 00:00:07.369833,0.8177505536972212,4.401438411703843,0.02771465153639409,5.0870427946162735,3.538163672419932,0.02142116163282657,9,0.3876210371847506,1.4996326191420273,41,0.12830413535486354,71.19726507592225,107.83834379338086,0.5967290998836945,0.12198433183927188,1.2020478248596191,0,True,,0.4579516649246216,76.05000305175781,0.1704273223876953,1.9069761037826538,1,66.6031723022461,0.6894223690032959,518.0010098425427,,crashed,19.196800231933594,25.06769371032715,5242,0.0,,COMPLETE
251,379.5614783048531,2026-07-01 13:22:40.511524,2026-07-01 13:22:50.485015,0 days 00:00:09.973491,0.8758617174174665,4.354723735464218,0.009355815464491532,5.052896320222269,3.6280152294541796,0.01926359979720966,9,0.3963514022936332,1.5246456536987432,41,0.12265437422639412,70.59883603121867,111.01712642226501,0.5933707523059985,0.040741991667844465,1.164426326751709,2,True,,0.5902437567710876,73.86000061035156,0.19857656955718994,1.9216721057891846,1,90.62577056884766,0.9380689263343811,379.5614783048531,,crashed,21.95111656188965,26.510095596313477,6985,0.0,,COMPLETE
252,1347.9571619536437,2026-07-01 13:22:50.497992,2026-07-01 13:22:54.984860,0 days 00:00:04.486868,0.873420814666204,4.329820809425974,0.003552741887725669,5.148405148446409,3.893322439770498,0.02006216963299099,9,0.38205121917694385,1.4922647036193584,41,0.13171586201074528,69.25065681402718,106.73893305887592,0.5885829487611428,0.015382735755993918,1.1384098529815674,0,True,,0.5383428931236267,0.0,0.18698276579380035,1.921112298965454,1,35.729549407958984,0.36987873911857605,1347.9571619536437,,crashed,22.441801071166992,27.234193801879883,2766,0.0,,COMPLETE
253,1514.3850297243769,2026-07-01 13:22:54.995765,2026-07-01 13:22:56.353289,0 days 00:00:01.357524,0.8911863921393905,4.476576801040222,0.05904446286849905,5.028975556132096,3.5104703167885893,0.02330295739755653,8,0.39476751055506076,1.5714793598162495,38,0.16077787177367267,71.13866867912763,106.05451864372354,0.5649069862054418,0.26431707270700366,1.1141427755355835,0,True,,0.2940156161785126,0.0,0.1281796097755432,1.883375883102417,1,8.65826416015625,0.08963191509246826,1514.3850297243769,,crashed,14.127155303955078,20.572853088378906,739,0.0,,COMPLETE
254,1525.2696635760556,2026-07-01 13:22:56.364294,2026-07-01 13:22:57.309458,0 days 00:00:00.945164,0.8266040984582299,4.516362320385278,0.04489969244194087,5.230486774990145,4.227243697499206,0.018401950795876316,9,0.41377511537727263,1.717407352140802,41,0.12419376530293706,72.31482198332395,104.8510039675778,0.593326051345113,0.2027832791416694,1.3005415201187134,0,True,,0.2400524616241455,0.0,0.10422263294458389,1.9219861030578613,1,7.510800838470459,0.07775315642356873,1525.2696635760556,,crashed,10.682744026184082,26.009614944458008,535,0.0,,COMPLETE
255,12.118694992748745,2026-07-01 13:22:57.320733,2026-07-01 13:23:09.412549,0 days 00:00:12.091816,0.8665378066489802,4.104343023677422,0.00970460397045969,4.775322434295964,3.575020424039571,0.026073654876893452,9,0.4305517115741093,1.4368996582395803,44,0.15266900102734282,64.90891113045106,112.13197144529133,0.599935475832014,0.03983102360370844,1.070150375366211,3,False,,0.5986477732658386,81.0999984741211,0.20021504163742065,1.9111099243164062,0,96.60071563720703,1.0,12.118694992748745,,finished,23.657861709594727,27.335037231445312,8130,0.0,,COMPLETE
