number,value,datetime_start,datetime_complete,duration,params_algo.apex.apex_lookahead_weight,params_algo.apex.apex_switch_hysteresis_factor,params_algo.apex.apex_switch_threshold_rad,params_algo.apex.lookahead_sensitivity,params_algo.apex.max_lookahead_m,params_algo.apex.max_opposite_dist_error_m,params_algo.apex.median_window,params_algo.apex.min_forward_m,params_algo.apex.min_lookahead_m,params_algo.apex.min_points,params_algo.apex.min_range_jump_m,params_algo.apex.side_lookahead_center_deg,params_algo.apex.side_lookahead_fov_deg,params_algo.apex.wall_clearance_m,user_attrs_apex_stability_product,user_attrs_avg_speed_ms,user_attrs_completed_laps,user_attrs_crashed,user_attrs_error,user_attrs_heading_rms_rad,user_attrs_lap_time_s,user_attrs_lateral_rms_m,user_attrs_max_speed_ms,user_attrs_off_track_count,user_attrs_progress_m,user_attrs_progress_ratio,user_attrs_score,user_attrs_seeded_baseline,user_attrs_status,user_attrs_steering_rate_rms,user_attrs_throttle_rate_rms,user_attrs_ticks,user_attrs_unavailable_fraction,system_attrs_fixed_params,state
441,1000000000.0,2026-07-01 13:37:42.490090,2026-07-01 13:37:42.654077,0 days 00:00:00.163987,0.8540173964426411,4.531279526070926,0.08527193939933415,4.847598433474964,3.1766441413384703,0.029012681899835965,8,0.49948266369314737,4.446636326519688,35,0.1609768027783876,75.44845113315618,104.23930567157022,0.5701909449124081,0.38639099314856357,0.0,0,False,algo.apex.min_lookahead_m (4.446636) must be <= algo.apex.max_lookahead_m (3.176644),0.0,0.0,0.0,0.0,0,0.0,0.0,1000000000.0,,invalid,0.0,0.0,0,0.0,,COMPLETE
442,1525.4666287499801,2026-07-01 13:37:42.670183,2026-07-01 13:37:43.794949,0 days 00:00:01.124766,0.9264825718526029,4.1597919567898485,0.11334918896269008,4.033363220948962,3.9902675680993336,0.01920777449441459,11,0.5295473559815348,1.273349879966994,42,0.13307900951497348,71.27031594055548,114.84245508414429,0.6590118401226865,0.4715090445556509,1.2578204870224,0,True,,0.24220986664295197,0.0,0.10885999351739883,1.9209010601043701,1,7.490167617797852,0.07753956317901611,1525.4666287499801,,crashed,15.019953727722168,23.76597023010254,554,0.0,,COMPLETE
443,1286.4642486410676,2026-07-01 13:37:43.808240,2026-07-01 13:37:51.702019,0 days 00:00:07.893779,0.6317594371433315,4.400705998538783,0.18829622702437204,4.682664240916223,2.1594825915633855,0.0234094192115087,9,0.4032126558866245,1.3331343636827215,44,0.15427453312508263,93.52875287173467,106.62425800032852,0.601785591301549,0.8286363357683745,0.8937289118766785,0,True,,0.5495789051055908,0.0,0.1507693976163864,1.603580355644226,1,41.85059356689453,0.433244913816452,1286.4642486410676,,crashed,20.45267677307129,23.915220260620117,4322,0.0,,COMPLETE
444,1536.3458350513258,2026-07-01 13:37:51.715733,2026-07-01 13:37:52.673913,0 days 00:00:00.958180,0.607868229016643,4.804442976143205,0.04161695332898008,5.4845564496274655,3.6657459920018423,0.034082646408019245,10,0.5808963913036668,2.675012681474824,39,0.16867886527916318,72.11880364220974,110.28077038645824,0.5445278696693172,0.19994627910989793,1.374057412147522,0,True,,0.17559325695037842,0.0,0.07071004062891006,1.9233697652816772,1,6.358129024505615,0.06582049280405045,1536.3458350513258,,crashed,12.847310066223145,21.47686767578125,474,0.0,,COMPLETE
445,1525.4666287499801,2026-07-01 13:37:52.689795,2026-07-01 13:37:53.819786,0 days 00:00:01.129991,0.8410990217754799,3.8098119694726176,0.0038332474037919423,5.101431275750742,13.709499965099006,0.020328898594076113,9,0.4816083965736022,1.2471973225590924,34,0.12321201438088776,51.44374294559794,117.30369702461303,0.6393470296312349,0.014603951840916379,1.282511591911316,0,True,,0.24293427169322968,0.0,0.10307431221008301,1.9237371683120728,1,7.490167617797852,0.07753956317901611,1525.4666287499801,,crashed,13.240235328674316,26.200096130371094,543,0.0,,COMPLETE
446,1513.980705732848,2026-07-01 13:37:53.833221,2026-07-01 13:37:55.473128,0 days 00:00:01.639907,0.8744441789063854,4.388451848823918,0.11331986081772696,4.272997479232468,3.0468695349398778,0.026160428949104208,15,0.41761207746212625,2.0481136937965623,43,0.1449055457944295,91.24552415627316,113.36866463483378,0.581100971390138,0.4972987527140229,1.2056797742843628,0,True,,0.29523882269859314,0.0,0.11620211601257324,1.8518781661987305,1,8.754264831542969,0.09062572568655014,1513.980705732848,,crashed,12.33734130859375,23.272010803222656,743,0.0,,COMPLETE
447,1525.4666287499801,2026-07-01 13:37:55.486350,2026-07-01 13:37:56.631816,0 days 00:00:01.145466,0.7471708438570002,4.030145543003546,0.003568276906916209,4.555635236683597,4.167212073028528,0.017358027398443193,9,0.5112173022611406,0.912761893298885,30,0.132737644030294,78.48910985461087,74.99046592821472,0.6723374632232793,0.01438067527261084,1.2673951387405396,0,True,,0.24802489578723907,0.0,0.10679415613412857,1.9271522760391235,1,7.490167617797852,0.07753956317901611,1525.4666287499801,,crashed,17.887893676757812,27.992448806762695,551,0.0,,COMPLETE
448,1530.397832207051,2026-07-01 13:37:56.646519,2026-07-01 13:37:59.162350,0 days 00:00:02.515831,0.8979234677646113,4.608865222200048,0.2884796145055982,4.928996163370067,2.6661854693171883,0.02221577274430108,10,0.3887304030202461,1.1044265871643095,40,0.19242231856273923,75.17256082971296,105.6624198141094,0.6132560753569284,1.3295636626085283,0.6681150794029236,0,True,,0.2769496738910675,0.0,0.10998272895812988,0.9371018409729004,1,8.719983100891113,0.09027084708213806,1530.397832207051,,crashed,18.054244995117188,32.459590911865234,1248,0.0,,COMPLETE
449,13.562037384004961,2026-07-01 13:37:59.176613,2026-07-01 13:38:13.861619,0 days 00:00:14.685006,0.8570387822734844,4.875196829891724,0.00044826894368842074,4.6671941252616085,3.4342809861677375,0.029835196198007646,9,0.4319173516474668,1.3201609287793517,7,0.1496508086397818,58.084527255379044,108.33841662077153,0.5605905496315632,0.0021853993332087004,1.0310717821121216,3,False,,0.5965152382850647,82.94000244140625,0.18745942413806915,1.8921808004379272,0,96.60333251953125,1.0,13.562037384004961,,finished,25.69277000427246,28.52293586730957,8488,0.0,,COMPLETE
450,1021.2728628292547,2026-07-01 13:38:13.876152,2026-07-01 13:38:29.364260,0 days 00:00:15.488108,0.7820963621411776,4.7836438403935775,0.0709341112563308,5.558202716160811,3.438397414198735,0.030325799706955307,9,0.5468272969793165,1.2233763965301525,7,0.1771742243942845,55.29918029921404,102.37022572631145,0.5088168387670826,0.3393235243851396,0.8353788256645203,2,False,,0.5784942507743835,0.0,0.16398899257183075,1.7574646472930908,0,81.1404800415039,0.8399809002876282,1021.2728628292547,,incomplete,28.032432556152344,26.938879013061523,9000,0.0,,COMPLETE
451,1548.4014062274666,2026-07-01 13:38:29.376564,2026-07-01 13:38:31.160238,0 days 00:00:01.783674,0.8754696462880912,4.9294081917361865,1.8240915031067806,5.256536228284961,3.0829520947760534,0.028369895574152836,8,0.48272740463325986,1.0345790232717365,4,0.15724237803257088,56.75393975875071,111.61140983788034,0.5494071413780651,8.991691597890938,0.6442402601242065,0,True,,0.3884974420070648,0.0,0.13888198137283325,0.9632365107536316,1,7.072234630584717,0.07321304827928543,1548.4014062274666,,crashed,10.088024139404297,23.026382446289062,934,0.0,,COMPLETE
452,1346.7709159055778,2026-07-01 13:38:31.172337,2026-07-01 13:38:46.942989,0 days 00:00:15.770652,0.8293622836478166,4.639239268752185,0.05967759952981795,4.754055725925458,3.4167955797611627,0.033638209084572046,9,0.43799986251138523,1.3297278898725662,7,1.2362958493534366,59.82440677368799,107.84248459815149,0.5298900379089881,0.27685866320359837,0.23091500997543335,0,False,,0.6372599005699158,0.0,0.20074327290058136,0.5693762898445129,0,20.745540618896484,0.21476157009601593,1346.7709159055778,,incomplete,40.73920822143555,27.797439575195312,9000,0.0,,COMPLETE
453,1017.0735170210497,2026-07-01 13:38:46.956152,2026-07-01 13:39:00.531555,0 days 00:00:13.575403,0.9063551693098164,4.296218646684139,0.00013670926399461344,4.4454659373487875,2.4582820533556284,0.04004458054425969,9,0.49751806958844996,1.152142847610677,8,0.14686037586694278,58.36324926540694,81.81389940933364,0.5647842489052043,0.0005873328891481228,0.86049884557724,2,False,,0.5556815266609192,0.0,0.15195047855377197,1.3927795886993408,0,83.0018539428711,0.8592502474784851,1017.0735170210497,,incomplete,26.084692001342773,31.796865463256836,9000,0.0,,COMPLETE
454,1175.951046945155,2026-07-01 13:39:00.543626,2026-07-01 13:39:09.848774,0 days 00:00:09.305148,0.8614067515104281,4.4655077026028644,0.05303953701398052,5.677924197356777,3.8044074967410872,0.024696057382698536,9,0.37409946286619794,1.3526828466429128,11,0.1705287414980221,60.09318151902764,109.49155105109811,0.5564336243548972,0.23684846107841975,1.0135294198989868,0,True,,0.5022097229957581,0.0,0.1793477088212967,1.8944282531738281,1,66.18328857421875,0.685141384601593,1175.951046945155,,crashed,21.128578186035156,23.6690616607666,6210,0.0,,COMPLETE
455,1476.3373482030468,2026-07-01 13:39:09.860494,2026-07-01 13:39:13.528071,0 days 00:00:03.667577,0.7608908293651256,4.962366017760694,0.15647406975484535,5.190959796671462,2.780930886277032,0.029193330640891715,8,0.5256578716582555,1.2710771073008826,9,0.20432812154384158,58.29103758437075,105.25839822968699,0.5781415407134309,0.7764816064121609,0.6968991160392761,0,True,,0.51430344581604,0.0,0.14586959779262543,1.1342942714691162,1,14.497401237487793,0.15007971227169037,1476.3373482030468,,crashed,37.681488037109375,28.289255142211914,1991,0.0,,COMPLETE
456,12.467585194730567,2026-07-01 13:39:13.539870,2026-07-01 13:39:25.740530,0 days 00:00:12.200660,0.7988413050599685,4.696101219870211,0.0063148748972476545,4.020091773086021,3.255073411427462,0.026132506691745966,9,0.45080550238137396,1.405547419740292,4,0.14181642124148966,56.31403732825694,113.60249304163452,0.5953646166651959,0.02965529170829248,1.1106992959976196,3,False,,0.5963809490203857,77.58999633789062,0.19931013882160187,1.9267597198486328,0,96.6080551147461,1.0,12.467585194730567,,finished,24.26165008544922,27.873762130737305,7849,0.0,,COMPLETE
457,1019.2450635770045,2026-07-01 13:39:25.754168,2026-07-01 13:39:41.690544,0 days 00:00:15.936376,0.7964188635402027,4.7102070134376275,0.1011431152945846,3.757795481757882,2.057328563508473,0.031895289076115496,9,0.4501428404518083,1.2037918095841225,4,0.1528537971948799,56.42899606482767,116.60139387455509,0.5558331429383968,0.47640501102148297,0.8482985496520996,2,False,,0.5539938807487488,0.0,0.1504310518503189,1.423588514328003,0,81.93172454833984,0.8481720089912415,1019.2450635770045,,incomplete,21.850778579711914,26.094388961791992,9000,0.0,,COMPLETE
458,1550.2394940044032,2026-07-01 13:39:41.705671,2026-07-01 13:39:42.941982,0 days 00:00:01.236311,0.8034721615413993,4.655717511441024,0.005394684178198432,4.057737717727113,2.9864464064203973,0.02681423105963286,8,0.470416325763029,1.3705300892696863,7,0.05509385551563513,54.247045530467645,113.90684053808263,0.6522921896272846,0.02511612559713227,0.8576839566230774,0,True,,0.3288593590259552,0.0,0.1724199652671814,1.8964838981628418,1,6.267491817474365,0.06488220393657684,1550.2394940044032,,crashed,21.66297149658203,26.014089584350586,597,0.0,,COMPLETE
459,1070.1962156214433,2026-07-01 13:39:42.956140,2026-07-01 13:39:57.872647,0 days 00:00:14.916507,0.7736253399589457,4.861598113831524,0.05994050743633106,3.5192212490914456,1.3924056018876776,0.035177579252350766,9,0.44005685595755123,1.1055525916851612,4,0.16801146262022085,57.086605174037956,77.22893322649469,0.5909961181502394,0.2914066578945715,0.6869778037071228,1,False,,0.5261195302009583,0.0,0.13775770366191864,1.1766067743301392,0,64.70524597167969,0.6698403358459473,1070.1962156214433,,incomplete,27.79115867614746,30.960365295410156,9000,0.0,,COMPLETE
460,341.14412287195756,2026-07-01 13:39:57.885985,2026-07-01 13:40:12.608595,0 days 00:00:14.722610,0.5828383707428864,4.526324582831833,0.195354357228947,4.238639093210433,3.2391647947859172,0.04141172223559395,9,0.4665699679913799,1.2822054598106998,6,0.14500742802056957,53.57859362535081,113.84917714238787,0.5275411767229068,0.8842372294886945,1.0108771324157715,2,False,,0.594727098941803,89.0199966430664,0.1920275092124939,1.9190304279327393,0,96.48400115966797,0.998784065246582,341.14412287195756,,finished,26.03631591796875,21.81239128112793,8934,0.0,,COMPLETE
461,1031.2333833648092,2026-07-01 13:40:12.623622,2026-07-01 13:40:27.458302,0 days 00:00:14.834680,0.5514368862458072,4.79696730915329,0.23463058025837766,3.9208511617207953,2.411291802805753,0.04058027602564133,7,0.4853374205268528,1.237649995984319,6,0.1862602056777057,53.34560021544694,117.48890174711957,0.5334170972111443,1.1255152232271048,0.7952354550361633,2,False,,0.5689306855201721,0.0,0.1581559032201767,1.4705077409744263,0,76.82592010498047,0.7953158020973206,1031.2333833648092,,incomplete,26.582725524902344,25.274072647094727,9000,0.0,,COMPLETE
462,1000000000.0,2026-07-01 13:40:27.471223,2026-07-01 13:40:27.682778,0 days 00:00:00.211555,0.5812836404602847,4.570755205795686,0.30685837042272224,4.185316089437776,3.1245524370398243,0.04066443270346923,9,0.4661807202275763,3.394862790829338,11,0.1423923363956242,56.755562283253305,116.71318359325203,0.488075156065021,1.4025744940516387,0.0,0,False,algo.apex.min_lookahead_m (3.394863) must be <= algo.apex.max_lookahead_m (3.1245525),0.0,0.0,0.0,0.0,0,0.0,0.0,1000000000.0,,invalid,0.0,0.0,0,0.0,,COMPLETE
463,1134.7215923346903,2026-07-01 13:40:27.695154,2026-07-01 13:40:40.134623,0 days 00:00:12.439469,0.600711461534636,5.051644063323111,0.19595020857654474,3.337850087176108,2.788172157589508,0.037956541804605524,9,0.5072399203349349,1.152688145307047,9,0.1680205992425769,52.142283318355254,114.82431415131418,0.5129388718860061,0.9898707078626275,0.8952087759971619,2,True,,0.5682094693183899,0.0,0.1722136288881302,1.8779652118682861,1,73.1504135131836,0.7572662234306335,1134.7215923346903,,crashed,25.94744300842285,23.21294593811035,7656,0.0,,COMPLETE
464,1472.295847279319,2026-07-01 13:40:40.147685,2026-07-01 13:40:43.789413,0 days 00:00:03.641728,0.5761242110332021,4.913229466075802,0.16643674314028795,3.74213548258006,3.3171701188457043,0.04523566725857233,8,0.4820904127190701,0.9714255508759364,4,0.15166505485856746,54.33928710771464,118.60602899385597,0.5175395661662286,0.8177419106345524,0.7978793978691101,0,True,,0.4736694395542145,0.0,0.20000328123569489,1.9190804958343506,1,14.38296890258789,0.14889508485794067,1472.295847279319,,crashed,40.261871337890625,25.779848098754883,1755,0.0,,COMPLETE
465,1000.1146172202292,2026-07-01 13:40:43.802587,2026-07-01 13:40:57.779232,0 days 00:00:13.976645,0.5636359857539184,4.551966611352903,0.24411884572514453,4.0859741983827575,2.4870591404772964,0.035489706083085694,9,0.45582504379120603,1.3048732645756749,5,0.1364171978778141,49.42045768021253,113.45590246761988,0.5402700320043905,1.1112208349428683,0.9981254935264587,2,False,,0.5740364193916321,0.0,0.17342287302017212,1.8406310081481934,0,96.44293212890625,0.9983946681022644,1000.1146172202292,,incomplete,23.554738998413086,21.62276268005371,9000,0.0,,COMPLETE
466,1483.840501293739,2026-07-01 13:40:57.792322,2026-07-01 13:41:01.268993,0 days 00:00:03.476671,0.7443654173222396,4.750523110494519,0.12237393303206673,4.45751756781921,1.9319909019414394,0.031828673090040574,10,0.4689552906071653,1.386142362583789,7,0.18189449769253088,48.625705909402726,101.28335517486093,0.5706638685164402,0.5813401969909415,0.7290671467781067,0,True,,0.49700483679771423,0.0,0.16585247218608856,1.5633193254470825,1,13.480488777160645,0.13955245912075043,1483.840501293739,,crashed,27.457494735717773,26.8775577545166,1791,0.0,,COMPLETE
467,1480.042501321772,2026-07-01 13:41:01.280874,2026-07-01 13:41:05.646270,0 days 00:00:04.365396,0.6048320893973933,4.989481129765901,0.165116940859906,4.3218564945809215,2.756688564565531,0.03783599904479428,10,0.44892512829935627,1.0565427719183602,12,0.15733592832722854,54.915950983659215,74.39180604638325,0.6747465380116358,0.8238478606251732,0.61493319272995,0,True,,0.5934346914291382,0.0,0.2760266065597534,1.5785554647445679,1,14.542102813720703,0.1505424827337265,1480.042501321772,,crashed,25.09493064880371,24.881601333618164,2335,0.0,,COMPLETE
468,13.369702368398904,2026-07-01 13:41:05.658785,2026-07-01 13:41:17.407136,0 days 00:00:11.748351,0.6468109183846188,4.519105510983181,0.10301494771999395,3.9904172897916026,3.3642749196594717,0.029691436680092765,9,0.4975009855549888,1.2564058788235553,8,0.04508244964467079,52.40111770406712,79.57077648012151,0.5536790706995235,0.4655354179550689,1.121820092201233,3,False,,0.5761047005653381,81.81999969482422,0.1702456921339035,1.9015374183654785,0,96.60443115234375,1.0,13.369702368398904,,finished,26.819747924804688,26.17304801940918,8135,0.0,,COMPLETE
469,1514.1878520662074,2026-07-01 13:41:17.419365,2026-07-01 13:41:18.969543,0 days 00:00:01.550178,0.7889405149170188,4.4657516230564855,0.22698012678422375,3.6111108211505814,3.462497318455806,0.030582313117882332,9,0.49954387476175066,1.2819162943231832,8,0.2088754810299412,50.45251658410916,107.43872875768606,0.5533467018311681,1.013636869588214,1.0328121185302734,0,True,,0.32798174023628235,0.0,0.15113843977451324,1.9020264148712158,1,8.681400299072266,0.08987142890691757,1514.1878520662074,,crashed,19.478422164916992,25.789968490600586,777,0.0,,COMPLETE
470,1217.859931812289,2026-07-01 13:41:18.983109,2026-07-01 13:41:27.323373,0 days 00:00:08.340264,0.6356041461495708,4.2617848476154805,0.3079601572027642,3.086739454491762,3.222161924719317,0.027342446755684962,9,0.42914600122771657,1.4080567464075728,10,0.04016309632576185,52.64311865657559,81.01704437803471,0.7000352138304906,1.312459931636022,1.058942198753357,1,True,,0.5362233519554138,0.0,0.19914953410625458,1.9118940830230713,1,54.18742370605469,0.5609579682350159,1217.859931812289,,crashed,30.61482048034668,23.69991111755371,5059,0.0,,COMPLETE
471,1535.9702897084326,2026-07-01 13:41:27.337503,2026-07-01 13:41:28.408734,0 days 00:00:01.071231,0.628734507037026,4.6829914179304515,0.17608414965323094,3.7823540348423133,2.9805012383298473,0.03492743199500662,9,0.8147997661025648,1.229998159397082,6,0.14037494687960697,51.3837373692947,111.97089662961007,0.4174443635777376,0.8246005616596618,1.2405271530151367,0,True,,0.21993978321552277,0.0,0.07170423865318298,1.9136251211166382,1,6.396953582763672,0.0662224143743515,1535.9702897084326,,crashed,29.22650718688965,23.31923484802246,547,0.0,,COMPLETE
472,1630.641978134597,2026-07-01 13:41:28.421936,2026-07-01 13:41:28.810936,0 days 00:00:00.389000,0.8146822996249476,4.448106150720731,0.11683895240252738,3.9041648386746832,8.343812741456826,0.04167787910535735,8,0.47456766695639613,1.3442314408856635,9,0.028549449194575978,53.496445718993,79.17802246749574,0.6366162695342621,0.5197120628254488,0.2707500457763672,0,True,,0.4147912263870239,0.0,0.26229432225227356,0.5144208669662476,1,0.5639368891716003,0.0058379764668643475,1630.641978134597,,crashed,16.750690460205078,24.814163208007812,264,0.0,,COMPLETE
473,758.4339952087407,2026-07-01 13:41:28.824063,2026-07-01 13:41:39.306923,0 days 00:00:10.482860,0.5460988088546082,4.460486197317734,0.10327044892015688,4.1942231356844335,3.812980444667849,0.029506732188316,9,0.4502367668798419,1.417603770280657,14,0.0514972648354031,54.71420406390935,102.88124323200418,0.5736910519605986,0.4606364119991659,1.1446508169174194,2,True,,0.5807727575302124,77.97000122070312,0.18977327644824982,1.9004102945327759,1,80.36701965332031,0.8319187164306641,758.4339952087407,,crashed,23.874605178833008,25.512283325195312,6473,0.0,,COMPLETE
474,1099.622083057811,2026-07-01 13:41:39.321128,2026-07-01 13:41:52.555082,0 days 00:00:13.233954,0.6225473011891814,4.722088417278947,0.20294912714103344,3.387448506369021,3.422142838600549,0.026359766931186582,9,0.4911624004722257,1.2805101042475107,7,0.024110326220969258,50.11474091375903,109.7493329076831,0.5905658372812523,0.9583437225695464,0.7022724747657776,1,False,,0.4138863980770111,0.0,0.16156037151813507,1.8906681537628174,0,56.8366584777832,0.5883833765983582,1099.622083057811,,incomplete,43.44620132446289,24.928497314453125,9000,0.0,,COMPLETE
475,1080.8818444328283,2026-07-01 13:41:52.567663,2026-07-01 13:42:06.042096,0 days 00:00:13.474433,0.5882740572373006,4.25360364558478,0.11014722197121746,4.091798676365001,2.3224111117398327,0.031894703081725456,9,0.5632778594024572,1.1560294289925226,12,0.01780946478166849,55.61650397136808,113.72200070622726,0.6685669410460742,0.4685226249278066,0.7464263439178467,1,False,,0.413297176361084,0.0,0.13533592224121094,1.8912162780761719,0,60.96196365356445,0.6310892701148987,1080.8818444328283,,incomplete,37.60956954956055,24.500991821289062,9000,0.0,,COMPLETE
476,1157.431625417261,2026-07-01 13:42:06.056255,2026-07-01 13:42:18.534251,0 days 00:00:12.477996,0.5798078132232091,4.5154446286804095,0.35199270051131687,4.411777713717532,2.877355504836806,1.3685161484315451,13,0.5216224828625451,1.4305066088452598,4,0.15679973793246044,48.23191364434232,83.6950642469743,0.5276611220762919,1.5894035488585379,0.938704788684845,0,True,,0.5563653707504272,0.0,0.17740921676158905,1.8720989227294922,1,65.11168670654297,0.6740478873252869,1157.431625417261,,crashed,25.676450729370117,22.093650817871094,6512,0.0,,COMPLETE
477,1622.247637848861,2026-07-01 13:42:18.554779,2026-07-01 13:42:18.861163,0 days 00:00:00.306384,0.7679016234452906,4.802397197360427,2.471479598749786,3.9210517698003087,3.9170603606662215,0.02369724113796669,8,0.4292574307694995,1.3245959885249883,9,0.12763499694009406,61.608311083988816,105.8650598279919,0.6323826422003578,11.869026698369446,0.4438832998275757,0,True,,0.326637864112854,0.0,0.18685008585453033,0.9288259148597717,1,0.5384146571159363,0.005573765840381384,1622.247637848861,,crashed,0.16358573734760284,24.022241592407227,153,0.0,,COMPLETE
