number,value,datetime_start,datetime_complete,duration,params_algo.apex.apex_lookahead_weight,params_algo.apex.apex_switch_hysteresis_factor,params_algo.apex.apex_switch_threshold_rad,params_algo.apex.lookahead_sensitivity,params_algo.apex.max_lookahead_m,params_algo.apex.max_opposite_dist_error_m,params_algo.apex.median_window,params_algo.apex.min_forward_m,params_algo.apex.min_lookahead_m,params_algo.apex.min_points,params_algo.apex.min_range_jump_m,params_algo.apex.side_lookahead_center_deg,params_algo.apex.side_lookahead_fov_deg,params_algo.apex.wall_clearance_m,user_attrs_apex_stability_product,user_attrs_avg_speed_ms,user_attrs_completed_laps,user_attrs_crashed,user_attrs_error,user_attrs_heading_rms_rad,user_attrs_lap_time_s,user_attrs_lateral_rms_m,user_attrs_max_speed_ms,user_attrs_off_track_count,user_attrs_progress_m,user_attrs_progress_ratio,user_attrs_score,user_attrs_seeded_baseline,user_attrs_status,user_attrs_steering_rate_rms,user_attrs_throttle_rate_rms,user_attrs_ticks,user_attrs_unavailable_fraction,system_attrs_fixed_params,state
71,1510.5642399484016,2026-07-01 13:01:40.203493,2026-07-01 13:01:42.721803,0 days 00:00:02.518310,0.7663576740852897,4.983791089017247,0.10160295986888565,4.11455522008594,1.1188187012113504,0.0731045668333248,7,0.5513407043293007,0.7125090249183865,21,0.07258787626752346,95.22172704669467,74.88155458788577,0.3597720277129691,0.5063679260123293,0.706977903842926,0,True,,0.4485844373703003,0.0,0.10335326194763184,1.1055752038955688,1,10.692166328430176,0.11068723350763321,1510.5642399484016,,crashed,25.678258895874023,27.446409225463867,1576,0.0,,COMPLETE
72,11.480666443647593,2026-07-01 13:01:42.734130,2026-07-01 13:01:54.077761,0 days 00:00:11.343631,0.780932039874417,4.981510714216174,0.08951998783113335,4.294804254347066,2.545251637810951,0.07159098702201586,9,0.5624410307586887,1.1795865825940774,4,0.07787874216682687,95.67857574859174,74.60650563097083,0.35563818864903657,0.44594477851729236,1.1238031387329102,3,False,,0.5664577484130859,79.72000122070312,0.1594325453042984,1.8863576650619507,0,96.60172271728516,1.0,11.480666443647593,,finished,23.76826286315918,24.894775390625,8104,0.0,,COMPLETE
73,1000000000.0,2026-07-01 13:01:54.094618,2026-07-01 13:01:54.232458,0 days 00:00:00.137840,0.7762330695177946,5.066841527815776,0.11031405366898961,4.192035099972701,1.187409422696846,0.09225953405531273,9,0.5379217856218218,1.2201111120554993,4,0.14196620163645107,95.06426331377442,75.75541207501998,0.34864669597486775,0.5589438282317348,0.0,0,False,algo.apex.min_lookahead_m (1.2201111) must be <= algo.apex.max_lookahead_m (1.1874094),0.0,0.0,0.0,0.0,0,0.0,0.0,1000000000.0,,invalid,0.0,0.0,0,0.0,,COMPLETE
74,1456.587723547734,2026-07-01 13:01:54.244985,2026-07-01 13:01:57.685487,0 days 00:00:03.440502,0.732839793918879,4.558985292283149,0.051605962826717304,4.9189119990728205,3.082220018053126,0.07349821188346727,10,0.6146692842548961,0.9033989651373185,8,0.07011093019138545,87.8371532897972,87.46099711344729,0.43271162917826,0.23527082552111508,0.8427584767341614,0,True,,0.6673898100852966,0.0,0.2390507459640503,1.890912652015686,1,15.925613403320312,0.16486482322216034,1456.587723547734,,crashed,41.516666412353516,28.10355567932129,1935,0.0,,COMPLETE
75,1013.8557502257217,2026-07-01 13:01:57.699926,2026-07-01 13:02:10.686325,0 days 00:00:12.986399,0.7245637806701124,4.674774679198859,0.0035442852977003864,4.857210800831114,2.986862873112316,0.07605168758655945,10,0.7186214447043143,0.9401113617922638,7,0.10976420204867483,85.58356767877802,88.21946301323925,0.43134045136073085,0.016568735165546557,0.9141209125518799,2,False,,0.6006154417991638,0.0,0.1576327532529831,1.8389692306518555,0,83.40826416015625,0.8634573817253113,1013.8557502257217,,incomplete,40.7344856262207,32.00132751464844,9000,0.0,,COMPLETE
76,1537.7302360547155,2026-07-01 13:02:10.697054,2026-07-01 13:02:11.831543,0 days 00:00:01.134489,0.725701003214029,4.570690970765341,0.021702567083674906,4.871840142169539,3.097952452456575,0.14811912078089098,10,0.7253387677177847,1.5826758909053655,7,0.20357987853541545,87.39835603412617,86.54489675464063,0.43858209508361595,0.099195727411782,0.9648010730743408,0,True,,0.17883747816085815,0.0,0.06932373344898224,1.3804048299789429,1,6.396953582763672,0.0662224143743515,1537.7302360547155,,crashed,31.015851974487305,27.630165100097656,705,0.0,,COMPLETE
77,1360.436514551618,2026-07-01 13:02:11.842623,2026-07-01 13:02:15.212275,0 days 00:00:03.369652,0.8607549642988351,5.316347290994617,0.2502034822618319,5.438636652873441,2.3169481793219204,0.11506394335788707,11,0.625927413953357,1.3992123619573085,11,0.10741298570025211,80.22813759868541,83.70251246793805,0.5817807718155596,1.3301686051201098,1.1554956436157227,0,True,,0.4326625168323517,0.0,0.13346554338932037,1.8180657625198364,1,28.651750564575195,0.2966080904006958,1360.436514551618,,crashed,21.34625244140625,22.264175415039062,2421,0.0,,COMPLETE
78,514.3478969493873,2026-07-01 13:02:15.224458,2026-07-01 13:02:23.259547,0 days 00:00:08.035089,0.7345675080646105,5.4947164496911665,0.26210904765480436,5.462663192985957,2.611814860811658,0.12324509799297136,11,0.6102640008383244,1.2972605178540075,12,0.09370072003942116,82.15672605266415,84.12250767302307,0.5698248494276342,1.4402148957617393,1.1452897787094116,0,True,,0.4720691442489624,84.45999908447266,0.14399047195911407,1.8916510343551636,1,66.9991226196289,0.6934967637062073,514.3478969493873,,crashed,23.156190872192383,22.476486206054688,5828,0.0,,COMPLETE
79,1351.7324893378511,2026-07-01 13:02:23.270451,2026-07-01 13:02:26.856258,0 days 00:00:03.585807,0.7347017554756506,5.52368786707531,0.22584934889120417,5.610015542621719,2.6434480116658747,0.1738740837389244,11,0.6045310738207432,1.4059976205253741,10,0.08968062012305596,81.32913710936852,83.99344295259925,0.5836050186883445,1.2475213082572032,1.197522759437561,0,True,,0.4424147307872772,0.0,0.14643517136573792,1.9071228504180908,1,29.86603355407715,0.30917856097221375,1351.7324893378511,,crashed,22.638967514038086,22.042686462402344,2390,0.0,,COMPLETE
80,1514.563151807375,2026-07-01 13:02:26.867165,2026-07-01 13:02:28.178917,0 days 00:00:01.311752,0.7348442770930728,5.461121833844406,0.24570209907236584,5.413995748546752,2.3335447915953984,0.1926654618615658,11,0.6184667029990779,1.3487215141351638,14,0.10815834695161,80.17579137639754,85.2689590523286,0.5995946856048378,1.3418090978654986,1.1405034065246582,0,True,,0.288875937461853,0.0,0.13250768184661865,1.8364126682281494,1,8.639366149902344,0.08943627029657364,1514.563151807375,,crashed,26.685304641723633,24.32505226135254,731,0.0,,COMPLETE
81,1000000000.0,2026-07-01 13:02:28.190311,2026-07-01 13:02:28.324830,0 days 00:00:00.134519,0.8128384025615267,5.427564594218679,0.16694646298535118,5.523473764924725,1.6438906932712694,0.1198226085798262,12,0.584906906641505,2.0353142493726786,11,0.09604384594543351,82.54858738851223,93.46660785656105,0.6844259962266307,0.9061127116293313,0.0,0,False,algo.apex.min_lookahead_m (2.0353143) must be <= algo.apex.max_lookahead_m (1.6438907),0.0,0.0,0.0,0.0,0,0.0,0.0,1000000000.0,,invalid,0.0,0.0,0,0.0,,COMPLETE
82,343.4476378596783,2026-07-01 13:02:28.335534,2026-07-01 13:02:40.368900,0 days 00:00:12.033366,0.6644902090870274,5.231162972675384,0.009084322436677866,4.690317535392826,3.1500944434673697,0.1469732311905652,11,0.5081597697887853,1.1737509802352,7,0.14187820216961475,88.78428559493783,78.28315147499747,0.5608943871593342,0.04752157116259348,1.0296987295150757,2,False,,0.5951849222183228,84.20999908447266,0.1755569726228714,1.890891194343567,0,96.56433868408203,0.9995977282524109,343.4476378596783,,finished,28.774194717407227,29.413259506225586,8614,0.0,,COMPLETE
83,9.608765098767856,2026-07-01 13:02:40.381445,2026-07-01 13:02:53.792896,0 days 00:00:13.411451,0.5981569441190995,5.265017252321178,0.1037207809734018,3.3804883156861525,2.5850728625232042,0.16899969791593966,11,0.5076135319059866,1.6585379674570488,9,0.15471956044158047,88.88933832960959,78.73475083968616,0.5730609337534618,0.5460917012491866,1.0457981824874878,3,False,,0.5928213000297546,83.16000366210938,0.19494716823101044,1.7763499021530151,0,96.60869598388672,1.0,9.608765098767856,,finished,20.736183166503906,22.115522384643555,8408,0.0,,COMPLETE
84,9.472880666345548,2026-07-01 13:02:53.812757,2026-07-01 13:03:10.856443,0 days 00:00:17.043686,0.6017843029973267,5.898006559877152,0.1391631931632575,3.302578135295454,2.4120241402304483,0.23481979314684728,11,0.5087744772052568,1.6753121086899692,10,0.15763875123704157,90.30263048560286,77.59116108574699,0.5793827518626654,0.8207854261703441,0.99468994140625,3,False,,0.5898696780204773,86.91999816894531,0.1912357658147812,1.782217264175415,0,96.60311126708984,1.0,9.472880666345548,,finished,20.30446434020996,21.687469482421875,8856,0.0,,COMPLETE
85,1356.2742393528017,2026-07-01 13:03:10.878499,2026-07-01 13:03:19.475195,0 days 00:00:08.596696,0.5754263411370122,6.10995300066349,0.006113469209078265,3.2913692732697823,2.607208335972673,0.33299329532217425,12,0.5184518581817836,1.8079578313757732,10,0.27697562149165544,90.42200845468554,78.64835213732869,0.5750471313840796,0.03735300953847159,0.7909846305847168,0,True,,0.4679313898086548,0.0,0.19476592540740967,1.4382137060165405,1,30.588584899902344,0.31665852665901184,1356.2742393528017,,crashed,27.1025333404541,31.37061309814453,3627,0.0,,COMPLETE
86,1508.7824995684812,2026-07-01 13:03:19.493576,2026-07-01 13:03:21.904651,0 days 00:00:02.411075,0.4742917685415288,6.12507175938204,0.14767049874126326,2.012039393770671,2.65570100515857,0.5165558198369964,12,0.5115576514345149,2.2935964221771843,7,0.21522996530112704,92.59682513575493,71.77358953230072,0.5699553044045202,0.9044924015339727,1.0891536474227905,0,True,,0.3054019808769226,0.0,0.11926376819610596,1.6255697011947632,1,9.291939735412598,0.09619184583425522,1508.7824995684812,,crashed,13.221644401550293,22.16951560974121,820,0.0,,COMPLETE
87,1000000000.0,2026-07-01 13:03:21.924009,2026-07-01 13:03:22.114066,0 days 00:00:00.190057,0.5942258854017737,6.520789607383704,0.001933927649585221,3.1419739398584894,1.5639192566679476,0.35525874101317745,11,0.6951086241019696,1.7343466006309367,15,0.28208103784300337,88.88461523258698,77.70262109455734,0.6396553598230342,0.012610735318847302,0.0,0,False,algo.apex.min_lookahead_m (1.7343466) must be <= algo.apex.max_lookahead_m (1.5639193),0.0,0.0,0.0,0.0,0,0.0,0.0,1000000000.0,,invalid,0.0,0.0,0,0.0,,COMPLETE
88,1530.0024789475992,2026-07-01 13:03:22.134128,2026-07-01 13:03:24.640531,0 days 00:00:02.506403,0.5241122621080232,5.749531278657769,0.3636356101411703,3.441491167873897,3.609284178856198,0.23939273125483707,12,0.4517950313176469,1.5978895365382617,4,0.38310096090660717,85.49269528619607,79.13907814458432,0.5201440142704321,2.0907343145404607,0.851640522480011,0,True,,0.30880680680274963,0.0,0.14442604780197144,1.2406988143920898,1,7.792491912841797,0.08066928386688232,1530.0024789475992,,crashed,16.188386917114258,25.60296630859375,862,0.0,,COMPLETE
89,1339.7630320479495,2026-07-01 13:03:24.660197,2026-07-01 13:03:32.332039,0 days 00:00:07.671842,0.6534613552838012,5.218281845641065,0.2728950624609563,2.5088753733796225,2.6239048015769177,0.22328259427931024,9,0.5136608874400528,1.8721768400355567,9,0.15672440803045468,90.43617930166847,71.4283678218023,0.6651826620505217,1.4240433502050927,1.1339777708053589,0,True,,0.4363539516925812,0.0,0.1433340609073639,1.878358006477356,1,32.2795295715332,0.3341635465621948,1339.7630320479495,,crashed,19.242101669311523,20.799598693847656,2915,0.0,,COMPLETE
90,1204.000951959619,2026-07-01 13:03:32.350981,2026-07-01 13:03:46.721562,0 days 00:00:14.370581,0.6525169697878203,5.189818309226942,0.26839926573607203,2.605801096174778,1.7008328368761183,0.17267786279127978,9,0.5855485601314601,1.1791417659187626,20,0.1728554699161649,96.92761148312336,71.99341900268284,0.6768369211984253,1.392943423500134,0.7261591553688049,1,True,,0.52909916639328,0.0,0.14942915737628937,1.3292959928512573,1,50.60333251953125,0.5238548517227173,1204.000951959619,,crashed,23.623123168945312,28.456436157226562,6538,0.0,,COMPLETE
91,1516.9850565532145,2026-07-01 13:03:46.737287,2026-07-01 13:03:49.167583,0 days 00:00:02.430296,0.6516826196482084,5.245044441847797,0.3168553378133786,2.528995007659122,1.807317444239493,0.16991132534670167,9,0.5735404551427117,1.188760544947067,20,0.14983498494197506,98.02063888995093,70.87947696718967,0.7710530362343433,1.6619203284678674,0.8554752469062805,0,True,,0.3097410500049591,0.0,0.12146281450986862,1.2465916872024536,1,9.150531768798828,0.09472795575857162,1516.9850565532145,,crashed,20.261438369750977,25.539247512817383,986,0.0,,COMPLETE
92,1536.876139289846,2026-07-01 13:03:49.182646,2026-07-01 13:03:50.299817,0 days 00:00:01.117171,0.6214360751506807,5.6357320961355635,0.1333623160801517,1.7953725419982693,3.848639570173388,0.20287919524905387,10,0.5932608408353229,1.6336158857109424,15,0.16824055009298486,82.35562195615027,88.73723045456194,0.6846609606341583,0.751594285147887,1.3767913579940796,0,True,,0.18551461398601532,0.0,0.06243900582194328,1.9012036323547363,1,6.303293228149414,0.06525283306837082,1536.876139289846,,crashed,9.499312400817871,21.430679321289062,471,0.0,,COMPLETE
93,1536.9993229091813,2026-07-01 13:03:50.314276,2026-07-01 13:03:51.664355,0 days 00:00:01.350079,0.621704761599785,5.189006566115828,0.27908325183967014,0.8206633653119912,2.4336546352101234,0.22774749637552189,11,0.7929901356610032,1.945741181032976,26,0.18919942269013412,97.44660428668737,81.01599279528413,0.6658332761860171,1.4481648262890057,1.1296380758285522,0,True,,0.199104905128479,0.0,0.07140371203422546,1.662230372428894,1,6.290564060211182,0.06512105464935303,1536.9993229091813,,crashed,28.528221130371094,24.323362350463867,591,0.0,,COMPLETE
94,1355.9288561525696,2026-07-01 13:03:51.681215,2026-07-01 13:03:57.202514,0 days 00:00:05.521299,0.6632687690196709,4.349137837549046,0.38180900157945985,3.6840413379163115,3.299641405391644,0.13347775130549372,9,0.486761943534625,1.4973954519186372,9,0.1312312686619493,92.70735175269925,69.7881389714822,0.6230484529318494,1.6605399754860524,1.1336230039596558,0,True,,0.4130452871322632,0.0,0.15399397909641266,1.899938702583313,1,29.435104370117188,0.3047175109386444,1355.9288561525696,,crashed,20.828779220581055,21.342687606811523,2805,0.0,,COMPLETE
95,1000000000.0,2026-07-01 13:03:57.215955,2026-07-01 13:03:57.372959,0 days 00:00:00.157004,0.7130427652664447,3.9509362869260083,0.21410537169815852,4.60347713858214,1.5649796935493934,0.16941726015435396,10,0.44186297521599927,2.246243754737808,13,0.16455568426214762,89.80909697116617,95.41272796242092,0.7508349069476322,0.8459166822680353,0.0,0,False,algo.apex.min_lookahead_m (2.2462437) must be <= algo.apex.max_lookahead_m (1.5649797),0.0,0.0,0.0,0.0,0,0.0,0.0,1000000000.0,,invalid,0.0,0.0,0,0.0,,COMPLETE
96,1535.9702897084326,2026-07-01 13:03:57.386467,2026-07-01 13:03:58.510122,0 days 00:00:01.123655,0.590520077249122,4.795104083656465,0.09363645824182051,2.2629635756972974,1.9766394011477302,0.2787454291631079,8,0.6428487357862132,1.8545708085940622,17,0.1473014880331896,76.51412337128691,83.2634914047314,0.656222208284879,0.4489965632944816,1.2459145784378052,0,True,,0.14236629009246826,0.0,0.05941169336438179,1.7538403272628784,1,6.396953582763672,0.0662224143743515,1535.9702897084326,,crashed,21.589759826660156,22.14164161682129,536,0.0,,COMPLETE
97,1069.2517760946769,2026-07-01 13:03:58.523555,2026-07-01 13:04:13.645193,0 days 00:00:15.121638,0.5326274254075771,5.964141670627934,0.24207196333663633,2.7746453701113367,2.7855357600739907,0.14847519595135972,11,0.5329981840505574,1.0995014627534947,6,0.2572890765669633,83.80368052196604,73.52002099213826,0.5363400361047129,1.4437514838267502,0.6714191436767578,1,False,,0.6026801466941833,0.0,0.18249164521694183,1.291961669921875,0,65.23021697998047,0.6752749085426331,1069.2517760946769,,incomplete,31.759368896484375,30.32744026184082,9000,0.0,,COMPLETE
98,1528.2300577219637,2026-07-01 13:04:13.657383,2026-07-01 13:04:14.746482,0 days 00:00:01.089099,0.5356497884550873,6.034797288750079,0.1394790341891022,2.7036765341623417,4.0287145955513495,0.1524994563297828,9,0.5267074049706405,1.1093262834518598,7,0.18902123072868696,84.99827225865096,76.53317169812058,0.5367298720244592,0.8417276973618736,1.2651050090789795,0,True,,0.26407065987586975,0.0,0.1151203140616417,1.9132338762283325,1,7.202183246612549,0.07455829530954361,1528.2300577219637,,crashed,12.587791442871094,22.738866806030273,551,0.0,,COMPLETE
99,1534.5505308939173,2026-07-01 13:04:14.758555,2026-07-01 13:04:16.485345,0 days 00:00:01.726790,0.5002208664244656,6.385473357342955,0.37585450113131164,2.9484448490693627,3.407773300353982,0.2559731640885569,10,0.5585894286394908,1.310601685838753,22,0.3188646360044502,91.47173472902756,73.15139469301629,0.49255074220114314,2.4000089032114182,0.8640992641448975,0,True,,0.2332044392824173,0.0,0.1532483696937561,1.4153945446014404,1,7.256101131439209,0.07511646300554276,1534.5505308939173,,crashed,22.947206497192383,23.967519760131836,856,0.0,,COMPLETE
100,1470.30877200958,2026-07-01 13:04:16.498794,2026-07-01 13:04:20.182570,0 days 00:00:03.683776,0.5478181970781578,5.884726492324385,0.2846196740502198,1.4940295933812804,2.894060463640105,0.14643969605211152,11,0.5030106476590546,0.9920072714278514,4,0.2531446178234836,68.04825806741457,67.14094958331705,0.5516013019565988,1.67490893612006,0.7860283851623535,0,True,,0.5264111161231995,0.0,0.2101677656173706,1.5144001245498657,1,14.67651081085205,0.15193389356136322,1470.30877200958,,crashed,31.2126407623291,27.028650283813477,1724,0.0,,COMPLETE
101,1000000000.0,2026-07-01 13:04:20.195048,2026-07-01 13:04:20.336323,0 days 00:00:00.141275,0.6726649239303664,5.634962042119392,0.07006243298799941,4.410602450892081,1.030090412856672,0.1899276300856317,11,0.5964605189753711,1.1979780029339284,13,1.9810448379707082,87.26093767862008,82.27915259668256,0.6027068491579178,0.39479915046591024,0.0,0,False,algo.apex.min_lookahead_m (1.197978) must be <= algo.apex.max_lookahead_m (1.0300905),0.0,0.0,0.0,0.0,0,0.0,0.0,1000000000.0,,invalid,0.0,0.0,0,0.0,,COMPLETE
102,1531.7981767437434,2026-07-01 13:04:20.348382,2026-07-01 13:04:21.389004,0 days 00:00:01.040622,0.7027609101505371,5.141532629666709,0.18741465965296564,3.947405565070028,2.6738008900399786,0.21498568300427034,11,0.6819084958005913,1.4454909480300195,6,0.0922459890664493,83.17383247162003,77.28462341657242,0.5165290619944619,0.9635985878836036,1.2921279668807983,0,True,,0.14332091808319092,0.0,0.0734531506896019,1.8772319555282593,1,6.830801010131836,0.07071368396282196,1531.7981767437434,,crashed,28.010406494140625,24.87623405456543,538,0.0,,COMPLETE
103,1474.7501275715267,2026-07-01 13:04:21.402420,2026-07-01 13:04:24.359435,0 days 00:00:02.957015,0.6369887167360715,4.756759793356976,0.23528436825875454,2.9594965072186747,2.070776395764636,0.10211074149650362,10,0.4615473148813367,1.6996645557976988,9,0.1289537003607166,80.3981186241859,90.16934993150035,0.5925890295997149,1.11919122293864,0.9331386089324951,0,True,,0.47779643535614014,0.0,0.15747986733913422,1.8741135597229004,1,13.36016845703125,0.1383068859577179,1474.7501275715267,,crashed,19.072046279907227,23.51847267150879,1359,0.0,,COMPLETE
104,1531.857841301242,2026-07-01 13:04:24.371894,2026-07-01 13:04:26.966576,0 days 00:00:02.594682,0.4471878113079275,4.948453084211834,0.5182182415402876,3.5319805845093026,1.4796233298636026,0.1697041438889106,12,0.545677407261721,1.3053819522908656,19,0.2086222787908705,96.67036540984425,84.75110777390954,0.7309077144935483,2.564378655644869,0.6244759559631348,0,True,,0.2868954837322235,0.0,0.12122908234596252,0.9006139636039734,1,8.796975135803223,0.09106787294149399,1531.857841301242,,crashed,18.30047607421875,32.62683868408203,1322,0.0,,COMPLETE
105,1525.4666287499801,2026-07-01 13:04:26.978787,2026-07-01 13:04:28.030139,0 days 00:00:01.051352,0.5724765409295356,6.788530384577863,0.3243152800379182,4.67303201951909,4.212814259714163,0.12660339036318394,9,0.4241038499577401,1.5236184530856434,13,0.16251916674070202,78.0305023354302,79.89219413813541,0.5496392893127418,2.201624132720286,1.3108190298080444,0,True,,0.2307874709367752,0.0,0.10889428853988647,1.920507550239563,1,7.490167617797852,0.07753956317901611,1525.4666287499801,,crashed,11.093963623046875,21.880647659301758,531,0.0,,COMPLETE
106,1492.361320380872,2026-07-01 13:04:28.043383,2026-07-01 13:04:30.691768,0 days 00:00:02.648385,0.6051907055394579,5.426681281019718,0.40704854574150867,1.8394639857740296,3.5382911379296385,0.4032134783844077,13,0.49706753554803684,1.0186637003154946,17,0.2557951587740748,73.52363862162545,65.01907078161035,0.612026275791833,2.2089227236417437,0.9563444256782532,0,True,,0.39400652050971985,0.0,0.15687991678714752,1.7851547002792358,1,11.600006103515625,0.12008535861968994,1492.361320380872,,crashed,26.079917907714844,22.69195556640625,1229,0.0,,COMPLETE
107,1433.518246186681,2026-07-01 13:04:30.703983,2026-07-01 13:04:33.601666,0 days 00:00:02.897683,0.6801631488776653,4.46376897802736,0.13994630779940792,2.6442005544229543,2.3867759911296513,0.29773840189583123,8,0.6657702940695579,1.171211073592028,10,0.10544772530620924,93.33254039529699,71.29326365697965,0.7100297325783244,0.6246879873444655,1.1340081691741943,0,True,,0.3649594783782959,0.0,0.1489882618188858,1.8907221555709839,1,19.094228744506836,0.19766688346862793,1433.518246186681,,crashed,27.913970947265625,22.6863956451416,1684,0.0,,COMPLETE
