number,value,datetime_start,datetime_complete,duration,params_algo.apex.apex_lookahead_weight,params_algo.apex.apex_switch_hysteresis_factor,params_algo.apex.apex_switch_threshold_rad,params_algo.apex.lookahead_sensitivity,params_algo.apex.max_lookahead_m,params_algo.apex.max_opposite_dist_error_m,params_algo.apex.median_window,params_algo.apex.min_forward_m,params_algo.apex.min_lookahead_m,params_algo.apex.min_points,params_algo.apex.min_range_jump_m,params_algo.apex.side_lookahead_center_deg,params_algo.apex.side_lookahead_fov_deg,params_algo.apex.wall_clearance_m,user_attrs_apex_stability_product,user_attrs_avg_speed_ms,user_attrs_completed_laps,user_attrs_crashed,user_attrs_error,user_attrs_heading_rms_rad,user_attrs_lap_time_s,user_attrs_lateral_rms_m,user_attrs_max_speed_ms,user_attrs_off_track_count,user_attrs_progress_m,user_attrs_progress_ratio,user_attrs_score,user_attrs_seeded_baseline,user_attrs_status,user_attrs_steering_rate_rms,user_attrs_throttle_rate_rms,user_attrs_ticks,user_attrs_unavailable_fraction,system_attrs_fixed_params,state
256,385.3504886076407,2026-07-01 13:23:09.424200,2026-07-01 13:23:21.838494,0 days 00:00:12.414294,0.9086421977919661,4.252880736301335,0.0097578135824554,4.835170839208281,3.694110710480225,0.028912080945527253,9,0.35327144094445756,1.4512088348801115,47,0.16960465974330421,67.3401910259894,111.7744741861422,0.6040576043326839,0.04149881741324409,1.033102035522461,2,True,,0.5963032841682434,85.19000244140625,0.19672371447086334,1.8960118293762207,1,88.51556396484375,0.9162582755088806,385.3504886076407,,crashed,22.798402786254883,28.35239601135254,7733,0.0,,COMPLETE
257,1522.6211594779206,2026-07-01 13:23:21.851890,2026-07-01 13:23:23.146559,0 days 00:00:01.294669,0.9144181950251602,4.118651109439121,0.03150924344107723,4.846938429907181,4.336052293268077,0.021073876444003572,8,0.33197819309344084,1.5443128823182473,45,0.1688001742324201,67.89600248433591,112.40754354803438,0.5506418887070965,0.12977558045618007,1.2046730518341064,0,True,,0.290237694978714,0.0,0.13094811141490936,1.9223182201385498,1,7.788639068603516,0.08062940090894699,1522.6211594779206,,crashed,21.09601402282715,21.282958984375,607,0.0,,COMPLETE
258,380.21139543698354,2026-07-01 13:23:23.160112,2026-07-01 13:23:36.033595,0 days 00:00:12.873483,0.8617039946494173,3.904293408807077,0.0037337848525046263,4.962088717140641,3.722507949990952,0.024044503314016752,9,0.3807767049912397,1.4611077640730814,49,0.1329312695594079,73.17352680847746,111.25664577755086,0.6019159831551187,0.014577791589537517,1.1507855653762817,2,True,,0.5911463499069214,75.55000305175781,0.1999194473028183,1.9237998723983765,1,90.62503814697266,0.9381300806999207,380.21139543698354,,crashed,22.594350814819336,27.20662498474121,7071,0.0,,COMPLETE
259,1310.4828034056354,2026-07-01 13:23:36.047769,2026-07-01 13:23:41.506649,0 days 00:00:05.458880,0.8649342055060425,4.17974154008758,0.013907095491311583,4.943902590997028,3.861274268001193,0.022871251881971765,9,0.3751717982980389,1.6649820951150116,49,0.13260928238549832,66.88157519353487,111.63094472630735,0.6100500307315792,0.05812806472699972,1.1778053045272827,0,True,,0.5552888512611389,0.0,0.19546139240264893,1.929883360862732,1,35.7636833190918,0.37023210525512695,1310.4828034056354,,crashed,19.88585662841797,26.18265724182129,2672,0.0,,COMPLETE
260,10.771939474566835,2026-07-01 13:23:41.523045,2026-07-01 13:23:54.799284,0 days 00:00:13.276239,0.8794073114324824,3.7898166141580916,0.009421661482298106,5.158217725081862,3.620191054989044,0.01621913501115902,9,0.35724209709298205,1.4640407489484037,54,0.12539505572270798,65.18725576933498,115.100657229504,0.6343826655675605,0.03570636921858671,1.1743229627609253,3,False,,0.5953068733215332,73.5,0.19512124359607697,1.9216642379760742,0,96.60092163085938,1.0,10.771939474566835,,finished,21.78559112548828,26.368738174438477,7392,0.0,,COMPLETE
261,1232.7102854184905,2026-07-01 13:23:54.814003,2026-07-01 13:24:03.175118,0 days 00:00:08.361115,0.906715936745264,4.006377163400964,0.007678697142473129,5.206716032301112,4.969258485014188,0.015236698380309978,9,0.3511538412315828,1.4730252403009108,52,0.11952812473697974,69.48458854752641,119.46171522055116,0.6313265262816256,0.030763756876276586,1.174812912940979,0,True,,0.5567956566810608,0.0,0.18959970772266388,1.9268876314163208,1,57.176753997802734,0.5919041037559509,1232.7102854184905,,crashed,21.118066787719727,27.339256286621094,4308,0.0,,COMPLETE
262,1533.3668049760165,2026-07-01 13:24:03.191609,2026-07-01 13:24:04.374363,0 days 00:00:01.182754,0.878767014509784,4.351446027460413,0.06216967375028038,4.271532424043618,3.6344304089506374,0.012124162979773657,8,0.3635187756828732,1.5685372525258205,48,0.1739023675282972,64.43297701077344,114.92992286133719,0.6378236139916753,0.2705279798691675,1.222702145576477,0,True,,0.25975123047828674,0.0,0.125662162899971,1.9156537055969238,1,6.6705169677734375,0.06905439496040344,1533.3668049760165,,crashed,10.62547779083252,19.259323120117188,538,0.0,,COMPLETE
263,1389.2880702092862,2026-07-01 13:24:04.389057,2026-07-01 13:24:08.986061,0 days 00:00:04.597004,0.8568603280998117,4.20169030711426,0.010611624001658007,4.833159120887524,4.060718140440567,0.019914178720502815,9,0.3965924872754234,1.5012800968655382,45,0.12805686187223594,64.04992182687667,110.99874149081442,0.5701457824517009,0.04458675771050749,1.2788909673690796,0,True,,0.32275161147117615,0.0,0.13031606376171112,1.9147734642028809,1,31.267587661743164,0.32368770241737366,1389.2880702092862,,crashed,17.555017471313477,26.896398544311523,2360,0.0,,COMPLETE
264,1522.2897432547268,2026-07-01 13:24:09.001792,2026-07-01 13:24:10.244374,0 days 00:00:01.242582,0.8606725962331938,3.8609465138607635,0.07341252397332027,5.286558299620281,3.507486589084197,0.016740240882711574,9,0.3462116741586471,1.6369962796962434,43,0.117286909802933,65.92032957179613,115.79150484364075,0.602151471221005,0.28344182850851063,1.282575011253357,0,True,,0.260047972202301,0.0,0.10851480811834335,1.9150750637054443,1,7.82349967956543,0.08099028468132019,1522.2897432547268,,crashed,9.23178768157959,23.841196060180664,563,0.0,,COMPLETE
265,1517.752498454787,2026-07-01 13:24:10.258376,2026-07-01 13:24:11.766330,0 days 00:00:01.507954,0.8908635708334685,3.5662498315357958,0.00045213520638834846,4.348472174766192,4.60920487230308,0.030602198470833307,14,0.3784306274309776,1.765970687262346,57,0.1363794616345847,71.11627608609882,102.59646744999418,0.6488348016409466,0.00161242710361385,1.2156788110733032,0,True,,0.2924666702747345,0.0,0.1198541522026062,1.920401692390442,1,8.303542137145996,0.0859597697854042,1517.752498454787,,crashed,14.173579216003418,24.7244873046875,646,0.0,,COMPLETE
266,1394.5494878653935,2026-07-01 13:24:11.780233,2026-07-01 13:24:16.348120,0 days 00:00:04.567887,0.8391512691557816,3.7480671638295133,0.09053588449219166,4.771199952056113,3.880701034420195,0.02597454800939553,9,0.4278167187336529,1.4488452237030855,51,0.16662158585749487,71.95542150508102,109.06003047646452,0.5348666573911137,0.3393345758134452,1.1880240440368652,0,True,,0.359788179397583,0.0,0.1426658034324646,1.9275031089782715,1,28.956396102905273,0.2997618019580841,1394.5494878653935,,crashed,19.01053810119629,22.467252731323242,2439,0.0,,COMPLETE
267,1520.383840726395,2026-07-01 13:24:16.361501,2026-07-01 13:24:18.359029,0 days 00:00:01.997528,0.9275321190189983,3.9499107468886776,0.07342617409876434,5.844939831526104,3.442291865624498,0.018948816726009322,8,0.4044211737379407,1.4313590881281337,42,0.17943797940538764,68.25195653248656,110.76142248054984,0.6180480856273923,0.29002683417562836,0.8772532939910889,0,True,,0.27185341715812683,0.0,0.11531812697649002,1.2666999101638794,1,8.672965049743652,0.08978408575057983,1520.383840726395,,crashed,13.225773811340332,24.62626838684082,937,0.0,,COMPLETE
268,1404.097868270356,2026-07-01 13:24:18.373650,2026-07-01 13:24:21.801696,0 days 00:00:03.428046,0.8012798883704818,4.595459101797401,0.08479326603815293,5.1358539452903225,4.171085356774691,0.024467064417524113,9,0.36247960700527365,1.6200497428248573,56,0.13965005092172517,73.66191609225875,114.11930761269488,0.5737690683862021,0.38966398618615833,1.1169356107711792,0,True,,0.5647258758544922,0.0,0.20434357225894928,1.9248849153518677,1,21.500205993652344,0.22257401049137115,1404.097868270356,,crashed,19.988431930541992,22.33708381652832,1725,0.0,,COMPLETE
269,1523.2131021263,2026-07-01 13:24:21.814650,2026-07-01 13:24:23.105695,0 days 00:00:01.291045,0.848691121601191,4.27419810072768,0.06465813630624452,5.615606228856894,3.4751527056899905,0.02235419085805214,9,0.4067651909243304,1.55561874259198,39,0.15675799341392677,65.22251693308625,108.01808924831757,0.5973195862312848,0.2763616833967418,1.1536083221435547,0,True,,0.2510657012462616,0.0,0.10719504207372665,1.6897348165512085,1,7.726622104644775,0.07998738437891006,1523.2131021263,,crashed,13.24506664276123,23.605987548828125,625,0.0,,COMPLETE
270,516.367238666366,2026-07-01 13:24:23.119483,2026-07-01 13:24:31.759080,0 days 00:00:08.639597,0.8108168014123757,4.44362100084135,0.0015055888121171196,4.190692990756112,4.665439787293559,0.027636640777820985,9,0.4326486348507125,1.4469926966958242,45,0.11271134949065223,70.01268397243692,100.51625037403389,0.5535093681603306,0.006690266064155415,1.199299693107605,0,True,,0.47347119450569153,75.3499984741211,0.16889840364456177,1.9185324907302856,1,66.89632415771484,0.6925131678581238,516.367238666366,,crashed,19.864534378051758,26.048166275024414,5203,0.0,,COMPLETE
271,1525.4666287499801,2026-07-01 13:24:31.771309,2026-07-01 13:24:32.813367,0 days 00:00:01.042058,0.8779104079150761,4.447797457476532,0.015468412505176096,4.2214747102832595,4.53801087607828,0.0292692157506964,8,0.42980017606281534,1.4739807058763532,49,0.11492522754633783,70.07389646387712,101.84791588223833,0.5514812554751262,0.06880036581172043,1.282474398612976,0,True,,0.22997361421585083,0.0,0.10042858123779297,1.9134507179260254,1,7.490167617797852,0.07753956317901611,1525.4666287499801,,crashed,20.313796997070312,26.72209358215332,540,0.0,,COMPLETE
272,1528.337149438193,2026-07-01 13:24:32.825526,2026-07-01 13:24:33.814315,0 days 00:00:00.988789,0.8168334269283908,4.628020146470526,0.010255092383457717,4.865629497880752,3.860876957269559,0.016496038376727917,9,0.37820535561244073,1.6989435289513646,45,0.12674779123410165,72.36708930279666,113.80124576825165,0.5581812246302482,0.04746077415455876,1.3454188108444214,0,True,,0.19748146831989288,0.0,0.0885227620601654,1.9177135229110718,1,7.1910786628723145,0.07444334030151367,1528.337149438193,,crashed,8.903717994689941,26.067527770996094,510,0.0,,COMPLETE
273,1353.2724352832383,2026-07-01 13:24:33.827683,2026-07-01 13:24:38.242405,0 days 00:00:04.414722,0.9073839144160614,3.326571757307647,0.00231792266468845,5.349396424668067,4.799790912992396,0.027048352742956926,9,0.41697811062644274,1.435054062857626,60,0.10603451248206543,66.52313588681095,104.88185303117608,0.5834821247779313,0.007710736071975882,1.1666609048843384,0,True,,0.5272515416145325,0.0,0.173777237534523,1.9225921630859375,1,33.44869613647461,0.3462669551372528,1353.2724352832383,,crashed,23.271352767944336,27.0673770904541,2551,0.0,,COMPLETE
274,1531.2092158964467,2026-07-01 13:24:38.255173,2026-07-01 13:24:39.279360,0 days 00:00:01.024187,0.8413383454790851,4.3459453458743855,0.1033727214475198,4.132779394277772,5.290798199730459,0.021902872559150445,10,0.3833285314736847,1.8406315798259518,44,0.12636634624422863,69.2217035862282,100.0211608448866,0.5186381033800512,0.44925219766521796,1.2894216775894165,0,True,,0.195630744099617,0.0,0.10390432924032211,1.9220832586288452,1,6.891829967498779,0.07134546339511871,1531.2092158964467,,crashed,18.2954158782959,23.795791625976562,536,0.0,,COMPLETE
275,1530.2747923525574,2026-07-01 13:24:39.291091,2026-07-01 13:24:40.259319,0 days 00:00:00.968228,0.8593566606048979,4.121952606404298,0.0696094203163617,5.033950678515777,4.337980097164599,0.030694781663065256,9,0.31731325199264515,1.5709151333086984,40,0.14029594982817964,74.24861917224918,117.69171962596387,0.5745488850829115,0.28692673150331943,1.330461859703064,0,True,,0.18883538246154785,0.0,0.10426416248083115,1.9193627834320068,1,6.990068435668945,0.07236244529485703,1530.2747923525574,,crashed,11.009754180908203,21.63237190246582,520,0.0,,COMPLETE
276,12.594770072510224,2026-07-01 13:24:40.272349,2026-07-01 13:24:51.951969,0 days 00:00:11.679620,0.8916509103540935,3.887085011042288,0.0014606241514055832,4.474353379059738,3.3594404185463116,0.02066413645565498,9,0.4418624240964144,1.239650116906874,37,0.10943020204837015,72.9739813493014,109.79027851681151,0.6476293989603239,0.005677570245695003,1.132104516029358,3,False,,0.5917195677757263,75.7699966430664,0.17755115032196045,1.9283978939056396,0,96.60697174072266,1.0,12.594770072510224,,finished,24.416549682617188,28.189332962036133,7775,0.0,,COMPLETE
277,1525.4666287499801,2026-07-01 13:24:51.963916,2026-07-01 13:24:52.965964,0 days 00:00:01.002048,0.8975713700330676,3.8964769271810242,0.0025441105807996484,4.269988186536075,3.861628191451877,0.0202818574905971,8,0.43650351424103107,1.971955647113124,47,0.11347492387514602,72.55948622432396,109.02108433299271,0.649977225178361,0.009913068178282945,1.2957273721694946,0,True,,0.2329157441854477,0.0,0.10019329190254211,1.9199235439300537,1,7.490167617797852,0.07753956317901611,1525.4666287499801,,crashed,16.354631423950195,26.4111270904541,535,0.0,,COMPLETE
278,1521.3535624024541,2026-07-01 13:24:52.979370,2026-07-01 13:24:54.240919,0 days 00:00:01.261549,0.9512006217239237,3.5647484041580446,0.00019782002788726327,5.367211313341927,3.312944357838512,0.014713279352614255,10,0.3947269709746249,1.2548714798186325,42,0.09394209896263382,71.10291779909616,104.02153881833098,0.6362526818231189,0.0007051786287216216,1.13386869430542,0,True,,0.2881316840648651,0.0,0.1401747316122055,1.770117163658142,1,7.9220290184021,0.08201027661561966,1521.3535624024541,,crashed,28.780351638793945,29.978002548217773,656,0.0,,COMPLETE
279,1305.8197782018701,2026-07-01 13:24:54.253813,2026-07-01 13:24:58.659125,0 days 00:00:04.405312,0.8794017429263681,4.030041563187433,0.06186571779012436,4.804906731967865,3.6691247768762563,0.02420957773641947,9,0.3462842149266798,1.22526552359086,39,0.11243986484023355,68.20318778401227,110.22825773237936,0.6108936266905247,0.24932141403062538,1.1423466205596924,0,True,,0.5607338547706604,0.0,0.1766941100358963,1.9128632545471191,1,34.98040008544922,0.36212339997291565,1305.8197782018701,,crashed,22.687612533569336,25.246118545532227,2761,0.0,,COMPLETE
280,10.685379199649532,2026-07-01 13:24:58.670841,2026-07-01 13:25:11.919688,0 days 00:00:13.248847,0.8159374465399659,3.3359487014079487,0.08121206811371728,3.9367747395298287,3.311060638000748,0.018127152849367893,15,0.41696109335713655,1.1685943004355857,49,0.1259190365289515,71.36391503542953,107.1211989966888,0.6631070249733132,0.27091929316260904,1.0545696020126343,3,False,,0.600196361541748,84.0999984741211,0.17734062671661377,1.9305307865142822,0,96.60245513916016,1.0,10.685379199649532,,finished,22.4171085357666,23.754823684692383,8347,0.0,,COMPLETE
281,1522.6638813522752,2026-07-01 13:25:11.931792,2026-07-01 13:25:13.057138,0 days 00:00:01.125346,0.8239689539759097,3.7688325495877244,0.08742907070537809,3.7014056913775293,4.2485725336223,0.018997894146898824,8,0.4071485729181411,1.1458600068714022,49,0.09816845672222066,63.21091178601328,107.21015089080971,0.6658749149917457,0.3295055274546355,1.2608494758605957,0,True,,0.26621922850608826,0.0,0.11732836812734604,1.9195305109024048,1,7.784393310546875,0.08058544248342514,1522.6638813522752,,crashed,19.650415420532227,23.649179458618164,579,0.0,,COMPLETE
282,1627.2383993175608,2026-07-01 13:25:13.073200,2026-07-01 13:25:13.362286,0 days 00:00:00.289086,0.8527109818226927,4.500949379516514,1.9264225057928783,4.00377475497284,3.7383835640009284,0.017700629195431222,15,0.42426020720238145,1.7083285347118333,52,0.1264261106657647,70.44843336315488,112.77089274215706,0.6606966550475057,8.670730182135102,0.3353135883808136,0,True,,0.374496191740036,0.0,0.22883737087249756,0.9620511531829834,1,0.5809447169303894,0.006014043930917978,1627.2383993175608,,crashed,0.41091760993003845,21.459800720214844,213,0.0,,COMPLETE
283,1521.5184811075906,2026-07-01 13:25:13.375342,2026-07-01 13:25:14.577771,0 days 00:00:01.202429,0.9358620204716843,3.445637342032813,0.0673113040042644,5.600666231232262,3.277069773762211,0.0227278715613098,10,0.4449381495374005,1.5310629919394037,44,0.08377829614704442,68.38848537024231,105.62385661146024,0.5453589972922733,0.2319303426180162,1.267975926399231,0,True,,0.2505169212818146,0.0,0.11584580689668655,1.9126616716384888,1,7.906527042388916,0.08184979110956192,1521.5184811075906,,crashed,21.00906753540039,25.631439208984375,590,0.0,,COMPLETE
284,430.48785580108284,2026-07-01 13:25:14.593269,2026-07-01 13:25:26.309632,0 days 00:00:11.716363,0.8706422507971415,4.256379935062781,0.09674997924041849,6.049266476362604,4.091457272196222,0.033108876097984255,13,0.41504189258711466,1.254083878520812,46,0.13774469677312803,73.26307749524481,109.9058722465507,0.6003934518777188,0.41180467035665785,1.008709192276001,1,True,,0.5926495790481567,88.33000183105469,0.1778504103422165,1.8991578817367554,1,77.75025177001953,0.8048043251037598,430.48785580108284,,crashed,21.007234573364258,23.277498245239258,7080,0.0,,COMPLETE
285,1525.4666287499801,2026-07-01 13:25:26.323509,2026-07-01 13:25:27.526737,0 days 00:00:01.203228,0.8771775729230289,3.0926647722593645,0.11300874492757904,3.8023016036904176,4.60920844810238,0.03381606432600596,14,0.38792948979929864,1.1955413130157002,47,0.10950714145568476,72.70371486616513,109.67395530264164,0.6011676017469076,0.34949816439476783,1.2281711101531982,0,True,,0.24777810275554657,0.0,0.11720028519630432,1.9081658124923706,1,7.490167617797852,0.07753956317901611,1525.4666287499801,,crashed,21.57866668701172,24.900115966796875,578,0.0,,COMPLETE
286,1509.7491767265,2026-07-01 13:25:27.539585,2026-07-01 13:25:29.129369,0 days 00:00:01.589784,0.8139959461145025,4.0952070462865695,0.002902247381713921,5.112864607479324,4.095355030946823,0.02746431928594684,14,0.4183184056153546,1.2721209778994191,50,0.13247254857390076,71.41638933447108,108.17032116990563,0.5637237175663673,0.011885303927661597,1.1580852270126343,0,True,,0.353051096200943,0.0,0.13935089111328125,1.9174895286560059,1,9.151561737060547,0.09473862498998642,1509.7491767265,,crashed,19.71535301208496,26.267518997192383,735,0.0,,COMPLETE
287,1473.712061811127,2026-07-01 13:25:29.142287,2026-07-01 13:25:31.223921,0 days 00:00:02.081634,0.9206020385614616,4.381498760380047,0.07005077857706939,4.18547603413165,3.9732178385360215,0.03098113382864839,15,0.3641961889848487,1.45060174769314,42,0.11653659914448856,66.06062015216249,116.26358046409997,0.6055541954810179,0.30692739949908665,1.2160273790359497,0,True,,0.34902092814445496,0.0,0.138698548078537,1.9143940210342407,1,13.511866569519043,0.13987727463245392,1473.712061811127,,crashed,16.804332733154297,22.6055965423584,1071,0.0,,COMPLETE
288,1523.2131066899728,2026-07-01 13:25:31.236897,2026-07-01 13:25:32.440931,0 days 00:00:01.204034,0.8560045533159139,4.249724809277534,0.12377090206436549,4.697619912695564,4.459008913068216,0.012735713667078544,14,0.4047441149373257,1.1543601377905925,46,0.1362499083616329,74.73163255309403,111.20547580025037,0.622009618813788,0.525992273169594,1.2426629066467285,0,True,,0.28184303641319275,0.0,0.11963269859552383,1.9261776208877563,1,7.726621627807617,0.07998738437891006,1523.2131066899728,,crashed,15.681477546691895,25.467824935913086,584,0.0,,COMPLETE
289,1000000000.0,2026-07-01 13:25:32.453421,2026-07-01 13:25:32.609714,0 days 00:00:00.156293,0.8948719975390896,4.639075537468287,0.06047812599703624,4.450446041386641,3.614903138065168,0.02158426156202241,15,0.44200143394158875,4.696917465132591,38,0.12452082545636368,74.19373501021745,102.56138781337208,0.5246946181767855,0.28056259486477564,0.0,0,False,algo.apex.min_lookahead_m (4.6969175) must be <= algo.apex.max_lookahead_m (3.6149032),0.0,0.0,0.0,0.0,0,0.0,0.0,1000000000.0,,invalid,0.0,0.0,0,0.0,,COMPLETE
290,1524.3398700018126,2026-07-01 13:25:32.623740,2026-07-01 13:25:33.780889,0 days 00:00:01.157149,0.8318626118374403,3.851129313268731,0.12607737014463813,6.215355553337709,5.097235239818926,0.01000048628204849,13,0.423861537777956,1.6179006405319283,54,0.10374022285568268,69.97331176077115,105.82688640590071,0.5822219575275075,0.48554025590384786,1.2991739511489868,0,True,,0.25211861729621887,0.0,0.10251905769109726,1.9196767807006836,1,7.608394622802734,0.07876347005367279,1524.3398700018126,,crashed,6.993055820465088,22.44384765625,546,0.0,,COMPLETE
291,1633.3693989049953,2026-07-01 13:25:33.794401,2026-07-01 13:25:34.217639,0 days 00:00:00.423238,0.8656804521743305,4.315660965405897,0.05645872114517507,4.941323796430703,3.4773244974502644,0.020076330533260807,10,0.38864499926340507,1.2741615910555262,44,0.010335137923311335,71.7643656216458,113.31281158724562,0.5654866377237787,0.24365669900296857,0.2327509969472885,0,True,,0.469011515378952,0.0,0.2687973082065582,0.4139486849308014,1,0.48353639245033264,0.005005656275898218,1633.3693989049953,,crashed,10.64203929901123,23.298673629760742,280,0.0,,COMPLETE
292,515.3343712893559,2026-07-01 13:25:34.230621,2026-07-01 13:25:44.427023,0 days 00:00:10.196402,0.8893917155851022,3.719498975256255,0.12826192622618895,5.308662739627179,4.128027274291109,0.026857204464936196,9,0.44183300790405045,1.4183939751115062,41,0.1428676865332784,73.17253750132865,108.27662112439853,0.5984484975487063,0.4770701031627032,1.1325502395629883,0,True,,0.4741753041744232,82.9800033569336,0.16479341685771942,1.9230464696884155,1,66.90418243408203,0.6925131678581238,515.3343712893559,,crashed,21.60961151123047,22.581384658813477,5713,0.0,,COMPLETE
